2020-03-21 08:13:00,090 [main] INFO  org.mule.module.launcher.application.DefaultMuleApplication - 
++++++++++++++++++++++++++++++++++++++++++++++++++++++++++++
+ Initializing app 'enricher'                              +
++++++++++++++++++++++++++++++++++++++++++++++++++++++++++++
2020-03-21 08:13:00,692 [main] INFO  org.mule.util.JdkVersionUtils - You're executing with a JDK made by a vendor that is not on the recommended list of vendors. Vendor: AdoptOpenJDK Please consider changing to a recommended JDK vendor.
2020-03-21 08:13:00,710 [main] INFO  org.mule.lifecycle.AbstractLifecycleManager - Initialising RegistryBroker
2020-03-21 08:13:00,927 [main] INFO  org.mule.module.extension.internal.manager.DefaultExtensionManager - Starting discovery of extensions
2020-03-21 08:13:01,262 [main] INFO  org.mule.module.extension.internal.manager.DefaultExtensionManager - Discovered 1 extensions
2020-03-21 08:13:01,262 [main] INFO  org.mule.module.extension.internal.manager.DefaultExtensionManager - Registering extension validation (version 3.9)
2020-03-21 08:13:01,702 [main] INFO  org.mule.config.spring.MuleArtifactContext - Refreshing org.mule.config.spring.MuleArtifactContext@1b0a7baf: startup date [Sat Mar 21 08:13:01 IST 2020]; root of context hierarchy
2020-03-21 08:13:04,910 [main] INFO  org.mule.config.spring.processors.NoDevkitInjectorProcessor - JSR-330 'javax.inject.Inject' annotation found and supported for autowiring
2020-03-21 08:13:07,321 [main] WARN  org.mule.module.ognl.expression.OgnlExpressionEvaluator - OGNL module is deprecated and will be removed in Mule 4.0. Use MEL expressions instead.
2020-03-21 08:13:07,980 [main] INFO  org.mule.util.journal.TransactionJournal - Using files for tx logs F:\gitrepo\mule\.mule\.\.mule\enricher\queue-tx-log\tx1.log and F:\gitrepo\mule\.mule\.\.mule\enricher\queue-tx-log\tx2.log
2020-03-21 08:13:08,001 [main] INFO  org.mule.util.journal.TransactionJournal - Using files for tx logs F:\gitrepo\mule\.mule\.\.mule\enricher\queue-xa-tx-log\tx1.log and F:\gitrepo\mule\.mule\.\.mule\enricher\queue-xa-tx-log\tx2.log
2020-03-21 08:13:08,350 [main] INFO  org.mule.lifecycle.AbstractLifecycleManager - Initialising model: _muleSystemModel
2020-03-21 08:13:08,354 [main] INFO  org.mule.construct.FlowConstructLifecycleManager - Initialising flow: enricherFlow
2020-03-21 08:13:08,357 [main] INFO  org.mule.exception.DefaultMessagingExceptionStrategy - Initialising exception listener: org.mule.exception.DefaultMessagingExceptionStrategy@7e4579c7
2020-03-21 08:13:08,422 [main] INFO  org.mule.processor.SedaStageLifecycleManager - Initialising service: enricherFlow.stage1
2020-03-21 08:13:08,856 [main] INFO  org.mule.config.spring.SpringXmlConfigurationBuilder - Configured Mule using "org.mule.config.spring.SpringXmlConfigurationBuilder" with configuration resource(s): "[ConfigResource{resourceName='F:\gitrepo\mule\.mule\apps\enricher\enricher.xml'}]"
2020-03-21 08:13:08,856 [main] INFO  org.mule.config.builders.AutoConfigurationBuilder - Configured Mule using "org.mule.config.builders.AutoConfigurationBuilder" with configuration resource(s): "[ConfigResource{resourceName='F:\gitrepo\mule\.mule\apps\enricher\enricher.xml'}]"
2020-03-21 08:13:08,864 [main] INFO  com.mulesoft.module.policies.lifecyle.GateKeeper - GateKeeper Mode: DISABLED
2020-03-21 08:13:08,865 [main] INFO  org.mule.module.launcher.application.DefaultMuleApplication - 
++++++++++++++++++++++++++++++++++++++++++++++++++++++++++++
+ Starting app 'enricher'                                  +
++++++++++++++++++++++++++++++++++++++++++++++++++++++++++++
2020-03-21 08:13:08,879 [main] INFO  org.mule.util.queue.QueueXaResourceManager - Starting ResourceManager
2020-03-21 08:13:08,879 [main] INFO  org.mule.util.queue.QueueXaResourceManager - Started ResourceManager
2020-03-21 08:13:08,936 [main] INFO  org.mule.module.http.internal.listener.DefaultHttpListenerConfig - Listening for requests on http://0.0.0.0:8081/enrich
2020-03-21 08:13:08,941 [main] INFO  org.mule.lifecycle.AbstractLifecycleManager - Starting model: _muleSystemModel
2020-03-21 08:13:08,944 [main] INFO  org.mule.construct.FlowConstructLifecycleManager - Starting flow: enricherFlow
2020-03-21 08:13:08,944 [main] INFO  org.mule.processor.SedaStageLifecycleManager - Starting service: enricherFlow.stage1
2020-03-21 08:13:08,988 [main] INFO  org.mule.module.management.agent.WrapperManagerAgent - This JVM hasn't been launched by the wrapper, the agent will not run.
2020-03-21 08:13:29,068 [main] INFO  org.mule.DefaultMuleContext - 
**********************************************************************
* Application: enricher                                              *
* OS encoding: \, Mule encoding: UTF-8                               *
*                                                                    *
* Agents Running:                                                    *
*   Batch module default engine                                      *
*   JMX Agent                                                        *
*   Wrapper Manager                                                  *
**********************************************************************
2020-03-21 08:21:59,357 [Mule.app.deployer.monitor.1.thread.1] INFO  org.mule.module.launcher.application.DefaultMuleApplication - 
++++++++++++++++++++++++++++++++++++++++++++++++++++++++++++
+ Stopping app 'enricher'                                  +
++++++++++++++++++++++++++++++++++++++++++++++++++++++++++++
2020-03-21 08:21:59,360 [Mule.app.deployer.monitor.1.thread.1] INFO  org.mule.construct.FlowConstructLifecycleManager - Stopping flow: enricherFlow
2020-03-21 08:21:59,362 [Mule.app.deployer.monitor.1.thread.1] INFO  org.mule.processor.SedaStageLifecycleManager - Stopping service: enricherFlow.stage1
2020-03-21 08:21:59,486 [Mule.app.deployer.monitor.1.thread.1] INFO  org.mule.lifecycle.AbstractLifecycleManager - Stopping model: _muleSystemModel
2020-03-21 08:21:59,501 [Mule.app.deployer.monitor.1.thread.1] INFO  org.mule.module.http.internal.listener.DefaultHttpListenerConfig - Stopped listener on http://0.0.0.0:8081/enrich
2020-03-21 08:21:59,505 [Mule.app.deployer.monitor.1.thread.1] INFO  org.mule.util.queue.QueueXaResourceManager - Stopping ResourceManager
2020-03-21 08:21:59,506 [Mule.app.deployer.monitor.1.thread.1] INFO  org.mule.util.queue.QueueXaResourceManager - Stopped ResourceManager
2020-03-21 08:21:59,518 [Mule.app.deployer.monitor.1.thread.1] INFO  org.mule.module.launcher.application.DefaultMuleApplication - 
++++++++++++++++++++++++++++++++++++++++++++++++++++++++++++
+ Disposing app 'enricher'                                 +
++++++++++++++++++++++++++++++++++++++++++++++++++++++++++++
2020-03-21 08:21:59,520 [Mule.app.deployer.monitor.1.thread.1] INFO  org.mule.lifecycle.AbstractLifecycleManager - Disposing RegistryBroker
2020-03-21 08:21:59,522 [Mule.app.deployer.monitor.1.thread.1] INFO  org.mule.construct.FlowConstructLifecycleManager - Disposing flow: enricherFlow
2020-03-21 08:21:59,523 [Mule.app.deployer.monitor.1.thread.1] INFO  org.mule.processor.SedaStageLifecycleManager - Disposing service: enricherFlow.stage1
2020-03-21 08:21:59,528 [Mule.app.deployer.monitor.1.thread.1] INFO  org.mule.lifecycle.AbstractLifecycleManager - Disposing model: _muleSystemModel
2020-03-21 08:21:59,658 [Mule.app.deployer.monitor.1.thread.1] INFO  org.mule.config.spring.MuleArtifactContext - Closing org.mule.config.spring.MuleArtifactContext@1b0a7baf: startup date [Sat Mar 21 08:13:01 IST 2020]; root of context hierarchy
2020-03-21 08:21:59,682 [Mule.app.deployer.monitor.1.thread.1] INFO  org.mule.DefaultMuleContext - 
**********************************************************************
* Application "enricher" shut down normally on: 21/3/20 8:21 AM      *
* Up for: 0 days, 0 hours, 8 mins, 50.812 sec                        *
**********************************************************************
2020-03-21 08:21:59,992 [Mule.app.deployer.monitor.1.thread.1] INFO  org.mule.module.launcher.application.DefaultMuleApplication - 
++++++++++++++++++++++++++++++++++++++++++++++++++++++++++++
+ Initializing app 'enricher'                              +
++++++++++++++++++++++++++++++++++++++++++++++++++++++++++++
2020-03-21 08:22:00,015 [Mule.app.deployer.monitor.1.thread.1] INFO  org.mule.util.JdkVersionUtils - You're executing with a JDK made by a vendor that is not on the recommended list of vendors. Vendor: AdoptOpenJDK Please consider changing to a recommended JDK vendor.
2020-03-21 08:22:00,020 [Mule.app.deployer.monitor.1.thread.1] INFO  org.mule.lifecycle.AbstractLifecycleManager - Initialising RegistryBroker
2020-03-21 08:22:00,028 [Mule.app.deployer.monitor.1.thread.1] INFO  org.mule.module.extension.internal.manager.DefaultExtensionManager - Starting discovery of extensions
2020-03-21 08:22:00,060 [Mule.app.deployer.monitor.1.thread.1] INFO  org.mule.module.extension.internal.manager.DefaultExtensionManager - Discovered 1 extensions
2020-03-21 08:22:00,062 [Mule.app.deployer.monitor.1.thread.1] INFO  org.mule.module.extension.internal.manager.DefaultExtensionManager - Registering extension validation (version 3.9)
2020-03-21 08:22:00,076 [Mule.app.deployer.monitor.1.thread.1] INFO  org.mule.config.spring.MuleArtifactContext - Refreshing org.mule.config.spring.MuleArtifactContext@513472: startup date [Sat Mar 21 08:22:00 IST 2020]; root of context hierarchy
2020-03-21 08:22:00,799 [Mule.app.deployer.monitor.1.thread.1] INFO  org.mule.config.spring.processors.NoDevkitInjectorProcessor - JSR-330 'javax.inject.Inject' annotation found and supported for autowiring
2020-03-21 08:22:01,042 [Mule.app.deployer.monitor.1.thread.1] INFO  org.mule.util.journal.TransactionJournal - Using files for tx logs F:\gitrepo\mule\.mule\.\.mule\enricher\queue-tx-log\tx1.log and F:\gitrepo\mule\.mule\.\.mule\enricher\queue-tx-log\tx2.log
2020-03-21 08:22:01,044 [Mule.app.deployer.monitor.1.thread.1] INFO  org.mule.util.journal.TransactionJournal - Using files for tx logs F:\gitrepo\mule\.mule\.\.mule\enricher\queue-xa-tx-log\tx1.log and F:\gitrepo\mule\.mule\.\.mule\enricher\queue-xa-tx-log\tx2.log
2020-03-21 08:22:01,056 [Mule.app.deployer.monitor.1.thread.1] INFO  org.mule.lifecycle.AbstractLifecycleManager - Initialising model: _muleSystemModel
2020-03-21 08:22:01,057 [Mule.app.deployer.monitor.1.thread.1] INFO  org.mule.construct.FlowConstructLifecycleManager - Initialising flow: enricherFlow
2020-03-21 08:22:01,057 [Mule.app.deployer.monitor.1.thread.1] INFO  org.mule.exception.DefaultMessagingExceptionStrategy - Initialising exception listener: org.mule.exception.DefaultMessagingExceptionStrategy@274471b4
2020-03-21 08:22:01,064 [Mule.app.deployer.monitor.1.thread.1] INFO  org.mule.processor.SedaStageLifecycleManager - Initialising service: enricherFlow.stage1
2020-03-21 08:22:01,094 [Mule.app.deployer.monitor.1.thread.1] INFO  org.mule.config.spring.SpringXmlConfigurationBuilder - Configured Mule using "org.mule.config.spring.SpringXmlConfigurationBuilder" with configuration resource(s): "[ConfigResource{resourceName='F:\gitrepo\mule\.mule\apps\enricher\enricher.xml'}]"
2020-03-21 08:22:01,094 [Mule.app.deployer.monitor.1.thread.1] INFO  org.mule.config.builders.AutoConfigurationBuilder - Configured Mule using "org.mule.config.builders.AutoConfigurationBuilder" with configuration resource(s): "[ConfigResource{resourceName='F:\gitrepo\mule\.mule\apps\enricher\enricher.xml'}]"
2020-03-21 08:22:01,095 [Mule.app.deployer.monitor.1.thread.1] INFO  org.mule.module.launcher.application.DefaultMuleApplication - 
++++++++++++++++++++++++++++++++++++++++++++++++++++++++++++
+ Starting app 'enricher'                                  +
++++++++++++++++++++++++++++++++++++++++++++++++++++++++++++
2020-03-21 08:22:01,099 [Mule.app.deployer.monitor.1.thread.1] INFO  org.mule.util.queue.QueueXaResourceManager - Starting ResourceManager
2020-03-21 08:22:01,100 [Mule.app.deployer.monitor.1.thread.1] INFO  org.mule.util.queue.QueueXaResourceManager - Started ResourceManager
2020-03-21 08:22:01,112 [Mule.app.deployer.monitor.1.thread.1] INFO  org.mule.module.http.internal.listener.DefaultHttpListenerConfig - Listening for requests on http://0.0.0.0:8081/enrich
2020-03-21 08:22:01,116 [Mule.app.deployer.monitor.1.thread.1] INFO  org.mule.lifecycle.AbstractLifecycleManager - Starting model: _muleSystemModel
2020-03-21 08:22:01,118 [Mule.app.deployer.monitor.1.thread.1] INFO  org.mule.construct.FlowConstructLifecycleManager - Starting flow: enricherFlow
2020-03-21 08:22:01,118 [Mule.app.deployer.monitor.1.thread.1] INFO  org.mule.processor.SedaStageLifecycleManager - Starting service: enricherFlow.stage1
2020-03-21 08:22:01,135 [Mule.app.deployer.monitor.1.thread.1] INFO  org.mule.module.management.agent.WrapperManagerAgent - This JVM hasn't been launched by the wrapper, the agent will not run.
2020-03-21 08:22:01,140 [Mule.app.deployer.monitor.1.thread.1] INFO  org.mule.DefaultMuleContext - 
**********************************************************************
* Application: enricher                                              *
* OS encoding: \, Mule encoding: UTF-8                               *
*                                                                    *
* Agents Running:                                                    *
*   Batch module default engine                                      *
*   JMX Agent                                                        *
*   Wrapper Manager                                                  *
**********************************************************************
2020-03-21 08:23:01,181 [Mule.app.deployer.monitor.1.thread.1] INFO  org.mule.module.launcher.application.DefaultMuleApplication - 
++++++++++++++++++++++++++++++++++++++++++++++++++++++++++++
+ Stopping app 'enricher'                                  +
++++++++++++++++++++++++++++++++++++++++++++++++++++++++++++
2020-03-21 08:23:01,184 [Mule.app.deployer.monitor.1.thread.1] INFO  org.mule.construct.FlowConstructLifecycleManager - Stopping flow: enricherFlow
2020-03-21 08:23:01,184 [Mule.app.deployer.monitor.1.thread.1] INFO  org.mule.processor.SedaStageLifecycleManager - Stopping service: enricherFlow.stage1
2020-03-21 08:23:01,256 [Mule.app.deployer.monitor.1.thread.1] INFO  org.mule.lifecycle.AbstractLifecycleManager - Stopping model: _muleSystemModel
2020-03-21 08:23:01,268 [Mule.app.deployer.monitor.1.thread.1] INFO  org.mule.module.http.internal.listener.DefaultHttpListenerConfig - Stopped listener on http://0.0.0.0:8081/enrich
2020-03-21 08:23:01,272 [Mule.app.deployer.monitor.1.thread.1] INFO  org.mule.util.queue.QueueXaResourceManager - Stopping ResourceManager
2020-03-21 08:23:01,272 [Mule.app.deployer.monitor.1.thread.1] INFO  org.mule.util.queue.QueueXaResourceManager - Stopped ResourceManager
2020-03-21 08:23:01,279 [Mule.app.deployer.monitor.1.thread.1] INFO  org.mule.module.launcher.application.DefaultMuleApplication - 
++++++++++++++++++++++++++++++++++++++++++++++++++++++++++++
+ Disposing app 'enricher'                                 +
++++++++++++++++++++++++++++++++++++++++++++++++++++++++++++
2020-03-21 08:23:01,279 [Mule.app.deployer.monitor.1.thread.1] INFO  org.mule.lifecycle.AbstractLifecycleManager - Disposing RegistryBroker
2020-03-21 08:23:01,281 [Mule.app.deployer.monitor.1.thread.1] INFO  org.mule.construct.FlowConstructLifecycleManager - Disposing flow: enricherFlow
2020-03-21 08:23:01,282 [Mule.app.deployer.monitor.1.thread.1] INFO  org.mule.processor.SedaStageLifecycleManager - Disposing service: enricherFlow.stage1
2020-03-21 08:23:01,286 [Mule.app.deployer.monitor.1.thread.1] INFO  org.mule.lifecycle.AbstractLifecycleManager - Disposing model: _muleSystemModel
2020-03-21 08:23:01,308 [Mule.app.deployer.monitor.1.thread.1] INFO  org.mule.config.spring.MuleArtifactContext - Closing org.mule.config.spring.MuleArtifactContext@513472: startup date [Sat Mar 21 08:22:00 IST 2020]; root of context hierarchy
2020-03-21 08:23:01,316 [Mule.app.deployer.monitor.1.thread.1] INFO  org.mule.DefaultMuleContext - 
**********************************************************************
* Application "enricher" shut down normally on: 21/3/20 8:23 AM      *
* Up for: 0 days, 0 hours, 1 mins, 0.220 sec                         *
**********************************************************************
2020-03-21 08:23:01,444 [Mule.app.deployer.monitor.1.thread.1] INFO  org.mule.module.launcher.application.DefaultMuleApplication - 
++++++++++++++++++++++++++++++++++++++++++++++++++++++++++++
+ Initializing app 'enricher'                              +
++++++++++++++++++++++++++++++++++++++++++++++++++++++++++++
2020-03-21 08:23:01,453 [Mule.app.deployer.monitor.1.thread.1] INFO  org.mule.util.JdkVersionUtils - You're executing with a JDK made by a vendor that is not on the recommended list of vendors. Vendor: AdoptOpenJDK Please consider changing to a recommended JDK vendor.
2020-03-21 08:23:01,460 [Mule.app.deployer.monitor.1.thread.1] INFO  org.mule.lifecycle.AbstractLifecycleManager - Initialising RegistryBroker
2020-03-21 08:23:01,473 [Mule.app.deployer.monitor.1.thread.1] INFO  org.mule.module.extension.internal.manager.DefaultExtensionManager - Starting discovery of extensions
2020-03-21 08:23:01,494 [Mule.app.deployer.monitor.1.thread.1] INFO  org.mule.module.extension.internal.manager.DefaultExtensionManager - Discovered 1 extensions
2020-03-21 08:23:01,494 [Mule.app.deployer.monitor.1.thread.1] INFO  org.mule.module.extension.internal.manager.DefaultExtensionManager - Registering extension validation (version 3.9)
2020-03-21 08:23:01,508 [Mule.app.deployer.monitor.1.thread.1] INFO  org.mule.config.spring.MuleArtifactContext - Refreshing org.mule.config.spring.MuleArtifactContext@378ad7b5: startup date [Sat Mar 21 08:23:01 IST 2020]; root of context hierarchy
2020-03-21 08:23:02,094 [Mule.app.deployer.monitor.1.thread.1] INFO  org.mule.config.spring.processors.NoDevkitInjectorProcessor - JSR-330 'javax.inject.Inject' annotation found and supported for autowiring
2020-03-21 08:23:02,380 [Mule.app.deployer.monitor.1.thread.1] INFO  org.mule.util.journal.TransactionJournal - Using files for tx logs F:\gitrepo\mule\.mule\.\.mule\enricher\queue-tx-log\tx1.log and F:\gitrepo\mule\.mule\.\.mule\enricher\queue-tx-log\tx2.log
2020-03-21 08:23:02,381 [Mule.app.deployer.monitor.1.thread.1] INFO  org.mule.util.journal.TransactionJournal - Using files for tx logs F:\gitrepo\mule\.mule\.\.mule\enricher\queue-xa-tx-log\tx1.log and F:\gitrepo\mule\.mule\.\.mule\enricher\queue-xa-tx-log\tx2.log
2020-03-21 08:23:02,396 [Mule.app.deployer.monitor.1.thread.1] INFO  org.mule.lifecycle.AbstractLifecycleManager - Initialising model: _muleSystemModel
2020-03-21 08:23:02,400 [Mule.app.deployer.monitor.1.thread.1] INFO  org.mule.construct.FlowConstructLifecycleManager - Initialising flow: enricherFlow
2020-03-21 08:23:02,404 [Mule.app.deployer.monitor.1.thread.1] INFO  org.mule.exception.DefaultMessagingExceptionStrategy - Initialising exception listener: org.mule.exception.DefaultMessagingExceptionStrategy@296d2891
2020-03-21 08:23:02,422 [Mule.app.deployer.monitor.1.thread.1] INFO  org.mule.processor.SedaStageLifecycleManager - Initialising service: enricherFlow.stage1
2020-03-21 08:23:02,460 [Mule.app.deployer.monitor.1.thread.1] INFO  org.mule.config.spring.SpringXmlConfigurationBuilder - Configured Mule using "org.mule.config.spring.SpringXmlConfigurationBuilder" with configuration resource(s): "[ConfigResource{resourceName='F:\gitrepo\mule\.mule\apps\enricher\enricher.xml'}]"
2020-03-21 08:23:02,461 [Mule.app.deployer.monitor.1.thread.1] INFO  org.mule.config.builders.AutoConfigurationBuilder - Configured Mule using "org.mule.config.builders.AutoConfigurationBuilder" with configuration resource(s): "[ConfigResource{resourceName='F:\gitrepo\mule\.mule\apps\enricher\enricher.xml'}]"
2020-03-21 08:23:02,463 [Mule.app.deployer.monitor.1.thread.1] INFO  org.mule.module.launcher.application.DefaultMuleApplication - 
++++++++++++++++++++++++++++++++++++++++++++++++++++++++++++
+ Starting app 'enricher'                                  +
++++++++++++++++++++++++++++++++++++++++++++++++++++++++++++
2020-03-21 08:23:02,468 [Mule.app.deployer.monitor.1.thread.1] INFO  org.mule.util.queue.QueueXaResourceManager - Starting ResourceManager
2020-03-21 08:23:02,469 [Mule.app.deployer.monitor.1.thread.1] INFO  org.mule.util.queue.QueueXaResourceManager - Started ResourceManager
2020-03-21 08:23:02,483 [Mule.app.deployer.monitor.1.thread.1] INFO  org.mule.module.http.internal.listener.DefaultHttpListenerConfig - Listening for requests on http://0.0.0.0:8081/enrich
2020-03-21 08:23:02,489 [Mule.app.deployer.monitor.1.thread.1] INFO  org.mule.lifecycle.AbstractLifecycleManager - Starting model: _muleSystemModel
2020-03-21 08:23:02,492 [Mule.app.deployer.monitor.1.thread.1] INFO  org.mule.construct.FlowConstructLifecycleManager - Starting flow: enricherFlow
2020-03-21 08:23:02,492 [Mule.app.deployer.monitor.1.thread.1] INFO  org.mule.processor.SedaStageLifecycleManager - Starting service: enricherFlow.stage1
2020-03-21 08:23:02,512 [Mule.app.deployer.monitor.1.thread.1] INFO  org.mule.module.management.agent.WrapperManagerAgent - This JVM hasn't been launched by the wrapper, the agent will not run.
2020-03-21 08:23:02,521 [Mule.app.deployer.monitor.1.thread.1] INFO  org.mule.DefaultMuleContext - 
**********************************************************************
* Application: enricher                                              *
* OS encoding: \, Mule encoding: UTF-8                               *
*                                                                    *
* Agents Running:                                                    *
*   Batch module default engine                                      *
*   JMX Agent                                                        *
*   Wrapper Manager                                                  *
**********************************************************************
2020-03-21 08:23:10,069 [[enricher].HTTP_Listener_Configuration.worker.01] ERROR org.mule.exception.DefaultMessagingExceptionStrategy - 
********************************************************************************
Message               : Execution of the expression "payload.gender=__object_for_enrichment" failed. (org.mule.api.expression.ExpressionRuntimeException).
Payload               : {NullPayload}
Payload Type          : org.mule.transport.NullPayload
Element               : /enricherFlow/processors/1 @ enricher:enricher.xml:16 (Message Enricher)
Element XML           : <enricher doc:name="Message Enricher">
                        <db:select config-ref="MySQL_Configuration" doc:name="Database">
                        <db:parameterized-query>select * from customer</db:parameterized-query>
                        </db:select>
                        <enrich source="#[flowVars.gender]" target="#[payload.gender]"></enrich>
                        </enricher>
--------------------------------------------------------------------------------
Root Exception stack trace:
[Error: could not access property: gender; parent is null: payload]
[Near : {... payload ....}]
             ^
[Line: 1, Column: 1]
	at org.mule.mvel2.optimizers.impl.refl.ReflectiveAccessorOptimizer.optimizeSetAccessor(ReflectiveAccessorOptimizer.java:249)
	at org.mule.mvel2.compiler.CompiledAccExpression.setValue(CompiledAccExpression.java:68)
	at org.mule.mvel2.ast.DeepAssignmentNode.getReducedValueAccelerated(DeepAssignmentNode.java:92)
	at org.mule.mvel2.MVELRuntime.execute(MVELRuntime.java:86)
	at org.mule.mvel2.compiler.CompiledExpression.getDirectValue(CompiledExpression.java:123)
	at org.mule.mvel2.compiler.CompiledExpression.getValue(CompiledExpression.java:119)
	at org.mule.mvel2.compiler.CompiledExpression.getValue(CompiledExpression.java:113)
	at org.mule.mvel2.MVEL.executeExpression(MVEL.java:953)
	at org.mule.el.mvel.MVELExpressionExecutor.execute(MVELExpressionExecutor.java:87)
	at org.mule.el.mvel.MVELExpressionLanguage.evaluateInternal(MVELExpressionLanguage.java:228)
	at org.mule.el.mvel.MVELExpressionLanguage.evaluate(MVELExpressionLanguage.java:192)
	at org.mule.el.mvel.MVELExpressionLanguage.enrich(MVELExpressionLanguage.java:198)
	at org.mule.expression.DefaultExpressionManager.enrichTyped(DefaultExpressionManager.java:262)
	at org.mule.enricher.MessageEnricher.enrich(MessageEnricher.java:97)
	at org.mule.enricher.MessageEnricher$EnricherProcessor.processResponse(MessageEnricher.java:257)
	at org.mule.processor.AbstractRequestResponseMessageProcessor.processBlocking(AbstractRequestResponseMessageProcessor.java:57)
	at org.mule.enricher.MessageEnricher$EnricherProcessor.processBlocking(MessageEnricher.java:216)
	at org.mule.processor.AbstractRequestResponseMessageProcessor.process(AbstractRequestResponseMessageProcessor.java:48)
	at org.mule.enricher.MessageEnricher.process(MessageEnricher.java:73)
	at org.mule.execution.ExceptionToMessagingExceptionExecutionInterceptor.execute(ExceptionToMessagingExceptionExecutionInterceptor.java:27)
	at org.mule.execution.MessageProcessorNotificationExecutionInterceptor.execute(MessageProcessorNotificationExecutionInterceptor.java:111)
	at org.mule.execution.MessageProcessorExecutionTemplate.execute(MessageProcessorExecutionTemplate.java:44)
	at org.mule.processor.BlockingProcessorExecutor.executeNext(BlockingProcessorExecutor.java:88)
	at org.mule.processor.BlockingProcessorExecutor.execute(BlockingProcessorExecutor.java:59)
	at org.mule.execution.ExceptionToMessagingExceptionExecutionInterceptor.execute(ExceptionToMessagingExceptionExecutionInterceptor.java:27)
	at org.mule.execution.MessageProcessorExecutionTemplate.execute(MessageProcessorExecutionTemplate.java:44)
	at org.mule.processor.BlockingProcessorExecutor.executeNext(BlockingProcessorExecutor.java:98)
	at org.mule.processor.BlockingProcessorExecutor.execute(BlockingProcessorExecutor.java:59)
	at org.mule.processor.AsyncInterceptingMessageProcessor.process(AsyncInterceptingMessageProcessor.java:110)
	at org.mule.execution.ExceptionToMessagingExceptionExecutionInterceptor.execute(ExceptionToMessagingExceptionExecutionInterceptor.java:27)
	at org.mule.execution.MessageProcessorNotificationExecutionInterceptor.execute(MessageProcessorNotificationExecutionInterceptor.java:111)
	at org.mule.execution.MessageProcessorExecutionTemplate.execute(MessageProcessorExecutionTemplate.java:44)
	at org.mule.processor.BlockingProcessorExecutor.executeNext(BlockingProcessorExecutor.java:98)
	at org.mule.processor.BlockingProcessorExecutor.execute(BlockingProcessorExecutor.java:59)
	at org.mule.construct.DynamicPipelineMessageProcessor.process(DynamicPipelineMessageProcessor.java:55)
	at org.mule.execution.ExceptionToMessagingExceptionExecutionInterceptor.execute(ExceptionToMessagingExceptionExecutionInterceptor.java:27)
	at org.mule.execution.MessageProcessorNotificationExecutionInterceptor.execute(MessageProcessorNotificationExecutionInterceptor.java:111)
	at org.mule.execution.MessageProcessorExecutionTemplate.execute(MessageProcessorExecutionTemplate.java:44)
	at org.mule.processor.BlockingProcessorExecutor.executeNext(BlockingProcessorExecutor.java:88)
	at org.mule.processor.BlockingProcessorExecutor.execute(BlockingProcessorExecutor.java:59)
	at org.mule.execution.ExceptionToMessagingExceptionExecutionInterceptor.execute(ExceptionToMessagingExceptionExecutionInterceptor.java:27)
	at org.mule.execution.MessageProcessorExecutionTemplate.execute(MessageProcessorExecutionTemplate.java:44)
	at org.mule.processor.BlockingProcessorExecutor.executeNext(BlockingProcessorExecutor.java:98)
	at org.mule.processor.BlockingProcessorExecutor.execute(BlockingProcessorExecutor.java:59)
	at org.mule.interceptor.AbstractEnvelopeInterceptor.processBlocking(AbstractEnvelopeInterceptor.java:59)
	at org.mule.processor.AbstractRequestResponseMessageProcessor.process(AbstractRequestResponseMessageProcessor.java:48)
	at org.mule.execution.ExceptionToMessagingExceptionExecutionInterceptor.execute(ExceptionToMessagingExceptionExecutionInterceptor.java:27)
	at org.mule.execution.MessageProcessorNotificationExecutionInterceptor.execute(MessageProcessorNotificationExecutionInterceptor.java:111)
	at org.mule.execution.MessageProcessorExecutionTemplate.execute(MessageProcessorExecutionTemplate.java:44)
	at org.mule.processor.BlockingProcessorExecutor.executeNext(BlockingProcessorExecutor.java:98)
	at org.mule.processor.BlockingProcessorExecutor.execute(BlockingProcessorExecutor.java:59)
	at org.mule.processor.AbstractFilteringMessageProcessor.process(AbstractFilteringMessageProcessor.java:62)
	at org.mule.execution.ExceptionToMessagingExceptionExecutionInterceptor.execute(ExceptionToMessagingExceptionExecutionInterceptor.java:27)
	at org.mule.execution.MessageProcessorNotificationExecutionInterceptor.execute(MessageProcessorNotificationExecutionInterceptor.java:111)
	at org.mule.execution.MessageProcessorExecutionTemplate.execute(MessageProcessorExecutionTemplate.java:44)
	at org.mule.processor.BlockingProcessorExecutor.executeNext(BlockingProcessorExecutor.java:98)
	at org.mule.processor.BlockingProcessorExecutor.execute(BlockingProcessorExecutor.java:59)
	at org.mule.processor.AbstractRequestResponseMessageProcessor.processBlocking(AbstractRequestResponseMessageProcessor.java:57)
	at org.mule.processor.AbstractRequestResponseMessageProcessor.process(AbstractRequestResponseMessageProcessor.java:48)
	at org.mule.execution.ExceptionToMessagingExceptionExecutionInterceptor.execute(ExceptionToMessagingExceptionExecutionInterceptor.java:27)
	at org.mule.execution.MessageProcessorNotificationExecutionInterceptor.execute(MessageProcessorNotificationExecutionInterceptor.java:111)
	at org.mule.execution.MessageProcessorExecutionTemplate.execute(MessageProcessorExecutionTemplate.java:44)
	at org.mule.processor.BlockingProcessorExecutor.executeNext(BlockingProcessorExecutor.java:88)
	at org.mule.processor.BlockingProcessorExecutor.execute(BlockingProcessorExecutor.java:59)
	at org.mule.execution.ExceptionToMessagingExceptionExecutionInterceptor.execute(ExceptionToMessagingExceptionExecutionInterceptor.java:27)
	at org.mule.execution.MessageProcessorNotificationExecutionInterceptor.execute(MessageProcessorNotificationExecutionInterceptor.java:111)
	at org.mule.execution.MessageProcessorExecutionTemplate.execute(MessageProcessorExecutionTemplate.java:44)
	at org.mule.construct.AbstractPipeline$3.process(AbstractPipeline.java:232)
	at org.mule.module.http.internal.listener.HttpMessageProcessorTemplate.routeEvent(HttpMessageProcessorTemplate.java:74)
	at org.mule.execution.AsyncResponseFlowProcessingPhase$1.process(AsyncResponseFlowProcessingPhase.java:73)
	at org.mule.execution.AsyncResponseFlowProcessingPhase$1.process(AsyncResponseFlowProcessingPhase.java:60)
	at org.mule.execution.ExecuteCallbackInterceptor.execute(ExecuteCallbackInterceptor.java:16)
	at org.mule.execution.CommitTransactionInterceptor.execute(CommitTransactionInterceptor.java:35)
	at org.mule.execution.CommitTransactionInterceptor.execute(CommitTransactionInterceptor.java:22)
	at org.mule.execution.HandleExceptionInterceptor.execute(HandleExceptionInterceptor.java:30)
	at org.mule.execution.HandleExceptionInterceptor.execute(HandleExceptionInterceptor.java:14)
	at org.mule.execution.BeginAndResolveTransactionInterceptor.execute(BeginAndResolveTransactionInterceptor.java:67)
	at org.mule.execution.ResolvePreviousTransactionInterceptor.execute(ResolvePreviousTransactionInterceptor.java:44)
	at org.mule.execution.SuspendXaTransactionInterceptor.execute(SuspendXaTransactionInterceptor.java:50)
	at org.mule.execution.ValidateTransactionalStateInterceptor.execute(ValidateTransactionalStateInterceptor.java:40)
	at org.mule.execution.IsolateCurrentTransactionInterceptor.execute(IsolateCurrentTransactionInterceptor.java:41)
	at org.mule.execution.ExternalTransactionInterceptor.execute(ExternalTransactionInterceptor.java:48)
	at org.mule.execution.RethrowExceptionInterceptor.execute(RethrowExceptionInterceptor.java:28)
	at org.mule.execution.RethrowExceptionInterceptor.execute(RethrowExceptionInterceptor.java:13)
	at org.mule.execution.TransactionalErrorHandlingExecutionTemplate.execute(TransactionalErrorHandlingExecutionTemplate.java:110)
	at org.mule.execution.AsyncResponseFlowProcessingPhase.runPhase(AsyncResponseFlowProcessingPhase.java:59)
	at org.mule.execution.AsyncResponseFlowProcessingPhase.runPhase(AsyncResponseFlowProcessingPhase.java:36)
	at org.mule.execution.PhaseExecutionEngine$InternalPhaseExecutionEngine.phaseSuccessfully(PhaseExecutionEngine.java:65)
	at org.mule.execution.PhaseExecutionEngine$InternalPhaseExecutionEngine.phaseSuccessfully(PhaseExecutionEngine.java:69)
	at com.mulesoft.mule.throttling.ThrottlingPhase.runPhase(ThrottlingPhase.java:187)
	at com.mulesoft.mule.throttling.ThrottlingPhase.runPhase(ThrottlingPhase.java:58)
	at org.mule.execution.PhaseExecutionEngine$InternalPhaseExecutionEngine.phaseSuccessfully(PhaseExecutionEngine.java:65)
	at com.mulesoft.gateway.http.phases.GatewayValidationPhase.runPhase(GatewayValidationPhase.java:93)
	at com.mulesoft.gateway.http.phases.GatewayValidationPhase.runPhase(GatewayValidationPhase.java:49)
	at org.mule.execution.PhaseExecutionEngine$InternalPhaseExecutionEngine.phaseSuccessfully(PhaseExecutionEngine.java:65)
	at org.mule.modules.cors.CorsPhase.runPhase(CorsPhase.java:112)
	at org.mule.modules.cors.CorsPhase.runPhase(CorsPhase.java:39)
	at org.mule.execution.PhaseExecutionEngine$InternalPhaseExecutionEngine.process(PhaseExecutionEngine.java:114)
	at org.mule.execution.PhaseExecutionEngine.process(PhaseExecutionEngine.java:41)
	at org.mule.execution.MuleMessageProcessingManager.processMessage(MuleMessageProcessingManager.java:32)
	at org.mule.module.http.internal.listener.DefaultHttpListener$1.handleRequest(DefaultHttpListener.java:137)
	at org.mule.module.http.internal.listener.grizzly.GrizzlyRequestDispatcherFilter.handleRead(GrizzlyRequestDispatcherFilter.java:110)
	at org.glassfish.grizzly.filterchain.ExecutorResolver$9.execute(ExecutorResolver.java:119)
	at org.glassfish.grizzly.filterchain.DefaultFilterChain.executeFilter(DefaultFilterChain.java:284)
	at org.glassfish.grizzly.filterchain.DefaultFilterChain.executeChainPart(DefaultFilterChain.java:201)
	at org.glassfish.grizzly.filterchain.DefaultFilterChain.execute(DefaultFilterChain.java:133)
	at org.glassfish.grizzly.filterchain.DefaultFilterChain.process(DefaultFilterChain.java:112)
	at org.glassfish.grizzly.ProcessorExecutor.execute(ProcessorExecutor.java:77)
	at org.glassfish.grizzly.nio.transport.TCPNIOTransport.fireIOEvent(TCPNIOTransport.java:540)
	at org.glassfish.grizzly.strategies.AbstractIOStrategy.fireIOEvent(AbstractIOStrategy.java:112)
	at org.mule.module.http.internal.listener.grizzly.ExecutorPerServerAddressIOStrategy.run0(ExecutorPerServerAddressIOStrategy.java:126)
	at org.mule.module.http.internal.listener.grizzly.ExecutorPerServerAddressIOStrategy.access$100(ExecutorPerServerAddressIOStrategy.java:32)
	at org.mule.module.http.internal.listener.grizzly.ExecutorPerServerAddressIOStrategy$WorkerThreadRunnable.run(ExecutorPerServerAddressIOStrategy.java:149)
	at java.util.concurrent.ThreadPoolExecutor.runWorker(ThreadPoolExecutor.java:1149)
	at java.util.concurrent.ThreadPoolExecutor$Worker.run(ThreadPoolExecutor.java:624)
	at java.lang.Thread.run(Thread.java:748)

********************************************************************************

2020-03-21 08:23:42,543 [Mule.app.deployer.monitor.1.thread.1] INFO  org.mule.module.launcher.application.DefaultMuleApplication - 
++++++++++++++++++++++++++++++++++++++++++++++++++++++++++++
+ Stopping app 'enricher'                                  +
++++++++++++++++++++++++++++++++++++++++++++++++++++++++++++
2020-03-21 08:23:42,545 [Mule.app.deployer.monitor.1.thread.1] INFO  org.mule.construct.FlowConstructLifecycleManager - Stopping flow: enricherFlow
2020-03-21 08:23:42,545 [Mule.app.deployer.monitor.1.thread.1] INFO  org.mule.processor.SedaStageLifecycleManager - Stopping service: enricherFlow.stage1
2020-03-21 08:23:42,711 [Mule.app.deployer.monitor.1.thread.1] INFO  org.mule.lifecycle.AbstractLifecycleManager - Stopping model: _muleSystemModel
2020-03-21 08:23:42,718 [Mule.app.deployer.monitor.1.thread.1] INFO  org.mule.module.http.internal.listener.DefaultHttpListenerConfig - Stopped listener on http://0.0.0.0:8081/enrich
2020-03-21 08:23:42,722 [Mule.app.deployer.monitor.1.thread.1] INFO  org.mule.util.queue.QueueXaResourceManager - Stopping ResourceManager
2020-03-21 08:23:42,722 [Mule.app.deployer.monitor.1.thread.1] INFO  org.mule.util.queue.QueueXaResourceManager - Stopped ResourceManager
2020-03-21 08:23:42,730 [Mule.app.deployer.monitor.1.thread.1] INFO  org.mule.module.launcher.application.DefaultMuleApplication - 
++++++++++++++++++++++++++++++++++++++++++++++++++++++++++++
+ Disposing app 'enricher'                                 +
++++++++++++++++++++++++++++++++++++++++++++++++++++++++++++
2020-03-21 08:23:42,731 [Mule.app.deployer.monitor.1.thread.1] INFO  org.mule.lifecycle.AbstractLifecycleManager - Disposing RegistryBroker
2020-03-21 08:23:42,733 [Mule.app.deployer.monitor.1.thread.1] INFO  org.mule.construct.FlowConstructLifecycleManager - Disposing flow: enricherFlow
2020-03-21 08:23:42,733 [Mule.app.deployer.monitor.1.thread.1] INFO  org.mule.processor.SedaStageLifecycleManager - Disposing service: enricherFlow.stage1
2020-03-21 08:23:42,737 [Mule.app.deployer.monitor.1.thread.1] INFO  org.mule.lifecycle.AbstractLifecycleManager - Disposing model: _muleSystemModel
2020-03-21 08:23:42,766 [Mule.app.deployer.monitor.1.thread.1] INFO  org.mule.config.spring.MuleArtifactContext - Closing org.mule.config.spring.MuleArtifactContext@378ad7b5: startup date [Sat Mar 21 08:23:01 IST 2020]; root of context hierarchy
2020-03-21 08:23:42,785 [Mule.app.deployer.monitor.1.thread.1] INFO  org.mule.DefaultMuleContext - 
**********************************************************************
* Application "enricher" shut down normally on: 21/3/20 8:23 AM      *
* Up for: 0 days, 0 hours, 0 mins, 40.317 sec                        *
**********************************************************************
2020-03-21 08:23:42,988 [Mule.app.deployer.monitor.1.thread.1] INFO  org.mule.module.launcher.application.DefaultMuleApplication - 
++++++++++++++++++++++++++++++++++++++++++++++++++++++++++++
+ Initializing app 'enricher'                              +
++++++++++++++++++++++++++++++++++++++++++++++++++++++++++++
2020-03-21 08:23:42,999 [Mule.app.deployer.monitor.1.thread.1] INFO  org.mule.util.JdkVersionUtils - You're executing with a JDK made by a vendor that is not on the recommended list of vendors. Vendor: AdoptOpenJDK Please consider changing to a recommended JDK vendor.
2020-03-21 08:23:43,017 [Mule.app.deployer.monitor.1.thread.1] INFO  org.mule.lifecycle.AbstractLifecycleManager - Initialising RegistryBroker
2020-03-21 08:23:43,024 [Mule.app.deployer.monitor.1.thread.1] INFO  org.mule.module.extension.internal.manager.DefaultExtensionManager - Starting discovery of extensions
2020-03-21 08:23:43,052 [Mule.app.deployer.monitor.1.thread.1] INFO  org.mule.module.extension.internal.manager.DefaultExtensionManager - Discovered 1 extensions
2020-03-21 08:23:43,052 [Mule.app.deployer.monitor.1.thread.1] INFO  org.mule.module.extension.internal.manager.DefaultExtensionManager - Registering extension validation (version 3.9)
2020-03-21 08:23:43,055 [Mule.app.deployer.monitor.1.thread.1] INFO  org.mule.config.spring.MuleArtifactContext - Refreshing org.mule.config.spring.MuleArtifactContext@794d2206: startup date [Sat Mar 21 08:23:43 IST 2020]; root of context hierarchy
2020-03-21 08:23:43,377 [Mule.app.deployer.monitor.1.thread.1] INFO  org.mule.config.spring.processors.NoDevkitInjectorProcessor - JSR-330 'javax.inject.Inject' annotation found and supported for autowiring
2020-03-21 08:23:43,657 [Mule.app.deployer.monitor.1.thread.1] INFO  org.mule.util.journal.TransactionJournal - Using files for tx logs F:\gitrepo\mule\.mule\.\.mule\enricher\queue-tx-log\tx1.log and F:\gitrepo\mule\.mule\.\.mule\enricher\queue-tx-log\tx2.log
2020-03-21 08:23:43,660 [Mule.app.deployer.monitor.1.thread.1] INFO  org.mule.util.journal.TransactionJournal - Using files for tx logs F:\gitrepo\mule\.mule\.\.mule\enricher\queue-xa-tx-log\tx1.log and F:\gitrepo\mule\.mule\.\.mule\enricher\queue-xa-tx-log\tx2.log
2020-03-21 08:23:43,675 [Mule.app.deployer.monitor.1.thread.1] INFO  org.mule.lifecycle.AbstractLifecycleManager - Initialising model: _muleSystemModel
2020-03-21 08:23:43,679 [Mule.app.deployer.monitor.1.thread.1] INFO  org.mule.construct.FlowConstructLifecycleManager - Initialising flow: enricherFlow
2020-03-21 08:23:43,681 [Mule.app.deployer.monitor.1.thread.1] INFO  org.mule.exception.DefaultMessagingExceptionStrategy - Initialising exception listener: org.mule.exception.DefaultMessagingExceptionStrategy@60874968
2020-03-21 08:23:43,697 [Mule.app.deployer.monitor.1.thread.1] INFO  org.mule.processor.SedaStageLifecycleManager - Initialising service: enricherFlow.stage1
2020-03-21 08:23:43,723 [Mule.app.deployer.monitor.1.thread.1] INFO  org.mule.config.spring.SpringXmlConfigurationBuilder - Configured Mule using "org.mule.config.spring.SpringXmlConfigurationBuilder" with configuration resource(s): "[ConfigResource{resourceName='F:\gitrepo\mule\.mule\apps\enricher\enricher.xml'}]"
2020-03-21 08:23:43,723 [Mule.app.deployer.monitor.1.thread.1] INFO  org.mule.config.builders.AutoConfigurationBuilder - Configured Mule using "org.mule.config.builders.AutoConfigurationBuilder" with configuration resource(s): "[ConfigResource{resourceName='F:\gitrepo\mule\.mule\apps\enricher\enricher.xml'}]"
2020-03-21 08:23:43,729 [Mule.app.deployer.monitor.1.thread.1] INFO  org.mule.module.launcher.application.DefaultMuleApplication - 
++++++++++++++++++++++++++++++++++++++++++++++++++++++++++++
+ Starting app 'enricher'                                  +
++++++++++++++++++++++++++++++++++++++++++++++++++++++++++++
2020-03-21 08:23:43,733 [Mule.app.deployer.monitor.1.thread.1] INFO  org.mule.util.queue.QueueXaResourceManager - Starting ResourceManager
2020-03-21 08:23:43,733 [Mule.app.deployer.monitor.1.thread.1] INFO  org.mule.util.queue.QueueXaResourceManager - Started ResourceManager
2020-03-21 08:23:43,749 [Mule.app.deployer.monitor.1.thread.1] INFO  org.mule.module.http.internal.listener.DefaultHttpListenerConfig - Listening for requests on http://0.0.0.0:8081/enrich
2020-03-21 08:23:43,754 [Mule.app.deployer.monitor.1.thread.1] INFO  org.mule.lifecycle.AbstractLifecycleManager - Starting model: _muleSystemModel
2020-03-21 08:23:43,758 [Mule.app.deployer.monitor.1.thread.1] INFO  org.mule.construct.FlowConstructLifecycleManager - Starting flow: enricherFlow
2020-03-21 08:23:43,758 [Mule.app.deployer.monitor.1.thread.1] INFO  org.mule.processor.SedaStageLifecycleManager - Starting service: enricherFlow.stage1
2020-03-21 08:23:43,777 [Mule.app.deployer.monitor.1.thread.1] INFO  org.mule.module.management.agent.WrapperManagerAgent - This JVM hasn't been launched by the wrapper, the agent will not run.
2020-03-21 08:23:43,789 [Mule.app.deployer.monitor.1.thread.1] INFO  org.mule.DefaultMuleContext - 
**********************************************************************
* Application: enricher                                              *
* OS encoding: \, Mule encoding: UTF-8                               *
*                                                                    *
* Agents Running:                                                    *
*   Batch module default engine                                      *
*   JMX Agent                                                        *
*   Wrapper Manager                                                  *
**********************************************************************
2020-03-21 08:23:53,193 [[enricher].HTTP_Listener_Configuration.worker.01] ERROR org.mule.exception.DefaultMessagingExceptionStrategy - 
********************************************************************************
Message               : Execution of the expression "payload.phone=__object_for_enrichment" failed. (org.mule.api.expression.ExpressionRuntimeException).
Payload               : {NullPayload}
Payload Type          : org.mule.transport.NullPayload
Element               : /enricherFlow/processors/1 @ enricher:enricher.xml:16 (Message Enricher)
Element XML           : <enricher doc:name="Message Enricher">
                        <db:select config-ref="MySQL_Configuration" doc:name="Database">
                        <db:parameterized-query>select * from customer</db:parameterized-query>
                        </db:select>
                        <enrich source="#[flowVars.gender]" target="#[payload.phone]"></enrich>
                        </enricher>
--------------------------------------------------------------------------------
Root Exception stack trace:
[Error: could not access property: phone; parent is null: payload]
[Near : {... payload ....}]
             ^
[Line: 1, Column: 1]
	at org.mule.mvel2.optimizers.impl.refl.ReflectiveAccessorOptimizer.optimizeSetAccessor(ReflectiveAccessorOptimizer.java:249)
	at org.mule.mvel2.compiler.CompiledAccExpression.setValue(CompiledAccExpression.java:68)
	at org.mule.mvel2.ast.DeepAssignmentNode.getReducedValueAccelerated(DeepAssignmentNode.java:92)
	at org.mule.mvel2.MVELRuntime.execute(MVELRuntime.java:86)
	at org.mule.mvel2.compiler.CompiledExpression.getDirectValue(CompiledExpression.java:123)
	at org.mule.mvel2.compiler.CompiledExpression.getValue(CompiledExpression.java:119)
	at org.mule.mvel2.compiler.CompiledExpression.getValue(CompiledExpression.java:113)
	at org.mule.mvel2.MVEL.executeExpression(MVEL.java:953)
	at org.mule.el.mvel.MVELExpressionExecutor.execute(MVELExpressionExecutor.java:87)
	at org.mule.el.mvel.MVELExpressionLanguage.evaluateInternal(MVELExpressionLanguage.java:228)
	at org.mule.el.mvel.MVELExpressionLanguage.evaluate(MVELExpressionLanguage.java:192)
	at org.mule.el.mvel.MVELExpressionLanguage.enrich(MVELExpressionLanguage.java:198)
	at org.mule.expression.DefaultExpressionManager.enrichTyped(DefaultExpressionManager.java:262)
	at org.mule.enricher.MessageEnricher.enrich(MessageEnricher.java:97)
	at org.mule.enricher.MessageEnricher$EnricherProcessor.processResponse(MessageEnricher.java:257)
	at org.mule.processor.AbstractRequestResponseMessageProcessor.processBlocking(AbstractRequestResponseMessageProcessor.java:57)
	at org.mule.enricher.MessageEnricher$EnricherProcessor.processBlocking(MessageEnricher.java:216)
	at org.mule.processor.AbstractRequestResponseMessageProcessor.process(AbstractRequestResponseMessageProcessor.java:48)
	at org.mule.enricher.MessageEnricher.process(MessageEnricher.java:73)
	at org.mule.execution.ExceptionToMessagingExceptionExecutionInterceptor.execute(ExceptionToMessagingExceptionExecutionInterceptor.java:27)
	at org.mule.execution.MessageProcessorNotificationExecutionInterceptor.execute(MessageProcessorNotificationExecutionInterceptor.java:111)
	at org.mule.execution.MessageProcessorExecutionTemplate.execute(MessageProcessorExecutionTemplate.java:44)
	at org.mule.processor.BlockingProcessorExecutor.executeNext(BlockingProcessorExecutor.java:88)
	at org.mule.processor.BlockingProcessorExecutor.execute(BlockingProcessorExecutor.java:59)
	at org.mule.execution.ExceptionToMessagingExceptionExecutionInterceptor.execute(ExceptionToMessagingExceptionExecutionInterceptor.java:27)
	at org.mule.execution.MessageProcessorExecutionTemplate.execute(MessageProcessorExecutionTemplate.java:44)
	at org.mule.processor.BlockingProcessorExecutor.executeNext(BlockingProcessorExecutor.java:98)
	at org.mule.processor.BlockingProcessorExecutor.execute(BlockingProcessorExecutor.java:59)
	at org.mule.processor.AsyncInterceptingMessageProcessor.process(AsyncInterceptingMessageProcessor.java:110)
	at org.mule.execution.ExceptionToMessagingExceptionExecutionInterceptor.execute(ExceptionToMessagingExceptionExecutionInterceptor.java:27)
	at org.mule.execution.MessageProcessorNotificationExecutionInterceptor.execute(MessageProcessorNotificationExecutionInterceptor.java:111)
	at org.mule.execution.MessageProcessorExecutionTemplate.execute(MessageProcessorExecutionTemplate.java:44)
	at org.mule.processor.BlockingProcessorExecutor.executeNext(BlockingProcessorExecutor.java:98)
	at org.mule.processor.BlockingProcessorExecutor.execute(BlockingProcessorExecutor.java:59)
	at org.mule.construct.DynamicPipelineMessageProcessor.process(DynamicPipelineMessageProcessor.java:55)
	at org.mule.execution.ExceptionToMessagingExceptionExecutionInterceptor.execute(ExceptionToMessagingExceptionExecutionInterceptor.java:27)
	at org.mule.execution.MessageProcessorNotificationExecutionInterceptor.execute(MessageProcessorNotificationExecutionInterceptor.java:111)
	at org.mule.execution.MessageProcessorExecutionTemplate.execute(MessageProcessorExecutionTemplate.java:44)
	at org.mule.processor.BlockingProcessorExecutor.executeNext(BlockingProcessorExecutor.java:88)
	at org.mule.processor.BlockingProcessorExecutor.execute(BlockingProcessorExecutor.java:59)
	at org.mule.execution.ExceptionToMessagingExceptionExecutionInterceptor.execute(ExceptionToMessagingExceptionExecutionInterceptor.java:27)
	at org.mule.execution.MessageProcessorExecutionTemplate.execute(MessageProcessorExecutionTemplate.java:44)
	at org.mule.processor.BlockingProcessorExecutor.executeNext(BlockingProcessorExecutor.java:98)
	at org.mule.processor.BlockingProcessorExecutor.execute(BlockingProcessorExecutor.java:59)
	at org.mule.interceptor.AbstractEnvelopeInterceptor.processBlocking(AbstractEnvelopeInterceptor.java:59)
	at org.mule.processor.AbstractRequestResponseMessageProcessor.process(AbstractRequestResponseMessageProcessor.java:48)
	at org.mule.execution.ExceptionToMessagingExceptionExecutionInterceptor.execute(ExceptionToMessagingExceptionExecutionInterceptor.java:27)
	at org.mule.execution.MessageProcessorNotificationExecutionInterceptor.execute(MessageProcessorNotificationExecutionInterceptor.java:111)
	at org.mule.execution.MessageProcessorExecutionTemplate.execute(MessageProcessorExecutionTemplate.java:44)
	at org.mule.processor.BlockingProcessorExecutor.executeNext(BlockingProcessorExecutor.java:98)
	at org.mule.processor.BlockingProcessorExecutor.execute(BlockingProcessorExecutor.java:59)
	at org.mule.processor.AbstractFilteringMessageProcessor.process(AbstractFilteringMessageProcessor.java:62)
	at org.mule.execution.ExceptionToMessagingExceptionExecutionInterceptor.execute(ExceptionToMessagingExceptionExecutionInterceptor.java:27)
	at org.mule.execution.MessageProcessorNotificationExecutionInterceptor.execute(MessageProcessorNotificationExecutionInterceptor.java:111)
	at org.mule.execution.MessageProcessorExecutionTemplate.execute(MessageProcessorExecutionTemplate.java:44)
	at org.mule.processor.BlockingProcessorExecutor.executeNext(BlockingProcessorExecutor.java:98)
	at org.mule.processor.BlockingProcessorExecutor.execute(BlockingProcessorExecutor.java:59)
	at org.mule.processor.AbstractRequestResponseMessageProcessor.processBlocking(AbstractRequestResponseMessageProcessor.java:57)
	at org.mule.processor.AbstractRequestResponseMessageProcessor.process(AbstractRequestResponseMessageProcessor.java:48)
	at org.mule.execution.ExceptionToMessagingExceptionExecutionInterceptor.execute(ExceptionToMessagingExceptionExecutionInterceptor.java:27)
	at org.mule.execution.MessageProcessorNotificationExecutionInterceptor.execute(MessageProcessorNotificationExecutionInterceptor.java:111)
	at org.mule.execution.MessageProcessorExecutionTemplate.execute(MessageProcessorExecutionTemplate.java:44)
	at org.mule.processor.BlockingProcessorExecutor.executeNext(BlockingProcessorExecutor.java:88)
	at org.mule.processor.BlockingProcessorExecutor.execute(BlockingProcessorExecutor.java:59)
	at org.mule.execution.ExceptionToMessagingExceptionExecutionInterceptor.execute(ExceptionToMessagingExceptionExecutionInterceptor.java:27)
	at org.mule.execution.MessageProcessorNotificationExecutionInterceptor.execute(MessageProcessorNotificationExecutionInterceptor.java:111)
	at org.mule.execution.MessageProcessorExecutionTemplate.execute(MessageProcessorExecutionTemplate.java:44)
	at org.mule.construct.AbstractPipeline$3.process(AbstractPipeline.java:232)
	at org.mule.module.http.internal.listener.HttpMessageProcessorTemplate.routeEvent(HttpMessageProcessorTemplate.java:74)
	at org.mule.execution.AsyncResponseFlowProcessingPhase$1.process(AsyncResponseFlowProcessingPhase.java:73)
	at org.mule.execution.AsyncResponseFlowProcessingPhase$1.process(AsyncResponseFlowProcessingPhase.java:60)
	at org.mule.execution.ExecuteCallbackInterceptor.execute(ExecuteCallbackInterceptor.java:16)
	at org.mule.execution.CommitTransactionInterceptor.execute(CommitTransactionInterceptor.java:35)
	at org.mule.execution.CommitTransactionInterceptor.execute(CommitTransactionInterceptor.java:22)
	at org.mule.execution.HandleExceptionInterceptor.execute(HandleExceptionInterceptor.java:30)
	at org.mule.execution.HandleExceptionInterceptor.execute(HandleExceptionInterceptor.java:14)
	at org.mule.execution.BeginAndResolveTransactionInterceptor.execute(BeginAndResolveTransactionInterceptor.java:67)
	at org.mule.execution.ResolvePreviousTransactionInterceptor.execute(ResolvePreviousTransactionInterceptor.java:44)
	at org.mule.execution.SuspendXaTransactionInterceptor.execute(SuspendXaTransactionInterceptor.java:50)
	at org.mule.execution.ValidateTransactionalStateInterceptor.execute(ValidateTransactionalStateInterceptor.java:40)
	at org.mule.execution.IsolateCurrentTransactionInterceptor.execute(IsolateCurrentTransactionInterceptor.java:41)
	at org.mule.execution.ExternalTransactionInterceptor.execute(ExternalTransactionInterceptor.java:48)
	at org.mule.execution.RethrowExceptionInterceptor.execute(RethrowExceptionInterceptor.java:28)
	at org.mule.execution.RethrowExceptionInterceptor.execute(RethrowExceptionInterceptor.java:13)
	at org.mule.execution.TransactionalErrorHandlingExecutionTemplate.execute(TransactionalErrorHandlingExecutionTemplate.java:110)
	at org.mule.execution.AsyncResponseFlowProcessingPhase.runPhase(AsyncResponseFlowProcessingPhase.java:59)
	at org.mule.execution.AsyncResponseFlowProcessingPhase.runPhase(AsyncResponseFlowProcessingPhase.java:36)
	at org.mule.execution.PhaseExecutionEngine$InternalPhaseExecutionEngine.phaseSuccessfully(PhaseExecutionEngine.java:65)
	at org.mule.execution.PhaseExecutionEngine$InternalPhaseExecutionEngine.phaseSuccessfully(PhaseExecutionEngine.java:69)
	at com.mulesoft.mule.throttling.ThrottlingPhase.runPhase(ThrottlingPhase.java:187)
	at com.mulesoft.mule.throttling.ThrottlingPhase.runPhase(ThrottlingPhase.java:58)
	at org.mule.execution.PhaseExecutionEngine$InternalPhaseExecutionEngine.phaseSuccessfully(PhaseExecutionEngine.java:65)
	at com.mulesoft.gateway.http.phases.GatewayValidationPhase.runPhase(GatewayValidationPhase.java:93)
	at com.mulesoft.gateway.http.phases.GatewayValidationPhase.runPhase(GatewayValidationPhase.java:49)
	at org.mule.execution.PhaseExecutionEngine$InternalPhaseExecutionEngine.phaseSuccessfully(PhaseExecutionEngine.java:65)
	at org.mule.modules.cors.CorsPhase.runPhase(CorsPhase.java:112)
	at org.mule.modules.cors.CorsPhase.runPhase(CorsPhase.java:39)
	at org.mule.execution.PhaseExecutionEngine$InternalPhaseExecutionEngine.process(PhaseExecutionEngine.java:114)
	at org.mule.execution.PhaseExecutionEngine.process(PhaseExecutionEngine.java:41)
	at org.mule.execution.MuleMessageProcessingManager.processMessage(MuleMessageProcessingManager.java:32)
	at org.mule.module.http.internal.listener.DefaultHttpListener$1.handleRequest(DefaultHttpListener.java:137)
	at org.mule.module.http.internal.listener.grizzly.GrizzlyRequestDispatcherFilter.handleRead(GrizzlyRequestDispatcherFilter.java:110)
	at org.glassfish.grizzly.filterchain.ExecutorResolver$9.execute(ExecutorResolver.java:119)
	at org.glassfish.grizzly.filterchain.DefaultFilterChain.executeFilter(DefaultFilterChain.java:284)
	at org.glassfish.grizzly.filterchain.DefaultFilterChain.executeChainPart(DefaultFilterChain.java:201)
	at org.glassfish.grizzly.filterchain.DefaultFilterChain.execute(DefaultFilterChain.java:133)
	at org.glassfish.grizzly.filterchain.DefaultFilterChain.process(DefaultFilterChain.java:112)
	at org.glassfish.grizzly.ProcessorExecutor.execute(ProcessorExecutor.java:77)
	at org.glassfish.grizzly.nio.transport.TCPNIOTransport.fireIOEvent(TCPNIOTransport.java:540)
	at org.glassfish.grizzly.strategies.AbstractIOStrategy.fireIOEvent(AbstractIOStrategy.java:112)
	at org.mule.module.http.internal.listener.grizzly.ExecutorPerServerAddressIOStrategy.run0(ExecutorPerServerAddressIOStrategy.java:126)
	at org.mule.module.http.internal.listener.grizzly.ExecutorPerServerAddressIOStrategy.access$100(ExecutorPerServerAddressIOStrategy.java:32)
	at org.mule.module.http.internal.listener.grizzly.ExecutorPerServerAddressIOStrategy$WorkerThreadRunnable.run(ExecutorPerServerAddressIOStrategy.java:149)
	at java.util.concurrent.ThreadPoolExecutor.runWorker(ThreadPoolExecutor.java:1149)
	at java.util.concurrent.ThreadPoolExecutor$Worker.run(ThreadPoolExecutor.java:624)
	at java.lang.Thread.run(Thread.java:748)

********************************************************************************

2020-03-21 08:24:13,836 [Mule.app.deployer.monitor.1.thread.1] INFO  org.mule.module.launcher.application.DefaultMuleApplication - 
++++++++++++++++++++++++++++++++++++++++++++++++++++++++++++
+ Stopping app 'enricher'                                  +
++++++++++++++++++++++++++++++++++++++++++++++++++++++++++++
2020-03-21 08:24:13,837 [Mule.app.deployer.monitor.1.thread.1] INFO  org.mule.construct.FlowConstructLifecycleManager - Stopping flow: enricherFlow
2020-03-21 08:24:13,838 [Mule.app.deployer.monitor.1.thread.1] INFO  org.mule.processor.SedaStageLifecycleManager - Stopping service: enricherFlow.stage1
2020-03-21 08:24:14,037 [Mule.app.deployer.monitor.1.thread.1] INFO  org.mule.lifecycle.AbstractLifecycleManager - Stopping model: _muleSystemModel
2020-03-21 08:24:14,047 [Mule.app.deployer.monitor.1.thread.1] INFO  org.mule.module.http.internal.listener.DefaultHttpListenerConfig - Stopped listener on http://0.0.0.0:8081/enrich
2020-03-21 08:24:14,049 [Mule.app.deployer.monitor.1.thread.1] INFO  org.mule.util.queue.QueueXaResourceManager - Stopping ResourceManager
2020-03-21 08:24:14,049 [Mule.app.deployer.monitor.1.thread.1] INFO  org.mule.util.queue.QueueXaResourceManager - Stopped ResourceManager
2020-03-21 08:24:14,053 [Mule.app.deployer.monitor.1.thread.1] INFO  org.mule.module.launcher.application.DefaultMuleApplication - 
++++++++++++++++++++++++++++++++++++++++++++++++++++++++++++
+ Disposing app 'enricher'                                 +
++++++++++++++++++++++++++++++++++++++++++++++++++++++++++++
2020-03-21 08:24:14,057 [Mule.app.deployer.monitor.1.thread.1] INFO  org.mule.lifecycle.AbstractLifecycleManager - Disposing RegistryBroker
2020-03-21 08:24:14,059 [Mule.app.deployer.monitor.1.thread.1] INFO  org.mule.construct.FlowConstructLifecycleManager - Disposing flow: enricherFlow
2020-03-21 08:24:14,061 [Mule.app.deployer.monitor.1.thread.1] INFO  org.mule.processor.SedaStageLifecycleManager - Disposing service: enricherFlow.stage1
2020-03-21 08:24:14,066 [Mule.app.deployer.monitor.1.thread.1] INFO  org.mule.lifecycle.AbstractLifecycleManager - Disposing model: _muleSystemModel
2020-03-21 08:24:14,175 [Mule.app.deployer.monitor.1.thread.1] INFO  org.mule.config.spring.MuleArtifactContext - Closing org.mule.config.spring.MuleArtifactContext@794d2206: startup date [Sat Mar 21 08:23:43 IST 2020]; root of context hierarchy
2020-03-21 08:24:14,182 [Mule.app.deployer.monitor.1.thread.1] INFO  org.mule.DefaultMuleContext - 
**********************************************************************
* Application "enricher" shut down normally on: 21/3/20 8:24 AM      *
* Up for: 0 days, 0 hours, 0 mins, 30.452 sec                        *
**********************************************************************
2020-03-21 08:24:14,330 [Mule.app.deployer.monitor.1.thread.1] INFO  org.mule.module.launcher.application.DefaultMuleApplication - 
++++++++++++++++++++++++++++++++++++++++++++++++++++++++++++
+ Initializing app 'enricher'                              +
++++++++++++++++++++++++++++++++++++++++++++++++++++++++++++
2020-03-21 08:24:14,336 [Mule.app.deployer.monitor.1.thread.1] INFO  org.mule.util.JdkVersionUtils - You're executing with a JDK made by a vendor that is not on the recommended list of vendors. Vendor: AdoptOpenJDK Please consider changing to a recommended JDK vendor.
2020-03-21 08:24:14,339 [Mule.app.deployer.monitor.1.thread.1] INFO  org.mule.lifecycle.AbstractLifecycleManager - Initialising RegistryBroker
2020-03-21 08:24:14,346 [Mule.app.deployer.monitor.1.thread.1] INFO  org.mule.module.extension.internal.manager.DefaultExtensionManager - Starting discovery of extensions
2020-03-21 08:24:14,381 [Mule.app.deployer.monitor.1.thread.1] INFO  org.mule.module.extension.internal.manager.DefaultExtensionManager - Discovered 1 extensions
2020-03-21 08:24:14,389 [Mule.app.deployer.monitor.1.thread.1] INFO  org.mule.module.extension.internal.manager.DefaultExtensionManager - Registering extension validation (version 3.9)
2020-03-21 08:24:14,397 [Mule.app.deployer.monitor.1.thread.1] INFO  org.mule.config.spring.MuleArtifactContext - Refreshing org.mule.config.spring.MuleArtifactContext@2cbc0ca0: startup date [Sat Mar 21 08:24:14 IST 2020]; root of context hierarchy
2020-03-21 08:24:14,872 [Mule.app.deployer.monitor.1.thread.1] INFO  org.mule.config.spring.processors.NoDevkitInjectorProcessor - JSR-330 'javax.inject.Inject' annotation found and supported for autowiring
2020-03-21 08:24:15,000 [Mule.app.deployer.monitor.1.thread.1] INFO  org.mule.util.journal.TransactionJournal - Using files for tx logs F:\gitrepo\mule\.mule\.\.mule\enricher\queue-tx-log\tx1.log and F:\gitrepo\mule\.mule\.\.mule\enricher\queue-tx-log\tx2.log
2020-03-21 08:24:15,005 [Mule.app.deployer.monitor.1.thread.1] INFO  org.mule.util.journal.TransactionJournal - Using files for tx logs F:\gitrepo\mule\.mule\.\.mule\enricher\queue-xa-tx-log\tx1.log and F:\gitrepo\mule\.mule\.\.mule\enricher\queue-xa-tx-log\tx2.log
2020-03-21 08:24:15,017 [Mule.app.deployer.monitor.1.thread.1] INFO  org.mule.lifecycle.AbstractLifecycleManager - Initialising model: _muleSystemModel
2020-03-21 08:24:15,020 [Mule.app.deployer.monitor.1.thread.1] INFO  org.mule.construct.FlowConstructLifecycleManager - Initialising flow: enricherFlow
2020-03-21 08:24:15,022 [Mule.app.deployer.monitor.1.thread.1] INFO  org.mule.exception.DefaultMessagingExceptionStrategy - Initialising exception listener: org.mule.exception.DefaultMessagingExceptionStrategy@6b9cbb8b
2020-03-21 08:24:15,032 [Mule.app.deployer.monitor.1.thread.1] INFO  org.mule.processor.SedaStageLifecycleManager - Initialising service: enricherFlow.stage1
2020-03-21 08:24:15,056 [Mule.app.deployer.monitor.1.thread.1] INFO  org.mule.config.spring.SpringXmlConfigurationBuilder - Configured Mule using "org.mule.config.spring.SpringXmlConfigurationBuilder" with configuration resource(s): "[ConfigResource{resourceName='F:\gitrepo\mule\.mule\apps\enricher\enricher.xml'}]"
2020-03-21 08:24:15,056 [Mule.app.deployer.monitor.1.thread.1] INFO  org.mule.config.builders.AutoConfigurationBuilder - Configured Mule using "org.mule.config.builders.AutoConfigurationBuilder" with configuration resource(s): "[ConfigResource{resourceName='F:\gitrepo\mule\.mule\apps\enricher\enricher.xml'}]"
2020-03-21 08:24:15,058 [Mule.app.deployer.monitor.1.thread.1] INFO  org.mule.module.launcher.application.DefaultMuleApplication - 
++++++++++++++++++++++++++++++++++++++++++++++++++++++++++++
+ Starting app 'enricher'                                  +
++++++++++++++++++++++++++++++++++++++++++++++++++++++++++++
2020-03-21 08:24:15,062 [Mule.app.deployer.monitor.1.thread.1] INFO  org.mule.util.queue.QueueXaResourceManager - Starting ResourceManager
2020-03-21 08:24:15,062 [Mule.app.deployer.monitor.1.thread.1] INFO  org.mule.util.queue.QueueXaResourceManager - Started ResourceManager
2020-03-21 08:24:15,073 [Mule.app.deployer.monitor.1.thread.1] INFO  org.mule.module.http.internal.listener.DefaultHttpListenerConfig - Listening for requests on http://0.0.0.0:8081/enrich
2020-03-21 08:24:15,078 [Mule.app.deployer.monitor.1.thread.1] INFO  org.mule.lifecycle.AbstractLifecycleManager - Starting model: _muleSystemModel
2020-03-21 08:24:15,081 [Mule.app.deployer.monitor.1.thread.1] INFO  org.mule.construct.FlowConstructLifecycleManager - Starting flow: enricherFlow
2020-03-21 08:24:15,081 [Mule.app.deployer.monitor.1.thread.1] INFO  org.mule.processor.SedaStageLifecycleManager - Starting service: enricherFlow.stage1
2020-03-21 08:24:15,098 [Mule.app.deployer.monitor.1.thread.1] INFO  org.mule.module.management.agent.WrapperManagerAgent - This JVM hasn't been launched by the wrapper, the agent will not run.
2020-03-21 08:24:15,104 [Mule.app.deployer.monitor.1.thread.1] INFO  org.mule.DefaultMuleContext - 
**********************************************************************
* Application: enricher                                              *
* OS encoding: \, Mule encoding: UTF-8                               *
*                                                                    *
* Agents Running:                                                    *
*   Batch module default engine                                      *
*   JMX Agent                                                        *
*   Wrapper Manager                                                  *
**********************************************************************
2020-03-21 08:24:22,685 [[enricher].HTTP_Listener_Configuration.worker.01] ERROR org.mule.exception.DefaultMessagingExceptionStrategy - 
********************************************************************************
Message               : Execution of the expression "payload[0].phone=__object_for_enrichment" failed. (org.mule.api.expression.ExpressionRuntimeException).
Payload               : {NullPayload}
Payload Type          : org.mule.transport.NullPayload
Element               : /enricherFlow/processors/1 @ enricher:enricher.xml:16 (Message Enricher)
Element XML           : <enricher doc:name="Message Enricher">
                        <db:select config-ref="MySQL_Configuration" doc:name="Database">
                        <db:parameterized-query>select * from customer</db:parameterized-query>
                        </db:select>
                        <enrich source="#[flowVars.gender]" target="#[payload[0].phone]"></enrich>
                        </enricher>
--------------------------------------------------------------------------------
Root Exception stack trace:
java.lang.NullPointerException
	at org.mule.mvel2.optimizers.impl.refl.ReflectiveAccessorOptimizer.compileGetChain(ReflectiveAccessorOptimizer.java:441)
	at org.mule.mvel2.optimizers.impl.refl.ReflectiveAccessorOptimizer.optimizeSetAccessor(ReflectiveAccessorOptimizer.java:244)
	at org.mule.mvel2.compiler.CompiledAccExpression.setValue(CompiledAccExpression.java:68)
	at org.mule.mvel2.ast.DeepAssignmentNode.getReducedValueAccelerated(DeepAssignmentNode.java:92)
	at org.mule.mvel2.MVELRuntime.execute(MVELRuntime.java:86)
	at org.mule.mvel2.compiler.CompiledExpression.getDirectValue(CompiledExpression.java:123)
	at org.mule.mvel2.compiler.CompiledExpression.getValue(CompiledExpression.java:119)
	at org.mule.mvel2.compiler.CompiledExpression.getValue(CompiledExpression.java:113)
	at org.mule.mvel2.MVEL.executeExpression(MVEL.java:953)
	at org.mule.el.mvel.MVELExpressionExecutor.execute(MVELExpressionExecutor.java:87)
	at org.mule.el.mvel.MVELExpressionLanguage.evaluateInternal(MVELExpressionLanguage.java:228)
	at org.mule.el.mvel.MVELExpressionLanguage.evaluate(MVELExpressionLanguage.java:192)
	at org.mule.el.mvel.MVELExpressionLanguage.enrich(MVELExpressionLanguage.java:198)
	at org.mule.expression.DefaultExpressionManager.enrichTyped(DefaultExpressionManager.java:262)
	at org.mule.enricher.MessageEnricher.enrich(MessageEnricher.java:97)
	at org.mule.enricher.MessageEnricher$EnricherProcessor.processResponse(MessageEnricher.java:257)
	at org.mule.processor.AbstractRequestResponseMessageProcessor.processBlocking(AbstractRequestResponseMessageProcessor.java:57)
	at org.mule.enricher.MessageEnricher$EnricherProcessor.processBlocking(MessageEnricher.java:216)
	at org.mule.processor.AbstractRequestResponseMessageProcessor.process(AbstractRequestResponseMessageProcessor.java:48)
	at org.mule.enricher.MessageEnricher.process(MessageEnricher.java:73)
	at org.mule.execution.ExceptionToMessagingExceptionExecutionInterceptor.execute(ExceptionToMessagingExceptionExecutionInterceptor.java:27)
	at org.mule.execution.MessageProcessorNotificationExecutionInterceptor.execute(MessageProcessorNotificationExecutionInterceptor.java:111)
	at org.mule.execution.MessageProcessorExecutionTemplate.execute(MessageProcessorExecutionTemplate.java:44)
	at org.mule.processor.BlockingProcessorExecutor.executeNext(BlockingProcessorExecutor.java:88)
	at org.mule.processor.BlockingProcessorExecutor.execute(BlockingProcessorExecutor.java:59)
	at org.mule.execution.ExceptionToMessagingExceptionExecutionInterceptor.execute(ExceptionToMessagingExceptionExecutionInterceptor.java:27)
	at org.mule.execution.MessageProcessorExecutionTemplate.execute(MessageProcessorExecutionTemplate.java:44)
	at org.mule.processor.BlockingProcessorExecutor.executeNext(BlockingProcessorExecutor.java:98)
	at org.mule.processor.BlockingProcessorExecutor.execute(BlockingProcessorExecutor.java:59)
	at org.mule.processor.AsyncInterceptingMessageProcessor.process(AsyncInterceptingMessageProcessor.java:110)
	at org.mule.execution.ExceptionToMessagingExceptionExecutionInterceptor.execute(ExceptionToMessagingExceptionExecutionInterceptor.java:27)
	at org.mule.execution.MessageProcessorNotificationExecutionInterceptor.execute(MessageProcessorNotificationExecutionInterceptor.java:111)
	at org.mule.execution.MessageProcessorExecutionTemplate.execute(MessageProcessorExecutionTemplate.java:44)
	at org.mule.processor.BlockingProcessorExecutor.executeNext(BlockingProcessorExecutor.java:98)
	at org.mule.processor.BlockingProcessorExecutor.execute(BlockingProcessorExecutor.java:59)
	at org.mule.construct.DynamicPipelineMessageProcessor.process(DynamicPipelineMessageProcessor.java:55)
	at org.mule.execution.ExceptionToMessagingExceptionExecutionInterceptor.execute(ExceptionToMessagingExceptionExecutionInterceptor.java:27)
	at org.mule.execution.MessageProcessorNotificationExecutionInterceptor.execute(MessageProcessorNotificationExecutionInterceptor.java:111)
	at org.mule.execution.MessageProcessorExecutionTemplate.execute(MessageProcessorExecutionTemplate.java:44)
	at org.mule.processor.BlockingProcessorExecutor.executeNext(BlockingProcessorExecutor.java:88)
	at org.mule.processor.BlockingProcessorExecutor.execute(BlockingProcessorExecutor.java:59)
	at org.mule.execution.ExceptionToMessagingExceptionExecutionInterceptor.execute(ExceptionToMessagingExceptionExecutionInterceptor.java:27)
	at org.mule.execution.MessageProcessorExecutionTemplate.execute(MessageProcessorExecutionTemplate.java:44)
	at org.mule.processor.BlockingProcessorExecutor.executeNext(BlockingProcessorExecutor.java:98)
	at org.mule.processor.BlockingProcessorExecutor.execute(BlockingProcessorExecutor.java:59)
	at org.mule.interceptor.AbstractEnvelopeInterceptor.processBlocking(AbstractEnvelopeInterceptor.java:59)
	at org.mule.processor.AbstractRequestResponseMessageProcessor.process(AbstractRequestResponseMessageProcessor.java:48)
	at org.mule.execution.ExceptionToMessagingExceptionExecutionInterceptor.execute(ExceptionToMessagingExceptionExecutionInterceptor.java:27)
	at org.mule.execution.MessageProcessorNotificationExecutionInterceptor.execute(MessageProcessorNotificationExecutionInterceptor.java:111)
	at org.mule.execution.MessageProcessorExecutionTemplate.execute(MessageProcessorExecutionTemplate.java:44)
	at org.mule.processor.BlockingProcessorExecutor.executeNext(BlockingProcessorExecutor.java:98)
	at org.mule.processor.BlockingProcessorExecutor.execute(BlockingProcessorExecutor.java:59)
	at org.mule.processor.AbstractFilteringMessageProcessor.process(AbstractFilteringMessageProcessor.java:62)
	at org.mule.execution.ExceptionToMessagingExceptionExecutionInterceptor.execute(ExceptionToMessagingExceptionExecutionInterceptor.java:27)
	at org.mule.execution.MessageProcessorNotificationExecutionInterceptor.execute(MessageProcessorNotificationExecutionInterceptor.java:111)
	at org.mule.execution.MessageProcessorExecutionTemplate.execute(MessageProcessorExecutionTemplate.java:44)
	at org.mule.processor.BlockingProcessorExecutor.executeNext(BlockingProcessorExecutor.java:98)
	at org.mule.processor.BlockingProcessorExecutor.execute(BlockingProcessorExecutor.java:59)
	at org.mule.processor.AbstractRequestResponseMessageProcessor.processBlocking(AbstractRequestResponseMessageProcessor.java:57)
	at org.mule.processor.AbstractRequestResponseMessageProcessor.process(AbstractRequestResponseMessageProcessor.java:48)
	at org.mule.execution.ExceptionToMessagingExceptionExecutionInterceptor.execute(ExceptionToMessagingExceptionExecutionInterceptor.java:27)
	at org.mule.execution.MessageProcessorNotificationExecutionInterceptor.execute(MessageProcessorNotificationExecutionInterceptor.java:111)
	at org.mule.execution.MessageProcessorExecutionTemplate.execute(MessageProcessorExecutionTemplate.java:44)
	at org.mule.processor.BlockingProcessorExecutor.executeNext(BlockingProcessorExecutor.java:88)
	at org.mule.processor.BlockingProcessorExecutor.execute(BlockingProcessorExecutor.java:59)
	at org.mule.execution.ExceptionToMessagingExceptionExecutionInterceptor.execute(ExceptionToMessagingExceptionExecutionInterceptor.java:27)
	at org.mule.execution.MessageProcessorNotificationExecutionInterceptor.execute(MessageProcessorNotificationExecutionInterceptor.java:111)
	at org.mule.execution.MessageProcessorExecutionTemplate.execute(MessageProcessorExecutionTemplate.java:44)
	at org.mule.construct.AbstractPipeline$3.process(AbstractPipeline.java:232)
	at org.mule.module.http.internal.listener.HttpMessageProcessorTemplate.routeEvent(HttpMessageProcessorTemplate.java:74)
	at org.mule.execution.AsyncResponseFlowProcessingPhase$1.process(AsyncResponseFlowProcessingPhase.java:73)
	at org.mule.execution.AsyncResponseFlowProcessingPhase$1.process(AsyncResponseFlowProcessingPhase.java:60)
	at org.mule.execution.ExecuteCallbackInterceptor.execute(ExecuteCallbackInterceptor.java:16)
	at org.mule.execution.CommitTransactionInterceptor.execute(CommitTransactionInterceptor.java:35)
	at org.mule.execution.CommitTransactionInterceptor.execute(CommitTransactionInterceptor.java:22)
	at org.mule.execution.HandleExceptionInterceptor.execute(HandleExceptionInterceptor.java:30)
	at org.mule.execution.HandleExceptionInterceptor.execute(HandleExceptionInterceptor.java:14)
	at org.mule.execution.BeginAndResolveTransactionInterceptor.execute(BeginAndResolveTransactionInterceptor.java:67)
	at org.mule.execution.ResolvePreviousTransactionInterceptor.execute(ResolvePreviousTransactionInterceptor.java:44)
	at org.mule.execution.SuspendXaTransactionInterceptor.execute(SuspendXaTransactionInterceptor.java:50)
	at org.mule.execution.ValidateTransactionalStateInterceptor.execute(ValidateTransactionalStateInterceptor.java:40)
	at org.mule.execution.IsolateCurrentTransactionInterceptor.execute(IsolateCurrentTransactionInterceptor.java:41)
	at org.mule.execution.ExternalTransactionInterceptor.execute(ExternalTransactionInterceptor.java:48)
	at org.mule.execution.RethrowExceptionInterceptor.execute(RethrowExceptionInterceptor.java:28)
	at org.mule.execution.RethrowExceptionInterceptor.execute(RethrowExceptionInterceptor.java:13)
	at org.mule.execution.TransactionalErrorHandlingExecutionTemplate.execute(TransactionalErrorHandlingExecutionTemplate.java:110)
	at org.mule.execution.AsyncResponseFlowProcessingPhase.runPhase(AsyncResponseFlowProcessingPhase.java:59)
	at org.mule.execution.AsyncResponseFlowProcessingPhase.runPhase(AsyncResponseFlowProcessingPhase.java:36)
	at org.mule.execution.PhaseExecutionEngine$InternalPhaseExecutionEngine.phaseSuccessfully(PhaseExecutionEngine.java:65)
	at org.mule.execution.PhaseExecutionEngine$InternalPhaseExecutionEngine.phaseSuccessfully(PhaseExecutionEngine.java:69)
	at com.mulesoft.mule.throttling.ThrottlingPhase.runPhase(ThrottlingPhase.java:187)
	at com.mulesoft.mule.throttling.ThrottlingPhase.runPhase(ThrottlingPhase.java:58)
	at org.mule.execution.PhaseExecutionEngine$InternalPhaseExecutionEngine.phaseSuccessfully(PhaseExecutionEngine.java:65)
	at com.mulesoft.gateway.http.phases.GatewayValidationPhase.runPhase(GatewayValidationPhase.java:93)
	at com.mulesoft.gateway.http.phases.GatewayValidationPhase.runPhase(GatewayValidationPhase.java:49)
	at org.mule.execution.PhaseExecutionEngine$InternalPhaseExecutionEngine.phaseSuccessfully(PhaseExecutionEngine.java:65)
	at org.mule.modules.cors.CorsPhase.runPhase(CorsPhase.java:112)
	at org.mule.modules.cors.CorsPhase.runPhase(CorsPhase.java:39)
	at org.mule.execution.PhaseExecutionEngine$InternalPhaseExecutionEngine.process(PhaseExecutionEngine.java:114)
	at org.mule.execution.PhaseExecutionEngine.process(PhaseExecutionEngine.java:41)
	at org.mule.execution.MuleMessageProcessingManager.processMessage(MuleMessageProcessingManager.java:32)
	at org.mule.module.http.internal.listener.DefaultHttpListener$1.handleRequest(DefaultHttpListener.java:137)
	at org.mule.module.http.internal.listener.grizzly.GrizzlyRequestDispatcherFilter.handleRead(GrizzlyRequestDispatcherFilter.java:110)
	at org.glassfish.grizzly.filterchain.ExecutorResolver$9.execute(ExecutorResolver.java:119)
	at org.glassfish.grizzly.filterchain.DefaultFilterChain.executeFilter(DefaultFilterChain.java:284)
	at org.glassfish.grizzly.filterchain.DefaultFilterChain.executeChainPart(DefaultFilterChain.java:201)
	at org.glassfish.grizzly.filterchain.DefaultFilterChain.execute(DefaultFilterChain.java:133)
	at org.glassfish.grizzly.filterchain.DefaultFilterChain.process(DefaultFilterChain.java:112)
	at org.glassfish.grizzly.ProcessorExecutor.execute(ProcessorExecutor.java:77)
	at org.glassfish.grizzly.nio.transport.TCPNIOTransport.fireIOEvent(TCPNIOTransport.java:540)
	at org.glassfish.grizzly.strategies.AbstractIOStrategy.fireIOEvent(AbstractIOStrategy.java:112)
	at org.mule.module.http.internal.listener.grizzly.ExecutorPerServerAddressIOStrategy.run0(ExecutorPerServerAddressIOStrategy.java:126)
	at org.mule.module.http.internal.listener.grizzly.ExecutorPerServerAddressIOStrategy.access$100(ExecutorPerServerAddressIOStrategy.java:32)
	at org.mule.module.http.internal.listener.grizzly.ExecutorPerServerAddressIOStrategy$WorkerThreadRunnable.run(ExecutorPerServerAddressIOStrategy.java:149)
	at java.util.concurrent.ThreadPoolExecutor.runWorker(ThreadPoolExecutor.java:1149)
	at java.util.concurrent.ThreadPoolExecutor$Worker.run(ThreadPoolExecutor.java:624)
	at java.lang.Thread.run(Thread.java:748)

********************************************************************************

2020-03-21 08:25:25,138 [Mule.app.deployer.monitor.1.thread.1] INFO  org.mule.module.launcher.application.DefaultMuleApplication - 
++++++++++++++++++++++++++++++++++++++++++++++++++++++++++++
+ Stopping app 'enricher'                                  +
++++++++++++++++++++++++++++++++++++++++++++++++++++++++++++
2020-03-21 08:25:25,140 [Mule.app.deployer.monitor.1.thread.1] INFO  org.mule.construct.FlowConstructLifecycleManager - Stopping flow: enricherFlow
2020-03-21 08:25:25,140 [Mule.app.deployer.monitor.1.thread.1] INFO  org.mule.processor.SedaStageLifecycleManager - Stopping service: enricherFlow.stage1
2020-03-21 08:25:25,204 [Mule.app.deployer.monitor.1.thread.1] INFO  org.mule.lifecycle.AbstractLifecycleManager - Stopping model: _muleSystemModel
2020-03-21 08:25:25,208 [Mule.app.deployer.monitor.1.thread.1] INFO  org.mule.module.http.internal.listener.DefaultHttpListenerConfig - Stopped listener on http://0.0.0.0:8081/enrich
2020-03-21 08:25:25,209 [Mule.app.deployer.monitor.1.thread.1] INFO  org.mule.util.queue.QueueXaResourceManager - Stopping ResourceManager
2020-03-21 08:25:25,209 [Mule.app.deployer.monitor.1.thread.1] INFO  org.mule.util.queue.QueueXaResourceManager - Stopped ResourceManager
2020-03-21 08:25:25,212 [Mule.app.deployer.monitor.1.thread.1] INFO  org.mule.module.launcher.application.DefaultMuleApplication - 
++++++++++++++++++++++++++++++++++++++++++++++++++++++++++++
+ Disposing app 'enricher'                                 +
++++++++++++++++++++++++++++++++++++++++++++++++++++++++++++
2020-03-21 08:25:25,212 [Mule.app.deployer.monitor.1.thread.1] INFO  org.mule.lifecycle.AbstractLifecycleManager - Disposing RegistryBroker
2020-03-21 08:25:25,213 [Mule.app.deployer.monitor.1.thread.1] INFO  org.mule.construct.FlowConstructLifecycleManager - Disposing flow: enricherFlow
2020-03-21 08:25:25,214 [Mule.app.deployer.monitor.1.thread.1] INFO  org.mule.processor.SedaStageLifecycleManager - Disposing service: enricherFlow.stage1
2020-03-21 08:25:25,216 [Mule.app.deployer.monitor.1.thread.1] INFO  org.mule.lifecycle.AbstractLifecycleManager - Disposing model: _muleSystemModel
2020-03-21 08:25:25,230 [Mule.app.deployer.monitor.1.thread.1] INFO  org.mule.config.spring.MuleArtifactContext - Closing org.mule.config.spring.MuleArtifactContext@2cbc0ca0: startup date [Sat Mar 21 08:24:14 IST 2020]; root of context hierarchy
2020-03-21 08:25:25,234 [Mule.app.deployer.monitor.1.thread.1] INFO  org.mule.DefaultMuleContext - 
**********************************************************************
* Application "enricher" shut down normally on: 21/3/20 8:25 AM      *
* Up for: 0 days, 0 hours, 1 mins, 10.176 sec                        *
**********************************************************************
2020-03-21 08:25:25,325 [Mule.app.deployer.monitor.1.thread.1] INFO  org.mule.module.launcher.application.DefaultMuleApplication - 
++++++++++++++++++++++++++++++++++++++++++++++++++++++++++++
+ Initializing app 'enricher'                              +
++++++++++++++++++++++++++++++++++++++++++++++++++++++++++++
2020-03-21 08:25:25,335 [Mule.app.deployer.monitor.1.thread.1] INFO  org.mule.util.JdkVersionUtils - You're executing with a JDK made by a vendor that is not on the recommended list of vendors. Vendor: AdoptOpenJDK Please consider changing to a recommended JDK vendor.
2020-03-21 08:25:25,337 [Mule.app.deployer.monitor.1.thread.1] INFO  org.mule.lifecycle.AbstractLifecycleManager - Initialising RegistryBroker
2020-03-21 08:25:25,343 [Mule.app.deployer.monitor.1.thread.1] INFO  org.mule.module.extension.internal.manager.DefaultExtensionManager - Starting discovery of extensions
2020-03-21 08:25:25,363 [Mule.app.deployer.monitor.1.thread.1] INFO  org.mule.module.extension.internal.manager.DefaultExtensionManager - Discovered 1 extensions
2020-03-21 08:25:25,368 [Mule.app.deployer.monitor.1.thread.1] INFO  org.mule.module.extension.internal.manager.DefaultExtensionManager - Registering extension validation (version 3.9)
2020-03-21 08:25:25,374 [Mule.app.deployer.monitor.1.thread.1] INFO  org.mule.config.spring.MuleArtifactContext - Refreshing org.mule.config.spring.MuleArtifactContext@60a7af1f: startup date [Sat Mar 21 08:25:25 IST 2020]; root of context hierarchy
2020-03-21 08:25:25,885 [Mule.app.deployer.monitor.1.thread.1] INFO  org.mule.lifecycle.AbstractLifecycleManager - Disposing RegistryBroker
2020-03-21 08:25:25,889 [Mule.app.deployer.monitor.1.thread.1] ERROR org.mule.module.launcher.application.DefaultMuleApplication - null
org.xml.sax.SAXParseException: cvc-complex-type.2.4.a: Invalid content was found starting with element 'enrich'. One of '{"http://www.mulesoft.org/schema/mule/core":annotations, "http://www.mulesoft.org/schema/mule/core":abstract-message-processor, "http://www.mulesoft.org/schema/mule/core":abstract-outbound-endpoint, "http://www.mulesoft.org/schema/mule/core":abstract-mixed-content-message-processor}' is expected.
	at com.sun.org.apache.xerces.internal.util.ErrorHandlerWrapper.createSAXParseException(ErrorHandlerWrapper.java:203) ~[?:1.8.0_222]
	at com.sun.org.apache.xerces.internal.util.ErrorHandlerWrapper.error(ErrorHandlerWrapper.java:134) ~[?:1.8.0_222]
	at com.sun.org.apache.xerces.internal.impl.XMLErrorReporter.reportError(XMLErrorReporter.java:396) ~[?:1.8.0_222]
	at com.sun.org.apache.xerces.internal.impl.XMLErrorReporter.reportError(XMLErrorReporter.java:327) ~[?:1.8.0_222]
	at com.sun.org.apache.xerces.internal.impl.XMLErrorReporter.reportError(XMLErrorReporter.java:284) ~[?:1.8.0_222]
	at com.sun.org.apache.xerces.internal.impl.xs.XMLSchemaValidator$XSIErrorReporter.reportError(XMLSchemaValidator.java:453) ~[?:1.8.0_222]
	at com.sun.org.apache.xerces.internal.impl.xs.XMLSchemaValidator.reportSchemaError(XMLSchemaValidator.java:3231) ~[?:1.8.0_222]
	at com.sun.org.apache.xerces.internal.impl.xs.XMLSchemaValidator.handleStartElement(XMLSchemaValidator.java:1791) ~[?:1.8.0_222]
	at com.sun.org.apache.xerces.internal.impl.xs.XMLSchemaValidator.emptyElement(XMLSchemaValidator.java:761) ~[?:1.8.0_222]
	at com.sun.org.apache.xerces.internal.impl.XMLNSDocumentScannerImpl.scanStartElement(XMLNSDocumentScannerImpl.java:351) ~[?:1.8.0_222]
	at com.sun.org.apache.xerces.internal.impl.XMLDocumentFragmentScannerImpl$FragmentContentDriver.next(XMLDocumentFragmentScannerImpl.java:2784) ~[?:1.8.0_222]
	at com.sun.org.apache.xerces.internal.impl.XMLDocumentScannerImpl.next(XMLDocumentScannerImpl.java:602) ~[?:1.8.0_222]
	at com.sun.org.apache.xerces.internal.impl.XMLNSDocumentScannerImpl.next(XMLNSDocumentScannerImpl.java:112) ~[?:1.8.0_222]
	at com.sun.org.apache.xerces.internal.impl.XMLDocumentFragmentScannerImpl.scanDocument(XMLDocumentFragmentScannerImpl.java:505) ~[?:1.8.0_222]
	at com.sun.org.apache.xerces.internal.parsers.XML11Configuration.parse(XML11Configuration.java:842) ~[?:1.8.0_222]
	at com.sun.org.apache.xerces.internal.parsers.XML11Configuration.parse(XML11Configuration.java:771) ~[?:1.8.0_222]
	at com.sun.org.apache.xerces.internal.parsers.XMLParser.parse(XMLParser.java:141) ~[?:1.8.0_222]
	at com.sun.org.apache.xerces.internal.parsers.DOMParser.parse(DOMParser.java:243) ~[?:1.8.0_222]
	at com.sun.org.apache.xerces.internal.jaxp.DocumentBuilderImpl.parse(DocumentBuilderImpl.java:339) ~[?:1.8.0_222]
	at org.springframework.beans.factory.xml.DefaultDocumentLoader.loadDocument(DefaultDocumentLoader.java:76) ~[spring-beans-4.1.9.RELEASE.jar:4.1.9.RELEASE]
	at org.mule.config.spring.MuleDocumentLoader.loadDocument(MuleDocumentLoader.java:91) ~[mule-module-spring-config-3.9.2.jar:3.9.2]
	at org.springframework.beans.factory.xml.XmlBeanDefinitionReader.doLoadDocument(XmlBeanDefinitionReader.java:429) ~[spring-beans-4.1.9.RELEASE.jar:4.1.9.RELEASE]
	at org.springframework.beans.factory.xml.XmlBeanDefinitionReader.doLoadBeanDefinitions(XmlBeanDefinitionReader.java:391) ~[spring-beans-4.1.9.RELEASE.jar:4.1.9.RELEASE]
	at org.springframework.beans.factory.xml.XmlBeanDefinitionReader.loadBeanDefinitions(XmlBeanDefinitionReader.java:336) ~[spring-beans-4.1.9.RELEASE.jar:4.1.9.RELEASE]
	at org.springframework.beans.factory.xml.XmlBeanDefinitionReader.loadBeanDefinitions(XmlBeanDefinitionReader.java:304) ~[spring-beans-4.1.9.RELEASE.jar:4.1.9.RELEASE]
	at org.springframework.beans.factory.support.AbstractBeanDefinitionReader.loadBeanDefinitions(AbstractBeanDefinitionReader.java:181) ~[spring-beans-4.1.9.RELEASE.jar:4.1.9.RELEASE]
	at org.mule.config.spring.MuleArtifactContext.loadBeanDefinitions(MuleArtifactContext.java:199) ~[mule-module-spring-config-3.9.2.jar:3.9.2]
	at org.springframework.context.support.AbstractRefreshableApplicationContext.refreshBeanFactory(AbstractRefreshableApplicationContext.java:129) ~[spring-context-4.1.9.RELEASE.jar:4.1.9.RELEASE]
	at org.springframework.context.support.AbstractApplicationContext.obtainFreshBeanFactory(AbstractApplicationContext.java:541) ~[spring-context-4.1.9.RELEASE.jar:4.1.9.RELEASE]
	at org.springframework.context.support.AbstractApplicationContext.refresh(AbstractApplicationContext.java:452) ~[spring-context-4.1.9.RELEASE.jar:4.1.9.RELEASE]
	at org.mule.config.spring.SpringRegistry.doInitialise(SpringRegistry.java:108) ~[mule-module-spring-config-3.9.2.jar:3.9.2]
	at org.mule.registry.AbstractRegistry.initialise(AbstractRegistry.java:104) ~[mule-core-3.9.2.jar:3.9.2]
	at org.mule.config.spring.SpringXmlConfigurationBuilder.createSpringRegistry(SpringXmlConfigurationBuilder.java:177) ~[mule-module-spring-config-3.9.2.jar:3.9.2]
	at org.mule.config.spring.SpringXmlConfigurationBuilder.doConfigure(SpringXmlConfigurationBuilder.java:100) ~[mule-module-spring-config-3.9.2.jar:3.9.2]
	at org.mule.config.builders.AbstractConfigurationBuilder.configure(AbstractConfigurationBuilder.java:43) ~[mule-core-3.9.2.jar:3.9.2]
	at org.mule.config.builders.AbstractResourceConfigurationBuilder.configure(AbstractResourceConfigurationBuilder.java:69) ~[mule-core-3.9.2.jar:3.9.2]
	at org.mule.config.builders.AutoConfigurationBuilder.autoConfigure(AutoConfigurationBuilder.java:102) ~[mule-core-3.9.2.jar:3.9.2]
	at org.mule.config.builders.AutoConfigurationBuilder.doConfigure(AutoConfigurationBuilder.java:54) ~[mule-core-3.9.2.jar:3.9.2]
	at org.mule.config.builders.AbstractConfigurationBuilder.configure(AbstractConfigurationBuilder.java:43) ~[mule-core-3.9.2.jar:3.9.2]
	at org.mule.config.builders.AbstractResourceConfigurationBuilder.configure(AbstractResourceConfigurationBuilder.java:69) ~[mule-core-3.9.2.jar:3.9.2]
	at org.mule.context.DefaultMuleContextFactory$1.configure(DefaultMuleContextFactory.java:89) ~[mule-core-3.9.2.jar:3.9.2]
	at org.mule.context.DefaultMuleContextFactory.doCreateMuleContext(DefaultMuleContextFactory.java:222) ~[mule-core-3.9.2.jar:3.9.2]
	at org.mule.context.DefaultMuleContextFactory.createMuleContext(DefaultMuleContextFactory.java:81) ~[mule-core-3.9.2.jar:3.9.2]
	at org.mule.module.launcher.application.DefaultMuleApplication.init(DefaultMuleApplication.java:210) ~[mule-module-launcher-3.9.2.jar:3.9.2]
	at org.mule.module.launcher.artifact.ArtifactWrapper$2.execute(ArtifactWrapper.java:64) ~[mule-module-launcher-3.9.2.jar:3.9.2]
	at org.mule.module.launcher.artifact.ArtifactWrapper.executeWithinArtifactClassLoader(ArtifactWrapper.java:137) ~[mule-module-launcher-3.9.2.jar:3.9.2]
	at org.mule.module.launcher.artifact.ArtifactWrapper.init(ArtifactWrapper.java:59) ~[mule-module-launcher-3.9.2.jar:3.9.2]
	at org.mule.module.launcher.DefaultArtifactDeployer.deploy(DefaultArtifactDeployer.java:72) ~[mule-module-launcher-3.9.2.jar:3.9.2]
	at org.mule.module.launcher.DefaultArchiveDeployer.redeploy(DefaultArchiveDeployer.java:493) ~[mule-module-launcher-3.9.2.jar:3.9.2]
	at org.mule.module.launcher.DefaultArchiveDeployer.redeploy(DefaultArchiveDeployer.java:429) ~[mule-module-launcher-3.9.2.jar:3.9.2]
	at org.mule.module.launcher.DeploymentDirectoryWatcher.redeployModifiedArtifacts(DeploymentDirectoryWatcher.java:567) ~[mule-module-launcher-3.9.2.jar:3.9.2]
	at org.mule.module.launcher.DeploymentDirectoryWatcher.redeployModifiedApplications(DeploymentDirectoryWatcher.java:544) ~[mule-module-launcher-3.9.2.jar:3.9.2]
	at org.mule.module.launcher.DeploymentDirectoryWatcher.run(DeploymentDirectoryWatcher.java:356) ~[mule-module-launcher-3.9.2.jar:3.9.2]
	at java.util.concurrent.Executors$RunnableAdapter.call(Executors.java:511) ~[?:1.8.0_222]
	at java.util.concurrent.FutureTask.runAndReset(FutureTask.java:308) ~[?:1.8.0_222]
	at java.util.concurrent.ScheduledThreadPoolExecutor$ScheduledFutureTask.access$301(ScheduledThreadPoolExecutor.java:180) ~[?:1.8.0_222]
	at java.util.concurrent.ScheduledThreadPoolExecutor$ScheduledFutureTask.run(ScheduledThreadPoolExecutor.java:294) ~[?:1.8.0_222]
	at java.util.concurrent.ThreadPoolExecutor.runWorker(ThreadPoolExecutor.java:1149) [?:1.8.0_222]
	at java.util.concurrent.ThreadPoolExecutor$Worker.run(ThreadPoolExecutor.java:624) [?:1.8.0_222]
	at java.lang.Thread.run(Thread.java:748) [?:1.8.0_222]
2020-03-21 08:25:25,928 [Mule.app.deployer.monitor.1.thread.1] INFO  org.mule.module.launcher.application.DefaultMuleApplication - App 'enricher' never started, nothing to dispose of
2020-03-21 08:26:26,151 [Mule.app.deployer.monitor.1.thread.1] INFO  org.mule.module.launcher.application.DefaultMuleApplication - 
++++++++++++++++++++++++++++++++++++++++++++++++++++++++++++
+ Initializing app 'enricher'                              +
++++++++++++++++++++++++++++++++++++++++++++++++++++++++++++
2020-03-21 08:26:26,162 [Mule.app.deployer.monitor.1.thread.1] INFO  org.mule.util.JdkVersionUtils - You're executing with a JDK made by a vendor that is not on the recommended list of vendors. Vendor: AdoptOpenJDK Please consider changing to a recommended JDK vendor.
2020-03-21 08:26:26,169 [Mule.app.deployer.monitor.1.thread.1] INFO  org.mule.lifecycle.AbstractLifecycleManager - Initialising RegistryBroker
2020-03-21 08:26:26,198 [Mule.app.deployer.monitor.1.thread.1] INFO  org.mule.module.extension.internal.manager.DefaultExtensionManager - Starting discovery of extensions
2020-03-21 08:26:26,258 [Mule.app.deployer.monitor.1.thread.1] INFO  org.mule.module.extension.internal.manager.DefaultExtensionManager - Discovered 1 extensions
2020-03-21 08:26:26,260 [Mule.app.deployer.monitor.1.thread.1] INFO  org.mule.module.extension.internal.manager.DefaultExtensionManager - Registering extension validation (version 3.9)
2020-03-21 08:26:26,278 [Mule.app.deployer.monitor.1.thread.1] INFO  org.mule.config.spring.MuleArtifactContext - Refreshing org.mule.config.spring.MuleArtifactContext@4d5f7bf1: startup date [Sat Mar 21 08:26:26 IST 2020]; root of context hierarchy
2020-03-21 08:26:26,704 [Mule.app.deployer.monitor.1.thread.1] INFO  org.mule.config.spring.processors.NoDevkitInjectorProcessor - JSR-330 'javax.inject.Inject' annotation found and supported for autowiring
2020-03-21 08:26:26,836 [Mule.app.deployer.monitor.1.thread.1] INFO  org.mule.util.journal.TransactionJournal - Using files for tx logs F:\gitrepo\mule\.mule\.\.mule\enricher\queue-tx-log\tx1.log and F:\gitrepo\mule\.mule\.\.mule\enricher\queue-tx-log\tx2.log
2020-03-21 08:26:26,837 [Mule.app.deployer.monitor.1.thread.1] INFO  org.mule.util.journal.TransactionJournal - Using files for tx logs F:\gitrepo\mule\.mule\.\.mule\enricher\queue-xa-tx-log\tx1.log and F:\gitrepo\mule\.mule\.\.mule\enricher\queue-xa-tx-log\tx2.log
2020-03-21 08:26:26,845 [Mule.app.deployer.monitor.1.thread.1] INFO  org.mule.lifecycle.AbstractLifecycleManager - Initialising model: _muleSystemModel
2020-03-21 08:26:26,846 [Mule.app.deployer.monitor.1.thread.1] INFO  org.mule.construct.FlowConstructLifecycleManager - Initialising flow: enricherFlow
2020-03-21 08:26:26,846 [Mule.app.deployer.monitor.1.thread.1] INFO  org.mule.exception.DefaultMessagingExceptionStrategy - Initialising exception listener: org.mule.exception.DefaultMessagingExceptionStrategy@7e1a9fba
2020-03-21 08:26:26,851 [Mule.app.deployer.monitor.1.thread.1] INFO  org.mule.processor.SedaStageLifecycleManager - Initialising service: enricherFlow.stage1
2020-03-21 08:26:26,873 [Mule.app.deployer.monitor.1.thread.1] INFO  org.mule.config.spring.SpringXmlConfigurationBuilder - Configured Mule using "org.mule.config.spring.SpringXmlConfigurationBuilder" with configuration resource(s): "[ConfigResource{resourceName='F:\gitrepo\mule\.mule\apps\enricher\enricher.xml'}]"
2020-03-21 08:26:26,873 [Mule.app.deployer.monitor.1.thread.1] INFO  org.mule.config.builders.AutoConfigurationBuilder - Configured Mule using "org.mule.config.builders.AutoConfigurationBuilder" with configuration resource(s): "[ConfigResource{resourceName='F:\gitrepo\mule\.mule\apps\enricher\enricher.xml'}]"
2020-03-21 08:26:26,874 [Mule.app.deployer.monitor.1.thread.1] INFO  org.mule.module.launcher.application.DefaultMuleApplication - 
++++++++++++++++++++++++++++++++++++++++++++++++++++++++++++
+ Starting app 'enricher'                                  +
++++++++++++++++++++++++++++++++++++++++++++++++++++++++++++
2020-03-21 08:26:26,878 [Mule.app.deployer.monitor.1.thread.1] INFO  org.mule.util.queue.QueueXaResourceManager - Starting ResourceManager
2020-03-21 08:26:26,878 [Mule.app.deployer.monitor.1.thread.1] INFO  org.mule.util.queue.QueueXaResourceManager - Started ResourceManager
2020-03-21 08:26:26,893 [Mule.app.deployer.monitor.1.thread.1] INFO  org.mule.module.http.internal.listener.DefaultHttpListenerConfig - Listening for requests on http://0.0.0.0:8081/enrich
2020-03-21 08:26:26,899 [Mule.app.deployer.monitor.1.thread.1] INFO  org.mule.lifecycle.AbstractLifecycleManager - Starting model: _muleSystemModel
2020-03-21 08:26:26,900 [Mule.app.deployer.monitor.1.thread.1] INFO  org.mule.construct.FlowConstructLifecycleManager - Starting flow: enricherFlow
2020-03-21 08:26:26,900 [Mule.app.deployer.monitor.1.thread.1] INFO  org.mule.processor.SedaStageLifecycleManager - Starting service: enricherFlow.stage1
2020-03-21 08:26:26,912 [Mule.app.deployer.monitor.1.thread.1] INFO  org.mule.module.management.agent.WrapperManagerAgent - This JVM hasn't been launched by the wrapper, the agent will not run.
2020-03-21 08:26:26,916 [Mule.app.deployer.monitor.1.thread.1] INFO  org.mule.DefaultMuleContext - 
**********************************************************************
* Application: enricher                                              *
* OS encoding: \, Mule encoding: UTF-8                               *
*                                                                    *
* Agents Running:                                                    *
*   Batch module default engine                                      *
*   JMX Agent                                                        *
*   Wrapper Manager                                                  *
**********************************************************************
