2020-02-24 09:36:16,154 [main] INFO  org.mule.module.launcher.application.DefaultMuleApplication - 
++++++++++++++++++++++++++++++++++++++++++++++++++++++++++++
+ Initializing app 'httpdemo'                              +
++++++++++++++++++++++++++++++++++++++++++++++++++++++++++++
2020-02-24 09:36:16,628 [main] INFO  org.mule.util.JdkVersionUtils - You're executing with a JDK made by a vendor that is not on the recommended list of vendors. Vendor: AdoptOpenJDK Please consider changing to a recommended JDK vendor.
2020-02-24 09:36:16,650 [main] INFO  org.mule.lifecycle.AbstractLifecycleManager - Initialising RegistryBroker
2020-02-24 09:36:16,869 [main] INFO  org.mule.module.extension.internal.manager.DefaultExtensionManager - Starting discovery of extensions
2020-02-24 09:36:17,439 [main] INFO  org.mule.module.extension.internal.manager.DefaultExtensionManager - Discovered 1 extensions
2020-02-24 09:36:17,439 [main] INFO  org.mule.module.extension.internal.manager.DefaultExtensionManager - Registering extension validation (version 3.9)
2020-02-24 09:36:17,588 [main] INFO  org.mule.config.spring.MuleArtifactContext - Refreshing org.mule.config.spring.MuleArtifactContext@22c86919: startup date [Mon Feb 24 09:36:17 IST 2020]; root of context hierarchy
2020-02-24 09:36:20,103 [main] INFO  org.mule.config.spring.processors.NoDevkitInjectorProcessor - JSR-330 'javax.inject.Inject' annotation found and supported for autowiring
2020-02-24 09:36:21,751 [main] WARN  org.mule.module.ognl.expression.OgnlExpressionEvaluator - OGNL module is deprecated and will be removed in Mule 4.0. Use MEL expressions instead.
2020-02-24 09:36:22,194 [main] INFO  org.mule.util.journal.TransactionJournal - Using files for tx logs F:\gitrepo\mule\.mule\.\.mule\httpdemo\queue-tx-log\tx1.log and F:\gitrepo\mule\.mule\.\.mule\httpdemo\queue-tx-log\tx2.log
2020-02-24 09:36:22,215 [main] INFO  org.mule.util.journal.TransactionJournal - Using files for tx logs F:\gitrepo\mule\.mule\.\.mule\httpdemo\queue-xa-tx-log\tx1.log and F:\gitrepo\mule\.mule\.\.mule\httpdemo\queue-xa-tx-log\tx2.log
2020-02-24 09:36:22,393 [main] INFO  org.mule.lifecycle.AbstractLifecycleManager - Initialising model: _muleSystemModel
2020-02-24 09:36:22,410 [main] INFO  org.mule.construct.FlowConstructLifecycleManager - Initialising flow: httpdemoFlow
2020-02-24 09:36:22,410 [main] INFO  org.mule.exception.DefaultMessagingExceptionStrategy - Initialising exception listener: org.mule.exception.DefaultMessagingExceptionStrategy@784223e9
2020-02-24 09:36:22,473 [main] INFO  org.mule.processor.SedaStageLifecycleManager - Initialising service: httpdemoFlow.stage1
2020-02-24 09:36:22,494 [main] INFO  org.mule.construct.FlowConstructLifecycleManager - Initialising flow: testFlow
2020-02-24 09:36:22,494 [main] INFO  org.mule.exception.DefaultMessagingExceptionStrategy - Initialising exception listener: org.mule.exception.DefaultMessagingExceptionStrategy@d3f4505
2020-02-24 09:36:22,503 [main] INFO  org.mule.processor.SedaStageLifecycleManager - Initialising service: testFlow.stage1
2020-02-24 09:36:23,237 [main] INFO  org.mule.config.spring.SpringXmlConfigurationBuilder - Configured Mule using "org.mule.config.spring.SpringXmlConfigurationBuilder" with configuration resource(s): "[ConfigResource{resourceName='F:\gitrepo\mule\.mule\apps\httpdemo\httpdemo.xml'}, ConfigResource{resourceName='F:\gitrepo\mule\.mule\apps\httpdemo\test.xml'}]"
2020-02-24 09:36:23,237 [main] INFO  org.mule.config.builders.AutoConfigurationBuilder - Configured Mule using "org.mule.config.builders.AutoConfigurationBuilder" with configuration resource(s): "[ConfigResource{resourceName='F:\gitrepo\mule\.mule\apps\httpdemo\httpdemo.xml'}, ConfigResource{resourceName='F:\gitrepo\mule\.mule\apps\httpdemo\test.xml'}]"
2020-02-24 09:36:23,245 [main] INFO  com.mulesoft.module.policies.lifecyle.GateKeeper - GateKeeper Mode: DISABLED
2020-02-24 09:36:23,245 [main] INFO  org.mule.module.launcher.application.DefaultMuleApplication - 
++++++++++++++++++++++++++++++++++++++++++++++++++++++++++++
+ Starting app 'httpdemo'                                  +
++++++++++++++++++++++++++++++++++++++++++++++++++++++++++++
2020-02-24 09:36:23,259 [main] INFO  org.mule.util.queue.QueueXaResourceManager - Starting ResourceManager
2020-02-24 09:36:23,259 [main] INFO  org.mule.util.queue.QueueXaResourceManager - Started ResourceManager
2020-02-24 09:36:23,316 [main] INFO  org.mule.module.http.internal.listener.DefaultHttpListenerConfig - Listening for requests on http://0.0.0.0:8081/mule
2020-02-24 09:36:23,326 [main] INFO  org.mule.lifecycle.AbstractLifecycleManager - Starting model: _muleSystemModel
2020-02-24 09:36:23,329 [main] INFO  org.mule.construct.FlowConstructLifecycleManager - Starting flow: httpdemoFlow
2020-02-24 09:36:23,329 [main] INFO  org.mule.processor.SedaStageLifecycleManager - Starting service: httpdemoFlow.stage1
2020-02-24 09:36:23,336 [main] INFO  org.mule.construct.FlowConstructLifecycleManager - Starting flow: testFlow
2020-02-24 09:36:23,336 [main] INFO  org.mule.processor.SedaStageLifecycleManager - Starting service: testFlow.stage1
2020-02-24 09:36:23,392 [main] INFO  org.mule.module.management.agent.WrapperManagerAgent - This JVM hasn't been launched by the wrapper, the agent will not run.
2020-02-24 09:36:23,420 [main] INFO  org.mule.DefaultMuleContext - 
**********************************************************************
* Application: httpdemo                                              *
* OS encoding: \, Mule encoding: UTF-8                               *
*                                                                    *
* Agents Running:                                                    *
*   Batch module default engine                                      *
*   JMX Agent                                                        *
*   Wrapper Manager                                                  *
**********************************************************************
2020-02-24 09:37:32,483 [[httpdemo].HTTP_Listener_Configuration.worker.01] INFO  org.mule.api.processor.LoggerMessageProcessor - null
2020-02-24 09:37:52,514 [[httpdemo].HTTP_Listener_Configuration.worker.01] INFO  org.mule.api.processor.LoggerMessageProcessor - test
2020-02-24 09:38:16,036 [[httpdemo].HTTP_Listener_Configuration.worker.01] INFO  org.mule.api.processor.LoggerMessageProcessor - test
