2020-03-22 08:36:09,584 [main] INFO  org.mule.module.launcher.application.DefaultMuleApplication - 
++++++++++++++++++++++++++++++++++++++++++++++++++++++++++++
+ Initializing app 'jmspub'                                +
++++++++++++++++++++++++++++++++++++++++++++++++++++++++++++
2020-03-22 08:36:10,147 [main] INFO  org.mule.util.JdkVersionUtils - You're executing with a JDK made by a vendor that is not on the recommended list of vendors. Vendor: AdoptOpenJDK Please consider changing to a recommended JDK vendor.
2020-03-22 08:36:10,169 [main] INFO  org.mule.lifecycle.AbstractLifecycleManager - Initialising RegistryBroker
2020-03-22 08:36:10,394 [main] INFO  org.mule.module.extension.internal.manager.DefaultExtensionManager - Starting discovery of extensions
2020-03-22 08:36:10,615 [main] INFO  org.mule.module.extension.internal.manager.DefaultExtensionManager - Discovered 1 extensions
2020-03-22 08:36:10,615 [main] INFO  org.mule.module.extension.internal.manager.DefaultExtensionManager - Registering extension validation (version 3.9)
2020-03-22 08:36:11,093 [main] INFO  org.mule.config.spring.MuleArtifactContext - Refreshing org.mule.config.spring.MuleArtifactContext@22c86919: startup date [Sun Mar 22 08:36:11 IST 2020]; root of context hierarchy
2020-03-22 08:36:14,407 [main] INFO  org.mule.config.spring.processors.NoDevkitInjectorProcessor - JSR-330 'javax.inject.Inject' annotation found and supported for autowiring
2020-03-22 08:36:16,520 [main] WARN  org.mule.module.ognl.expression.OgnlExpressionEvaluator - OGNL module is deprecated and will be removed in Mule 4.0. Use MEL expressions instead.
2020-03-22 08:36:17,293 [main] INFO  org.mule.util.journal.TransactionJournal - Using files for tx logs F:\gitrepo\mule\.mule\.\.mule\jmspub\queue-tx-log\tx1.log and F:\gitrepo\mule\.mule\.\.mule\jmspub\queue-tx-log\tx2.log
2020-03-22 08:36:17,326 [main] INFO  org.mule.util.journal.TransactionJournal - Using files for tx logs F:\gitrepo\mule\.mule\.\.mule\jmspub\queue-xa-tx-log\tx1.log and F:\gitrepo\mule\.mule\.\.mule\jmspub\queue-xa-tx-log\tx2.log
2020-03-22 08:36:17,334 [main] INFO  org.mule.lifecycle.AbstractLifecycleManager - Initialising connector: Active_MQ
2020-03-22 08:36:18,037 [main] INFO  org.mule.lifecycle.AbstractLifecycleManager - Initialising model: _muleSystemModel
2020-03-22 08:36:18,044 [main] INFO  org.mule.construct.FlowConstructLifecycleManager - Initialising flow: jmspubFlow
2020-03-22 08:36:18,044 [main] INFO  org.mule.exception.DefaultMessagingExceptionStrategy - Initialising exception listener: org.mule.exception.DefaultMessagingExceptionStrategy@4fa4f485
2020-03-22 08:36:18,099 [main] INFO  org.mule.processor.SedaStageLifecycleManager - Initialising service: jmspubFlow.stage1
2020-03-22 08:36:18,607 [main] INFO  org.mule.config.spring.SpringXmlConfigurationBuilder - Configured Mule using "org.mule.config.spring.SpringXmlConfigurationBuilder" with configuration resource(s): "[ConfigResource{resourceName='F:\gitrepo\mule\.mule\apps\jmspub\jmspub.xml'}]"
2020-03-22 08:36:18,613 [main] INFO  org.mule.config.builders.AutoConfigurationBuilder - Configured Mule using "org.mule.config.builders.AutoConfigurationBuilder" with configuration resource(s): "[ConfigResource{resourceName='F:\gitrepo\mule\.mule\apps\jmspub\jmspub.xml'}]"
2020-03-22 08:36:18,624 [main] INFO  com.mulesoft.module.policies.lifecyle.GateKeeper - GateKeeper Mode: DISABLED
2020-03-22 08:36:18,626 [main] INFO  org.mule.module.launcher.application.DefaultMuleApplication - 
++++++++++++++++++++++++++++++++++++++++++++++++++++++++++++
+ Starting app 'jmspub'                                    +
++++++++++++++++++++++++++++++++++++++++++++++++++++++++++++
2020-03-22 08:36:18,682 [main] INFO  org.mule.util.queue.QueueXaResourceManager - Starting ResourceManager
2020-03-22 08:36:18,691 [main] INFO  org.mule.util.queue.QueueXaResourceManager - Started ResourceManager
2020-03-22 08:36:18,749 [main] INFO  org.mule.module.http.internal.listener.DefaultHttpListenerConfig - Listening for requests on http://0.0.0.0:8081/jms
2020-03-22 08:36:20,432 [main] ERROR org.mule.retry.notifiers.ConnectNotifier - Failed to connect/reconnect: ActiveMQJmsConnector
{
  name=Active_MQ
  lifecycle=initialise
  this=3625a016
  numberOfConcurrentTransactedReceivers=4
  createMultipleTransactedReceivers=true
  connected=false
  supportedProtocols=[jms]
  serviceOverrides=<none>
}
. Root Exception was: Connection refused: connect. Type: class java.net.ConnectException
2020-03-22 08:36:20,473 [main] ERROR org.mule.module.launcher.application.DefaultMuleApplication - 
********************************************************************************
Message               : Could not connect to broker URL: tcp://localhost:61616. Reason: java.net.ConnectException: Connection refused: connect
JMS Code              : null
Element               : /Active_MQ @ app:jmspub.xml:11 (Active MQ)
--------------------------------------------------------------------------------
Root Exception stack trace:
java.net.ConnectException: Connection refused: connect
	at java.net.TwoStacksPlainSocketImpl.socketConnect(Native Method)
	at java.net.AbstractPlainSocketImpl.doConnect(AbstractPlainSocketImpl.java:350)
	at java.net.AbstractPlainSocketImpl.connectToAddress(AbstractPlainSocketImpl.java:206)
	at java.net.AbstractPlainSocketImpl.connect(AbstractPlainSocketImpl.java:188)
	at java.net.PlainSocketImpl.connect(PlainSocketImpl.java:172)
	at java.net.SocksSocketImpl.connect(SocksSocketImpl.java:392)
	at java.net.Socket.connect(Socket.java:589)
	at org.apache.activemq.transport.tcp.TcpTransport.connect(TcpTransport.java:525)
	at org.apache.activemq.transport.tcp.TcpTransport.doStart(TcpTransport.java:488)
	at org.apache.activemq.util.ServiceSupport.start(ServiceSupport.java:55)
	at org.apache.activemq.transport.AbstractInactivityMonitor.start(AbstractInactivityMonitor.java:169)
	at org.apache.activemq.transport.InactivityMonitor.start(InactivityMonitor.java:52)
	at org.apache.activemq.transport.TransportFilter.start(TransportFilter.java:64)
	at org.apache.activemq.transport.WireFormatNegotiator.start(WireFormatNegotiator.java:72)
	at org.apache.activemq.transport.TransportFilter.start(TransportFilter.java:64)
	at org.apache.activemq.transport.TransportFilter.start(TransportFilter.java:64)
	at org.apache.activemq.ActiveMQConnectionFactory.createActiveMQConnection(ActiveMQConnectionFactory.java:354)
	at org.apache.activemq.ActiveMQConnectionFactory.createActiveMQConnection(ActiveMQConnectionFactory.java:304)
	at org.apache.activemq.ActiveMQConnectionFactory.createQueueConnection(ActiveMQConnectionFactory.java:261)
	at org.mule.transport.jms.Jms102bSupport.createConnection(Jms102bSupport.java:87)
	at org.mule.transport.jms.JmsConnector.createConnection(JmsConnector.java:494)
	at org.mule.transport.jms.JmsConnector.doConnect(JmsConnector.java:602)
	at org.mule.transport.AbstractConnector.connectConnectorAndReceivers(AbstractConnector.java:1664)
	at org.mule.transport.AbstractConnector$5.doWork(AbstractConnector.java:1630)
	at org.mule.retry.policies.AbstractPolicyTemplate.execute(AbstractPolicyTemplate.java:63)
	at org.mule.transport.AbstractConnector.connect(AbstractConnector.java:1658)
	at org.mule.transport.jms.JmsConnector.connect(JmsConnector.java:519)
	at org.mule.transport.AbstractConnector.start(AbstractConnector.java:449)
	at sun.reflect.NativeMethodAccessorImpl.invoke0(Native Method)
	at sun.reflect.NativeMethodAccessorImpl.invoke(NativeMethodAccessorImpl.java:62)
	at sun.reflect.DelegatingMethodAccessorImpl.invoke(DelegatingMethodAccessorImpl.java:43)
	at java.lang.reflect.Method.invoke(Method.java:498)
	at org.mule.lifecycle.phases.DefaultLifecyclePhase.applyLifecycle(DefaultLifecyclePhase.java:230)
	at org.mule.lifecycle.RegistryLifecycleCallback.doApplyLifecycle(RegistryLifecycleCallback.java:108)
	at org.mule.lifecycle.RegistryLifecycleCallback.onTransition(RegistryLifecycleCallback.java:78)
	at org.mule.lifecycle.AbstractLifecycleManager.invokePhase(AbstractLifecycleManager.java:146)
	at org.mule.lifecycle.RegistryLifecycleManager.fireLifecycle(RegistryLifecycleManager.java:134)
	at org.mule.registry.AbstractRegistryBroker.fireLifecycle(AbstractRegistryBroker.java:88)
	at org.mule.registry.MuleRegistryHelper.fireLifecycle(MuleRegistryHelper.java:141)
	at org.mule.lifecycle.MuleContextLifecycleManager$MuleContextLifecycleCallback.onTransition(MuleContextLifecycleManager.java:74)
	at org.mule.lifecycle.MuleContextLifecycleManager$MuleContextLifecycleCallback.onTransition(MuleContextLifecycleManager.java:70)
	at org.mule.lifecycle.AbstractLifecycleManager.invokePhase(AbstractLifecycleManager.java:146)
	at org.mule.lifecycle.MuleContextLifecycleManager.fireLifecycle(MuleContextLifecycleManager.java:62)
	at org.mule.DefaultMuleContext.start(DefaultMuleContext.java:326)
	at org.mule.module.launcher.application.DefaultMuleApplication.start(DefaultMuleApplication.java:146)
	at org.mule.module.launcher.artifact.ArtifactWrapper$4.execute(ArtifactWrapper.java:106)
	at org.mule.module.launcher.artifact.ArtifactWrapper.executeWithinArtifactClassLoader(ArtifactWrapper.java:137)
	at org.mule.module.launcher.artifact.ArtifactWrapper.start(ArtifactWrapper.java:101)
	at org.mule.module.launcher.DefaultArtifactDeployer.deploy(DefaultArtifactDeployer.java:73)
	at org.mule.module.launcher.DefaultArchiveDeployer.deployArtifact(DefaultArchiveDeployer.java:547)
	at org.mule.module.launcher.DefaultArchiveDeployer.deployArtifact(DefaultArchiveDeployer.java:325)
	at org.mule.module.launcher.DefaultArchiveDeployer.deployPackagedArtifact(DefaultArchiveDeployer.java:185)
	at org.mule.module.launcher.DefaultArchiveDeployer.deployPackagedArtifact(DefaultArchiveDeployer.java:274)
	at org.mule.module.launcher.DefaultArchiveDeployer.deployPackagedArtifact(DefaultArchiveDeployer.java:80)
	at org.mule.module.launcher.DefaultArchiveDeployer.deployPackagedArtifact(DefaultArchiveDeployer.java:577)
	at org.mule.module.launcher.DeploymentDirectoryWatcher.deployPackedApps(DeploymentDirectoryWatcher.java:283)
	at org.mule.module.launcher.DeploymentDirectoryWatcher.start(DeploymentDirectoryWatcher.java:155)
	at org.mule.module.launcher.MuleDeploymentService.start(MuleDeploymentService.java:135)
	at org.mule.module.launcher.MuleContainer.start(MuleContainer.java:172)
	at org.mule.tooling.server.application.ApplicationDeployer.main(ApplicationDeployer.java:15)

********************************************************************************

2020-03-22 08:36:20,575 [main] INFO  org.mule.module.launcher.application.DefaultMuleApplication - 
++++++++++++++++++++++++++++++++++++++++++++++++++++++++++++
+ Disposing app 'jmspub'                                   +
++++++++++++++++++++++++++++++++++++++++++++++++++++++++++++
2020-03-22 08:36:20,576 [main] INFO  org.mule.construct.FlowConstructLifecycleManager - Stopping flow: jmspubFlow
2020-03-22 08:36:20,577 [main] INFO  org.mule.processor.SedaStageLifecycleManager - Stopping service: jmspubFlow.stage1
2020-03-22 08:36:20,579 [main] INFO  org.mule.lifecycle.AbstractLifecycleManager - Stopping model: _muleSystemModel
2020-03-22 08:36:20,613 [main] INFO  org.mule.module.http.internal.listener.DefaultHttpListenerConfig - Stopped listener on http://0.0.0.0:8081/jms
2020-03-22 08:36:20,615 [main] INFO  org.mule.util.queue.QueueXaResourceManager - Stopping ResourceManager
2020-03-22 08:36:20,615 [main] INFO  org.mule.util.queue.QueueXaResourceManager - Stopped ResourceManager
2020-03-22 08:36:20,647 [main] ERROR org.mule.DefaultMuleContext - Failed to stop Mule context
org.mule.api.lifecycle.LifecycleException: Failed to invoke lifecycle phase "stop" on object: com.mulesoft.module.batch.engine.threading.DefaultBatchWorkManager@2404b5a
	at org.mule.lifecycle.phases.DefaultLifecyclePhase.applyLifecycle(DefaultLifecyclePhase.java:243) ~[mule-core-3.9.2.jar:3.9.2]
	at org.mule.lifecycle.RegistryLifecycleCallback.doApplyLifecycle(RegistryLifecycleCallback.java:108) ~[mule-core-3.9.2.jar:3.9.2]
	at org.mule.lifecycle.RegistryLifecycleCallback.onTransition(RegistryLifecycleCallback.java:78) ~[mule-core-3.9.2.jar:3.9.2]
	at org.mule.lifecycle.AbstractLifecycleManager.invokePhase(AbstractLifecycleManager.java:146) ~[mule-core-3.9.2.jar:3.9.2]
	at org.mule.lifecycle.RegistryLifecycleManager.fireLifecycle(RegistryLifecycleManager.java:134) ~[mule-core-3.9.2.jar:3.9.2]
	at org.mule.registry.AbstractRegistryBroker.fireLifecycle(AbstractRegistryBroker.java:88) ~[mule-core-3.9.2.jar:3.9.2]
	at org.mule.registry.MuleRegistryHelper.fireLifecycle(MuleRegistryHelper.java:141) ~[mule-core-3.9.2.jar:3.9.2]
	at org.mule.lifecycle.MuleContextLifecycleManager$MuleContextLifecycleCallback.onTransition(MuleContextLifecycleManager.java:74) ~[mule-core-3.9.2.jar:3.9.2]
	at org.mule.lifecycle.MuleContextLifecycleManager$MuleContextLifecycleCallback.onTransition(MuleContextLifecycleManager.java:70) ~[mule-core-3.9.2.jar:3.9.2]
	at org.mule.lifecycle.AbstractLifecycleManager.invokePhase(AbstractLifecycleManager.java:146) ~[mule-core-3.9.2.jar:3.9.2]
	at org.mule.lifecycle.MuleContextLifecycleManager.fireLifecycle(MuleContextLifecycleManager.java:62) ~[mule-core-3.9.2.jar:3.9.2]
	at org.mule.DefaultMuleContext.stop(DefaultMuleContext.java:422) ~[mule-core-3.9.2.jar:3.9.2]
	at org.mule.DefaultMuleContext.dispose(DefaultMuleContext.java:438) ~[mule-core-3.9.2.jar:3.9.2]
	at org.mule.module.launcher.application.DefaultMuleApplication.doDispose(DefaultMuleApplication.java:439) ~[mule-module-launcher-3.9.2.jar:3.9.2]
	at org.mule.module.launcher.application.DefaultMuleApplication.dispose(DefaultMuleApplication.java:324) ~[mule-module-launcher-3.9.2.jar:3.9.2]
	at org.mule.module.launcher.artifact.ArtifactWrapper$1.execute(ArtifactWrapper.java:41) ~[mule-module-launcher-3.9.2.jar:3.9.2]
	at org.mule.module.launcher.artifact.ArtifactWrapper.executeWithinArtifactClassLoader(ArtifactWrapper.java:137) ~[mule-module-launcher-3.9.2.jar:3.9.2]
	at org.mule.module.launcher.artifact.ArtifactWrapper.dispose(ArtifactWrapper.java:36) ~[mule-module-launcher-3.9.2.jar:3.9.2]
	at org.mule.module.launcher.DefaultArtifactDeployer.deploy(DefaultArtifactDeployer.java:77) ~[mule-module-launcher-3.9.2.jar:3.9.2]
	at org.mule.module.launcher.DefaultArchiveDeployer.deployArtifact(DefaultArchiveDeployer.java:547) ~[mule-module-launcher-3.9.2.jar:3.9.2]
	at org.mule.module.launcher.DefaultArchiveDeployer.deployArtifact(DefaultArchiveDeployer.java:325) ~[mule-module-launcher-3.9.2.jar:3.9.2]
	at org.mule.module.launcher.DefaultArchiveDeployer.deployPackagedArtifact(DefaultArchiveDeployer.java:185) ~[mule-module-launcher-3.9.2.jar:3.9.2]
	at org.mule.module.launcher.DefaultArchiveDeployer.deployPackagedArtifact(DefaultArchiveDeployer.java:274) ~[mule-module-launcher-3.9.2.jar:3.9.2]
	at org.mule.module.launcher.DefaultArchiveDeployer.deployPackagedArtifact(DefaultArchiveDeployer.java:80) ~[mule-module-launcher-3.9.2.jar:3.9.2]
	at org.mule.module.launcher.DefaultArchiveDeployer.deployPackagedArtifact(DefaultArchiveDeployer.java:577) ~[mule-module-launcher-3.9.2.jar:3.9.2]
	at org.mule.module.launcher.DeploymentDirectoryWatcher.deployPackedApps(DeploymentDirectoryWatcher.java:283) ~[mule-module-launcher-3.9.2.jar:3.9.2]
	at org.mule.module.launcher.DeploymentDirectoryWatcher.start(DeploymentDirectoryWatcher.java:155) ~[mule-module-launcher-3.9.2.jar:3.9.2]
	at org.mule.module.launcher.MuleDeploymentService.start(MuleDeploymentService.java:135) ~[mule-module-launcher-3.9.2.jar:3.9.2]
	at org.mule.module.launcher.MuleContainer.start(MuleContainer.java:172) ~[mule-module-launcher-3.9.2.jar:3.9.2]
	at org.mule.tooling.server.application.ApplicationDeployer.main(ApplicationDeployer.java:15) ~[tooling-support-3.9.2.jar:?]
Caused by: java.lang.NullPointerException
	at com.mulesoft.module.batch.engine.threading.DefaultBatchWorkManager.stop(DefaultBatchWorkManager.java:88) ~[mule-module-batch-ee-3.9.2.jar:3.9.2]
	at sun.reflect.NativeMethodAccessorImpl.invoke0(Native Method) ~[?:1.8.0_222]
	at sun.reflect.NativeMethodAccessorImpl.invoke(NativeMethodAccessorImpl.java:62) ~[?:1.8.0_222]
	at sun.reflect.DelegatingMethodAccessorImpl.invoke(DelegatingMethodAccessorImpl.java:43) ~[?:1.8.0_222]
	at java.lang.reflect.Method.invoke(Method.java:498) ~[?:1.8.0_222]
	at org.mule.lifecycle.phases.DefaultLifecyclePhase.applyLifecycle(DefaultLifecyclePhase.java:230) ~[mule-core-3.9.2.jar:3.9.2]
	... 29 more
2020-03-22 08:36:20,648 [main] INFO  org.mule.lifecycle.AbstractLifecycleManager - Disposing RegistryBroker
2020-03-22 08:36:20,704 [main] INFO  org.mule.construct.FlowConstructLifecycleManager - Disposing flow: jmspubFlow
2020-03-22 08:36:20,704 [main] INFO  org.mule.processor.SedaStageLifecycleManager - Disposing service: jmspubFlow.stage1
2020-03-22 08:36:20,706 [main] INFO  org.mule.lifecycle.AbstractLifecycleManager - Disposing model: _muleSystemModel
2020-03-22 08:36:20,714 [main] INFO  org.mule.lifecycle.AbstractLifecycleManager - Disposing connector: Active_MQ
2020-03-22 08:36:20,941 [main] INFO  org.mule.config.spring.MuleArtifactContext - Closing org.mule.config.spring.MuleArtifactContext@22c86919: startup date [Sun Mar 22 08:36:11 IST 2020]; root of context hierarchy
2020-03-22 08:36:20,968 [main] INFO  org.mule.DefaultMuleContext - 
**********************************************************************
* Application "jmspub" shut down normally on: 22/3/20 8:36 AM        *
* Up for: 0 days, 0 hours, 0 mins, 2.337 sec                         *
**********************************************************************
2020-03-22 08:37:20,458 [main] INFO  org.mule.module.launcher.application.DefaultMuleApplication - 
++++++++++++++++++++++++++++++++++++++++++++++++++++++++++++
+ Initializing app 'jmspub'                                +
++++++++++++++++++++++++++++++++++++++++++++++++++++++++++++
2020-03-22 08:37:20,986 [main] INFO  org.mule.util.JdkVersionUtils - You're executing with a JDK made by a vendor that is not on the recommended list of vendors. Vendor: AdoptOpenJDK Please consider changing to a recommended JDK vendor.
2020-03-22 08:37:21,002 [main] INFO  org.mule.lifecycle.AbstractLifecycleManager - Initialising RegistryBroker
2020-03-22 08:37:21,204 [main] INFO  org.mule.module.extension.internal.manager.DefaultExtensionManager - Starting discovery of extensions
2020-03-22 08:37:21,439 [main] INFO  org.mule.module.extension.internal.manager.DefaultExtensionManager - Discovered 1 extensions
2020-03-22 08:37:21,439 [main] INFO  org.mule.module.extension.internal.manager.DefaultExtensionManager - Registering extension validation (version 3.9)
2020-03-22 08:37:21,930 [main] INFO  org.mule.config.spring.MuleArtifactContext - Refreshing org.mule.config.spring.MuleArtifactContext@22c86919: startup date [Sun Mar 22 08:37:21 IST 2020]; root of context hierarchy
2020-03-22 08:37:24,691 [main] INFO  org.mule.config.spring.processors.NoDevkitInjectorProcessor - JSR-330 'javax.inject.Inject' annotation found and supported for autowiring
2020-03-22 08:37:26,450 [main] WARN  org.mule.module.ognl.expression.OgnlExpressionEvaluator - OGNL module is deprecated and will be removed in Mule 4.0. Use MEL expressions instead.
2020-03-22 08:37:27,159 [main] INFO  org.mule.util.journal.TransactionJournal - Using files for tx logs F:\gitrepo\mule\.mule\.\.mule\jmspub\queue-tx-log\tx1.log and F:\gitrepo\mule\.mule\.\.mule\jmspub\queue-tx-log\tx2.log
2020-03-22 08:37:27,188 [main] INFO  org.mule.util.journal.TransactionJournal - Using files for tx logs F:\gitrepo\mule\.mule\.\.mule\jmspub\queue-xa-tx-log\tx1.log and F:\gitrepo\mule\.mule\.\.mule\jmspub\queue-xa-tx-log\tx2.log
2020-03-22 08:37:27,197 [main] INFO  org.mule.lifecycle.AbstractLifecycleManager - Initialising connector: Active_MQ
2020-03-22 08:37:27,664 [main] INFO  org.mule.lifecycle.AbstractLifecycleManager - Initialising model: _muleSystemModel
2020-03-22 08:37:27,670 [main] INFO  org.mule.construct.FlowConstructLifecycleManager - Initialising flow: jmspubFlow
2020-03-22 08:37:27,670 [main] INFO  org.mule.exception.DefaultMessagingExceptionStrategy - Initialising exception listener: org.mule.exception.DefaultMessagingExceptionStrategy@4b0bd001
2020-03-22 08:37:27,728 [main] INFO  org.mule.processor.SedaStageLifecycleManager - Initialising service: jmspubFlow.stage1
2020-03-22 08:37:28,201 [main] INFO  org.mule.config.spring.SpringXmlConfigurationBuilder - Configured Mule using "org.mule.config.spring.SpringXmlConfigurationBuilder" with configuration resource(s): "[ConfigResource{resourceName='F:\gitrepo\mule\.mule\apps\jmspub\jmspub.xml'}]"
2020-03-22 08:37:28,201 [main] INFO  org.mule.config.builders.AutoConfigurationBuilder - Configured Mule using "org.mule.config.builders.AutoConfigurationBuilder" with configuration resource(s): "[ConfigResource{resourceName='F:\gitrepo\mule\.mule\apps\jmspub\jmspub.xml'}]"
2020-03-22 08:37:28,207 [main] INFO  com.mulesoft.module.policies.lifecyle.GateKeeper - GateKeeper Mode: DISABLED
2020-03-22 08:37:28,208 [main] INFO  org.mule.module.launcher.application.DefaultMuleApplication - 
++++++++++++++++++++++++++++++++++++++++++++++++++++++++++++
+ Starting app 'jmspub'                                    +
++++++++++++++++++++++++++++++++++++++++++++++++++++++++++++
2020-03-22 08:37:28,224 [main] INFO  org.mule.util.queue.QueueXaResourceManager - Starting ResourceManager
2020-03-22 08:37:28,224 [main] INFO  org.mule.util.queue.QueueXaResourceManager - Started ResourceManager
2020-03-22 08:37:28,275 [main] INFO  org.mule.module.http.internal.listener.DefaultHttpListenerConfig - Listening for requests on http://0.0.0.0:8081/jms
2020-03-22 08:37:29,079 [main] INFO  org.mule.transport.jms.activemq.ActiveMQJmsConnector - Connected: ActiveMQJmsConnector
{
  name=Active_MQ
  lifecycle=initialise
  this=75b6dd5b
  numberOfConcurrentTransactedReceivers=4
  createMultipleTransactedReceivers=true
  connected=true
  supportedProtocols=[jms]
  serviceOverrides=<none>
}

2020-03-22 08:37:29,079 [main] INFO  org.mule.transport.jms.activemq.ActiveMQJmsConnector - Starting: ActiveMQJmsConnector
{
  name=Active_MQ
  lifecycle=initialise
  this=75b6dd5b
  numberOfConcurrentTransactedReceivers=4
  createMultipleTransactedReceivers=true
  connected=true
  supportedProtocols=[jms]
  serviceOverrides=<none>
}

2020-03-22 08:37:29,091 [main] INFO  org.mule.lifecycle.AbstractLifecycleManager - Starting connector: Active_MQ
2020-03-22 08:37:29,100 [main] INFO  org.mule.lifecycle.AbstractLifecycleManager - Starting model: _muleSystemModel
2020-03-22 08:37:29,104 [main] INFO  org.mule.construct.FlowConstructLifecycleManager - Starting flow: jmspubFlow
2020-03-22 08:37:29,106 [main] INFO  org.mule.processor.SedaStageLifecycleManager - Starting service: jmspubFlow.stage1
2020-03-22 08:37:29,167 [main] INFO  org.mule.module.management.agent.WrapperManagerAgent - This JVM hasn't been launched by the wrapper, the agent will not run.
2020-03-22 08:37:38,198 [main] INFO  org.mule.module.management.agent.AbstractJmxAgent - Registered Connector Service with name Mule.jmspub:type=Connector,name="Active_MQ"
2020-03-22 08:37:38,203 [main] INFO  org.mule.DefaultMuleContext - 
**********************************************************************
* Application: jmspub                                                *
* OS encoding: \, Mule encoding: UTF-8                               *
*                                                                    *
* Agents Running:                                                    *
*   Batch module default engine                                      *
*   JMX Agent                                                        *
*   Wrapper Manager                                                  *
**********************************************************************
2020-03-22 08:38:44,205 [[jmspub].HTTP_Listener_Configuration.worker.01] INFO  org.mule.transport.service.DefaultTransportServiceDescriptor - Loading default outbound transformer: org.mule.transport.jms.transformers.ObjectToJMSMessage
2020-03-22 08:38:44,206 [[jmspub].HTTP_Listener_Configuration.worker.01] INFO  org.mule.transport.service.DefaultTransportServiceDescriptor - Loading default response transformer: org.mule.transport.jms.transformers.ObjectToJMSMessage
2020-03-22 08:38:44,206 [[jmspub].HTTP_Listener_Configuration.worker.01] WARN  com.mulesoft.mule.transport.jms.EeJmsMessageDispatcher - Starting patched JmsMessageReceiver
2020-03-22 08:38:44,208 [[jmspub].HTTP_Listener_Configuration.worker.01] INFO  org.mule.lifecycle.AbstractLifecycleManager - Initialising: 'Active_MQ.dispatcher.384663060'. Object is: EeJmsMessageDispatcher
2020-03-22 08:38:44,212 [[jmspub].HTTP_Listener_Configuration.worker.01] INFO  org.mule.lifecycle.AbstractLifecycleManager - Starting: 'Active_MQ.dispatcher.384663060'. Object is: EeJmsMessageDispatcher
