2020-03-23 08:31:12,772 [main] INFO  org.mule.module.launcher.application.DefaultMuleApplication - 
++++++++++++++++++++++++++++++++++++++++++++++++++++++++++++
+ Initializing app 'restapi'                               +
++++++++++++++++++++++++++++++++++++++++++++++++++++++++++++
2020-03-23 08:31:13,505 [main] INFO  org.mule.util.JdkVersionUtils - You're executing with a JDK made by a vendor that is not on the recommended list of vendors. Vendor: AdoptOpenJDK Please consider changing to a recommended JDK vendor.
2020-03-23 08:31:13,527 [main] INFO  org.mule.lifecycle.AbstractLifecycleManager - Initialising RegistryBroker
2020-03-23 08:31:14,253 [main] INFO  org.mule.module.extension.internal.manager.DefaultExtensionManager - Starting discovery of extensions
2020-03-23 08:31:14,619 [main] INFO  org.mule.module.extension.internal.manager.DefaultExtensionManager - Discovered 1 extensions
2020-03-23 08:31:14,619 [main] INFO  org.mule.module.extension.internal.manager.DefaultExtensionManager - Registering extension validation (version 3.9)
2020-03-23 08:31:14,787 [main] INFO  org.mule.config.spring.MuleArtifactContext - Refreshing org.mule.config.spring.MuleArtifactContext@37ebc9d8: startup date [Mon Mar 23 08:31:14 IST 2020]; root of context hierarchy
2020-03-23 08:31:18,598 [main] INFO  org.mule.config.spring.processors.NoDevkitInjectorProcessor - JSR-330 'javax.inject.Inject' annotation found and supported for autowiring
2020-03-23 08:31:20,957 [main] WARN  org.mule.module.ognl.expression.OgnlExpressionEvaluator - OGNL module is deprecated and will be removed in Mule 4.0. Use MEL expressions instead.
2020-03-23 08:31:22,003 [main] INFO  org.mule.util.journal.TransactionJournal - Using files for tx logs F:\gitrepo\mule\.mule\.\.mule\restapi\queue-tx-log\tx1.log and F:\gitrepo\mule\.mule\.\.mule\restapi\queue-tx-log\tx2.log
2020-03-23 08:31:22,057 [main] INFO  org.mule.util.journal.TransactionJournal - Using files for tx logs F:\gitrepo\mule\.mule\.\.mule\restapi\queue-xa-tx-log\tx1.log and F:\gitrepo\mule\.mule\.\.mule\restapi\queue-xa-tx-log\tx2.log
2020-03-23 08:31:22,309 [main] INFO  org.mule.lifecycle.AbstractLifecycleManager - Initialising model: _muleSystemModel
2020-03-23 08:31:22,317 [main] INFO  org.mule.construct.FlowConstructLifecycleManager - Initialising flow: restapiFlow
2020-03-23 08:31:22,317 [main] INFO  org.mule.exception.DefaultMessagingExceptionStrategy - Initialising exception listener: org.mule.exception.DefaultMessagingExceptionStrategy@5de5e95
2020-03-23 08:31:22,389 [main] INFO  org.mule.processor.SedaStageLifecycleManager - Initialising service: restapiFlow.stage1
2020-03-23 08:31:23,024 [main] INFO  org.mule.api.security.tls.TlsProperties - Loading configuration file: tls-default.conf
2020-03-23 08:31:23,034 [main] INFO  org.mule.config.spring.SpringXmlConfigurationBuilder - Configured Mule using "org.mule.config.spring.SpringXmlConfigurationBuilder" with configuration resource(s): "[ConfigResource{resourceName='F:\gitrepo\mule\.mule\apps\restapi\restapi.xml'}]"
2020-03-23 08:31:23,034 [main] INFO  org.mule.config.builders.AutoConfigurationBuilder - Configured Mule using "org.mule.config.builders.AutoConfigurationBuilder" with configuration resource(s): "[ConfigResource{resourceName='F:\gitrepo\mule\.mule\apps\restapi\restapi.xml'}]"
2020-03-23 08:31:23,041 [main] INFO  com.mulesoft.module.policies.lifecyle.GateKeeper - GateKeeper Mode: DISABLED
2020-03-23 08:31:23,042 [main] INFO  org.mule.module.launcher.application.DefaultMuleApplication - 
++++++++++++++++++++++++++++++++++++++++++++++++++++++++++++
+ Starting app 'restapi'                                   +
++++++++++++++++++++++++++++++++++++++++++++++++++++++++++++
2020-03-23 08:31:23,057 [main] INFO  org.mule.util.queue.QueueXaResourceManager - Starting ResourceManager
2020-03-23 08:31:23,057 [main] INFO  org.mule.util.queue.QueueXaResourceManager - Started ResourceManager
2020-03-23 08:31:23,121 [main] INFO  org.mule.module.http.internal.listener.DefaultHttpListenerConfig - Listening for requests on http://0.0.0.0:8081/mule/api
2020-03-23 08:31:23,127 [main] INFO  org.mule.lifecycle.AbstractLifecycleManager - Starting model: _muleSystemModel
2020-03-23 08:31:23,130 [main] INFO  org.mule.construct.FlowConstructLifecycleManager - Starting flow: restapiFlow
2020-03-23 08:31:23,131 [main] INFO  org.mule.processor.SedaStageLifecycleManager - Starting service: restapiFlow.stage1
2020-03-23 08:31:23,507 [main] INFO  org.mule.module.management.agent.WrapperManagerAgent - This JVM hasn't been launched by the wrapper, the agent will not run.
2020-03-23 08:31:43,610 [main] INFO  org.mule.DefaultMuleContext - 
**********************************************************************
* Application: restapi                                               *
* OS encoding: \, Mule encoding: UTF-8                               *
*                                                                    *
* Agents Running:                                                    *
*   Batch module default engine                                      *
*   JMX Agent                                                        *
*   Wrapper Manager                                                  *
**********************************************************************
2020-03-23 08:41:59,109 [Mule.app.deployer.monitor.1.thread.1] INFO  org.mule.module.launcher.application.DefaultMuleApplication - 
++++++++++++++++++++++++++++++++++++++++++++++++++++++++++++
+ Stopping app 'restapi'                                   +
++++++++++++++++++++++++++++++++++++++++++++++++++++++++++++
2020-03-23 08:41:59,112 [Mule.app.deployer.monitor.1.thread.1] INFO  org.mule.construct.FlowConstructLifecycleManager - Stopping flow: restapiFlow
2020-03-23 08:41:59,137 [Mule.app.deployer.monitor.1.thread.1] INFO  org.mule.processor.SedaStageLifecycleManager - Stopping service: restapiFlow.stage1
2020-03-23 08:41:59,310 [Mule.app.deployer.monitor.1.thread.1] INFO  org.mule.lifecycle.AbstractLifecycleManager - Stopping model: _muleSystemModel
2020-03-23 08:41:59,330 [Mule.app.deployer.monitor.1.thread.1] INFO  org.mule.module.http.internal.listener.DefaultHttpListenerConfig - Stopped listener on http://0.0.0.0:8081/mule/api
2020-03-23 08:41:59,342 [Mule.app.deployer.monitor.1.thread.1] INFO  org.mule.util.queue.QueueXaResourceManager - Stopping ResourceManager
2020-03-23 08:41:59,342 [Mule.app.deployer.monitor.1.thread.1] INFO  org.mule.util.queue.QueueXaResourceManager - Stopped ResourceManager
2020-03-23 08:41:59,476 [Mule.app.deployer.monitor.1.thread.1] INFO  org.mule.module.launcher.application.DefaultMuleApplication - 
++++++++++++++++++++++++++++++++++++++++++++++++++++++++++++
+ Disposing app 'restapi'                                  +
++++++++++++++++++++++++++++++++++++++++++++++++++++++++++++
2020-03-23 08:41:59,482 [Mule.app.deployer.monitor.1.thread.1] INFO  org.mule.lifecycle.AbstractLifecycleManager - Disposing RegistryBroker
2020-03-23 08:41:59,500 [Mule.app.deployer.monitor.1.thread.1] INFO  org.mule.construct.FlowConstructLifecycleManager - Disposing flow: restapiFlow
2020-03-23 08:41:59,508 [Mule.app.deployer.monitor.1.thread.1] INFO  org.mule.processor.SedaStageLifecycleManager - Disposing service: restapiFlow.stage1
2020-03-23 08:41:59,513 [Mule.app.deployer.monitor.1.thread.1] INFO  org.mule.lifecycle.AbstractLifecycleManager - Disposing model: _muleSystemModel
2020-03-23 08:42:00,196 [Mule.app.deployer.monitor.1.thread.1] INFO  org.mule.config.spring.MuleArtifactContext - Closing org.mule.config.spring.MuleArtifactContext@37ebc9d8: startup date [Mon Mar 23 08:31:14 IST 2020]; root of context hierarchy
2020-03-23 08:42:00,215 [Mule.app.deployer.monitor.1.thread.1] INFO  org.mule.DefaultMuleContext - 
**********************************************************************
* Application "restapi" shut down normally on: 23/3/20 8:42 AM       *
* Up for: 0 days, 0 hours, 10 mins, 37.167 sec                       *
**********************************************************************
2020-03-23 08:42:00,650 [Mule.app.deployer.monitor.1.thread.1] INFO  org.mule.module.launcher.application.DefaultMuleApplication - 
++++++++++++++++++++++++++++++++++++++++++++++++++++++++++++
+ Initializing app 'restapi'                               +
++++++++++++++++++++++++++++++++++++++++++++++++++++++++++++
2020-03-23 08:42:00,666 [Mule.app.deployer.monitor.1.thread.1] INFO  org.mule.util.JdkVersionUtils - You're executing with a JDK made by a vendor that is not on the recommended list of vendors. Vendor: AdoptOpenJDK Please consider changing to a recommended JDK vendor.
2020-03-23 08:42:00,679 [Mule.app.deployer.monitor.1.thread.1] INFO  org.mule.lifecycle.AbstractLifecycleManager - Initialising RegistryBroker
2020-03-23 08:42:00,708 [Mule.app.deployer.monitor.1.thread.1] INFO  org.mule.module.extension.internal.manager.DefaultExtensionManager - Starting discovery of extensions
2020-03-23 08:42:00,782 [Mule.app.deployer.monitor.1.thread.1] INFO  org.mule.module.extension.internal.manager.DefaultExtensionManager - Discovered 1 extensions
2020-03-23 08:42:00,784 [Mule.app.deployer.monitor.1.thread.1] INFO  org.mule.module.extension.internal.manager.DefaultExtensionManager - Registering extension validation (version 3.9)
2020-03-23 08:42:00,790 [Mule.app.deployer.monitor.1.thread.1] INFO  org.mule.config.spring.MuleArtifactContext - Refreshing org.mule.config.spring.MuleArtifactContext@13a30dcf: startup date [Mon Mar 23 08:42:00 IST 2020]; root of context hierarchy
2020-03-23 08:42:02,015 [Mule.app.deployer.monitor.1.thread.1] INFO  org.mule.config.spring.processors.NoDevkitInjectorProcessor - JSR-330 'javax.inject.Inject' annotation found and supported for autowiring
2020-03-23 08:42:02,347 [Mule.app.deployer.monitor.1.thread.1] INFO  org.mule.util.journal.TransactionJournal - Using files for tx logs F:\gitrepo\mule\.mule\.\.mule\restapi\queue-tx-log\tx1.log and F:\gitrepo\mule\.mule\.\.mule\restapi\queue-tx-log\tx2.log
2020-03-23 08:42:02,349 [Mule.app.deployer.monitor.1.thread.1] INFO  org.mule.util.journal.TransactionJournal - Using files for tx logs F:\gitrepo\mule\.mule\.\.mule\restapi\queue-xa-tx-log\tx1.log and F:\gitrepo\mule\.mule\.\.mule\restapi\queue-xa-tx-log\tx2.log
2020-03-23 08:42:02,369 [Mule.app.deployer.monitor.1.thread.1] INFO  org.mule.lifecycle.AbstractLifecycleManager - Initialising model: _muleSystemModel
2020-03-23 08:42:02,376 [Mule.app.deployer.monitor.1.thread.1] INFO  org.mule.construct.FlowConstructLifecycleManager - Initialising flow: restapiFlow
2020-03-23 08:42:02,376 [Mule.app.deployer.monitor.1.thread.1] INFO  org.mule.exception.DefaultMessagingExceptionStrategy - Initialising exception listener: org.mule.exception.DefaultMessagingExceptionStrategy@7e0462e
2020-03-23 08:42:02,389 [Mule.app.deployer.monitor.1.thread.1] INFO  org.mule.processor.SedaStageLifecycleManager - Initialising service: restapiFlow.stage1
2020-03-23 08:42:02,426 [Mule.app.deployer.monitor.1.thread.1] INFO  org.mule.api.security.tls.TlsProperties - Loading configuration file: tls-default.conf
2020-03-23 08:42:02,445 [Mule.app.deployer.monitor.1.thread.1] INFO  org.mule.config.spring.SpringXmlConfigurationBuilder - Configured Mule using "org.mule.config.spring.SpringXmlConfigurationBuilder" with configuration resource(s): "[ConfigResource{resourceName='F:\gitrepo\mule\.mule\apps\restapi\restapi.xml'}]"
2020-03-23 08:42:02,446 [Mule.app.deployer.monitor.1.thread.1] INFO  org.mule.config.builders.AutoConfigurationBuilder - Configured Mule using "org.mule.config.builders.AutoConfigurationBuilder" with configuration resource(s): "[ConfigResource{resourceName='F:\gitrepo\mule\.mule\apps\restapi\restapi.xml'}]"
2020-03-23 08:42:02,449 [Mule.app.deployer.monitor.1.thread.1] INFO  org.mule.module.launcher.application.DefaultMuleApplication - 
++++++++++++++++++++++++++++++++++++++++++++++++++++++++++++
+ Starting app 'restapi'                                   +
++++++++++++++++++++++++++++++++++++++++++++++++++++++++++++
2020-03-23 08:42:02,459 [Mule.app.deployer.monitor.1.thread.1] INFO  org.mule.util.queue.QueueXaResourceManager - Starting ResourceManager
2020-03-23 08:42:02,459 [Mule.app.deployer.monitor.1.thread.1] INFO  org.mule.util.queue.QueueXaResourceManager - Started ResourceManager
2020-03-23 08:42:02,477 [Mule.app.deployer.monitor.1.thread.1] INFO  org.mule.module.http.internal.listener.DefaultHttpListenerConfig - Listening for requests on http://0.0.0.0:8081/mule/api
2020-03-23 08:42:02,483 [Mule.app.deployer.monitor.1.thread.1] INFO  org.mule.lifecycle.AbstractLifecycleManager - Starting model: _muleSystemModel
2020-03-23 08:42:02,497 [Mule.app.deployer.monitor.1.thread.1] INFO  org.mule.construct.FlowConstructLifecycleManager - Starting flow: restapiFlow
2020-03-23 08:42:02,498 [Mule.app.deployer.monitor.1.thread.1] INFO  org.mule.processor.SedaStageLifecycleManager - Starting service: restapiFlow.stage1
2020-03-23 08:42:02,545 [Mule.app.deployer.monitor.1.thread.1] INFO  org.mule.module.management.agent.WrapperManagerAgent - This JVM hasn't been launched by the wrapper, the agent will not run.
2020-03-23 08:42:02,559 [Mule.app.deployer.monitor.1.thread.1] INFO  org.mule.DefaultMuleContext - 
**********************************************************************
* Application: restapi                                               *
* OS encoding: \, Mule encoding: UTF-8                               *
*                                                                    *
* Agents Running:                                                    *
*   Batch module default engine                                      *
*   JMX Agent                                                        *
*   Wrapper Manager                                                  *
**********************************************************************
2020-03-23 08:44:52,780 [Mule.app.deployer.monitor.1.thread.1] INFO  org.mule.module.launcher.application.DefaultMuleApplication - 
++++++++++++++++++++++++++++++++++++++++++++++++++++++++++++
+ Stopping app 'restapi'                                   +
++++++++++++++++++++++++++++++++++++++++++++++++++++++++++++
2020-03-23 08:44:52,782 [Mule.app.deployer.monitor.1.thread.1] INFO  org.mule.construct.FlowConstructLifecycleManager - Stopping flow: restapiFlow
2020-03-23 08:44:52,782 [Mule.app.deployer.monitor.1.thread.1] INFO  org.mule.processor.SedaStageLifecycleManager - Stopping service: restapiFlow.stage1
2020-03-23 08:44:52,893 [Mule.app.deployer.monitor.1.thread.1] INFO  org.mule.lifecycle.AbstractLifecycleManager - Stopping model: _muleSystemModel
2020-03-23 08:44:52,903 [Mule.app.deployer.monitor.1.thread.1] INFO  org.mule.module.http.internal.listener.DefaultHttpListenerConfig - Stopped listener on http://0.0.0.0:8081/mule/api
2020-03-23 08:44:52,905 [Mule.app.deployer.monitor.1.thread.1] INFO  org.mule.util.queue.QueueXaResourceManager - Stopping ResourceManager
2020-03-23 08:44:52,908 [Mule.app.deployer.monitor.1.thread.1] INFO  org.mule.util.queue.QueueXaResourceManager - Stopped ResourceManager
2020-03-23 08:44:52,918 [Mule.app.deployer.monitor.1.thread.1] INFO  org.mule.module.launcher.application.DefaultMuleApplication - 
++++++++++++++++++++++++++++++++++++++++++++++++++++++++++++
+ Disposing app 'restapi'                                  +
++++++++++++++++++++++++++++++++++++++++++++++++++++++++++++
2020-03-23 08:44:52,918 [Mule.app.deployer.monitor.1.thread.1] INFO  org.mule.lifecycle.AbstractLifecycleManager - Disposing RegistryBroker
2020-03-23 08:44:52,920 [Mule.app.deployer.monitor.1.thread.1] INFO  org.mule.construct.FlowConstructLifecycleManager - Disposing flow: restapiFlow
2020-03-23 08:44:52,921 [Mule.app.deployer.monitor.1.thread.1] INFO  org.mule.processor.SedaStageLifecycleManager - Disposing service: restapiFlow.stage1
2020-03-23 08:44:52,934 [Mule.app.deployer.monitor.1.thread.1] INFO  org.mule.lifecycle.AbstractLifecycleManager - Disposing model: _muleSystemModel
2020-03-23 08:44:53,011 [Mule.app.deployer.monitor.1.thread.1] INFO  org.mule.config.spring.MuleArtifactContext - Closing org.mule.config.spring.MuleArtifactContext@13a30dcf: startup date [Mon Mar 23 08:42:00 IST 2020]; root of context hierarchy
2020-03-23 08:44:53,060 [Mule.app.deployer.monitor.1.thread.1] INFO  org.mule.DefaultMuleContext - 
**********************************************************************
* Application "restapi" shut down normally on: 23/3/20 8:44 AM       *
* Up for: 0 days, 0 hours, 2 mins, 50.610 sec                        *
**********************************************************************
2020-03-23 08:44:53,487 [Mule.app.deployer.monitor.1.thread.1] INFO  org.mule.module.launcher.application.DefaultMuleApplication - 
++++++++++++++++++++++++++++++++++++++++++++++++++++++++++++
+ Initializing app 'restapi'                               +
++++++++++++++++++++++++++++++++++++++++++++++++++++++++++++
2020-03-23 08:44:53,522 [Mule.app.deployer.monitor.1.thread.1] INFO  org.mule.util.JdkVersionUtils - You're executing with a JDK made by a vendor that is not on the recommended list of vendors. Vendor: AdoptOpenJDK Please consider changing to a recommended JDK vendor.
2020-03-23 08:44:53,549 [Mule.app.deployer.monitor.1.thread.1] INFO  org.mule.lifecycle.AbstractLifecycleManager - Initialising RegistryBroker
2020-03-23 08:44:53,564 [Mule.app.deployer.monitor.1.thread.1] INFO  org.mule.module.extension.internal.manager.DefaultExtensionManager - Starting discovery of extensions
2020-03-23 08:44:53,817 [Mule.app.deployer.monitor.1.thread.1] INFO  org.mule.module.extension.internal.manager.DefaultExtensionManager - Discovered 1 extensions
2020-03-23 08:44:53,819 [Mule.app.deployer.monitor.1.thread.1] INFO  org.mule.module.extension.internal.manager.DefaultExtensionManager - Registering extension validation (version 3.9)
2020-03-23 08:44:53,855 [Mule.app.deployer.monitor.1.thread.1] INFO  org.mule.config.spring.MuleArtifactContext - Refreshing org.mule.config.spring.MuleArtifactContext@464e36: startup date [Mon Mar 23 08:44:53 IST 2020]; root of context hierarchy
2020-03-23 08:44:55,045 [Mule.app.deployer.monitor.1.thread.1] INFO  org.mule.config.spring.processors.NoDevkitInjectorProcessor - JSR-330 'javax.inject.Inject' annotation found and supported for autowiring
2020-03-23 08:44:55,897 [Mule.app.deployer.monitor.1.thread.1] INFO  org.mule.util.journal.TransactionJournal - Using files for tx logs F:\gitrepo\mule\.mule\.\.mule\restapi\queue-tx-log\tx1.log and F:\gitrepo\mule\.mule\.\.mule\restapi\queue-tx-log\tx2.log
2020-03-23 08:44:55,900 [Mule.app.deployer.monitor.1.thread.1] INFO  org.mule.util.journal.TransactionJournal - Using files for tx logs F:\gitrepo\mule\.mule\.\.mule\restapi\queue-xa-tx-log\tx1.log and F:\gitrepo\mule\.mule\.\.mule\restapi\queue-xa-tx-log\tx2.log
2020-03-23 08:44:55,934 [Mule.app.deployer.monitor.1.thread.1] INFO  org.mule.lifecycle.AbstractLifecycleManager - Initialising model: _muleSystemModel
2020-03-23 08:44:55,939 [Mule.app.deployer.monitor.1.thread.1] INFO  org.mule.construct.FlowConstructLifecycleManager - Initialising flow: restapiFlow
2020-03-23 08:44:55,939 [Mule.app.deployer.monitor.1.thread.1] INFO  org.mule.exception.DefaultMessagingExceptionStrategy - Initialising exception listener: org.mule.exception.DefaultMessagingExceptionStrategy@265e9efb
2020-03-23 08:44:56,055 [Mule.app.deployer.monitor.1.thread.1] INFO  org.mule.processor.SedaStageLifecycleManager - Initialising service: restapiFlow.stage1
2020-03-23 08:44:56,124 [Mule.app.deployer.monitor.1.thread.1] INFO  org.mule.api.security.tls.TlsProperties - Loading configuration file: tls-default.conf
2020-03-23 08:44:56,153 [Mule.app.deployer.monitor.1.thread.1] INFO  org.mule.config.spring.SpringXmlConfigurationBuilder - Configured Mule using "org.mule.config.spring.SpringXmlConfigurationBuilder" with configuration resource(s): "[ConfigResource{resourceName='F:\gitrepo\mule\.mule\apps\restapi\restapi.xml'}]"
2020-03-23 08:44:56,155 [Mule.app.deployer.monitor.1.thread.1] INFO  org.mule.config.builders.AutoConfigurationBuilder - Configured Mule using "org.mule.config.builders.AutoConfigurationBuilder" with configuration resource(s): "[ConfigResource{resourceName='F:\gitrepo\mule\.mule\apps\restapi\restapi.xml'}]"
2020-03-23 08:44:56,165 [Mule.app.deployer.monitor.1.thread.1] INFO  org.mule.module.launcher.application.DefaultMuleApplication - 
++++++++++++++++++++++++++++++++++++++++++++++++++++++++++++
+ Starting app 'restapi'                                   +
++++++++++++++++++++++++++++++++++++++++++++++++++++++++++++
2020-03-23 08:44:56,180 [Mule.app.deployer.monitor.1.thread.1] INFO  org.mule.util.queue.QueueXaResourceManager - Starting ResourceManager
2020-03-23 08:44:56,180 [Mule.app.deployer.monitor.1.thread.1] INFO  org.mule.util.queue.QueueXaResourceManager - Started ResourceManager
2020-03-23 08:44:56,220 [Mule.app.deployer.monitor.1.thread.1] INFO  org.mule.module.http.internal.listener.DefaultHttpListenerConfig - Listening for requests on http://0.0.0.0:8081/mule/api
2020-03-23 08:44:56,234 [Mule.app.deployer.monitor.1.thread.1] INFO  org.mule.lifecycle.AbstractLifecycleManager - Starting model: _muleSystemModel
2020-03-23 08:44:56,276 [Mule.app.deployer.monitor.1.thread.1] INFO  org.mule.construct.FlowConstructLifecycleManager - Starting flow: restapiFlow
2020-03-23 08:44:56,399 [Mule.app.deployer.monitor.1.thread.1] INFO  org.mule.processor.SedaStageLifecycleManager - Starting service: restapiFlow.stage1
2020-03-23 08:44:56,926 [Mule.app.deployer.monitor.1.thread.1] INFO  org.mule.module.management.agent.WrapperManagerAgent - This JVM hasn't been launched by the wrapper, the agent will not run.
2020-03-23 08:44:57,121 [Mule.app.deployer.monitor.1.thread.1] INFO  org.mule.DefaultMuleContext - 
**********************************************************************
* Application: restapi                                               *
* OS encoding: \, Mule encoding: UTF-8                               *
*                                                                    *
* Agents Running:                                                    *
*   Batch module default engine                                      *
*   JMX Agent                                                        *
*   Wrapper Manager                                                  *
**********************************************************************
2020-03-23 08:56:52,694 [Mule.app.deployer.monitor.1.thread.1] INFO  org.mule.module.launcher.application.DefaultMuleApplication - 
++++++++++++++++++++++++++++++++++++++++++++++++++++++++++++
+ Stopping app 'restapi'                                   +
++++++++++++++++++++++++++++++++++++++++++++++++++++++++++++
2020-03-23 08:56:52,720 [Mule.app.deployer.monitor.1.thread.1] INFO  org.mule.construct.FlowConstructLifecycleManager - Stopping flow: restapiFlow
2020-03-23 08:56:52,720 [Mule.app.deployer.monitor.1.thread.1] INFO  org.mule.processor.SedaStageLifecycleManager - Stopping service: restapiFlow.stage1
2020-03-23 08:56:52,835 [Mule.app.deployer.monitor.1.thread.1] INFO  org.mule.lifecycle.AbstractLifecycleManager - Stopping model: _muleSystemModel
2020-03-23 08:56:52,845 [Mule.app.deployer.monitor.1.thread.1] INFO  org.mule.module.http.internal.listener.DefaultHttpListenerConfig - Stopped listener on http://0.0.0.0:8081/mule/api
2020-03-23 08:56:52,854 [Mule.app.deployer.monitor.1.thread.1] INFO  org.mule.util.queue.QueueXaResourceManager - Stopping ResourceManager
2020-03-23 08:56:52,856 [Mule.app.deployer.monitor.1.thread.1] INFO  org.mule.util.queue.QueueXaResourceManager - Stopped ResourceManager
2020-03-23 08:56:52,863 [Mule.app.deployer.monitor.1.thread.1] INFO  org.mule.module.launcher.application.DefaultMuleApplication - 
++++++++++++++++++++++++++++++++++++++++++++++++++++++++++++
+ Disposing app 'restapi'                                  +
++++++++++++++++++++++++++++++++++++++++++++++++++++++++++++
2020-03-23 08:56:52,863 [Mule.app.deployer.monitor.1.thread.1] INFO  org.mule.lifecycle.AbstractLifecycleManager - Disposing RegistryBroker
2020-03-23 08:56:52,865 [Mule.app.deployer.monitor.1.thread.1] INFO  org.mule.construct.FlowConstructLifecycleManager - Disposing flow: restapiFlow
2020-03-23 08:56:52,865 [Mule.app.deployer.monitor.1.thread.1] INFO  org.mule.processor.SedaStageLifecycleManager - Disposing service: restapiFlow.stage1
2020-03-23 08:56:52,869 [Mule.app.deployer.monitor.1.thread.1] INFO  org.mule.lifecycle.AbstractLifecycleManager - Disposing model: _muleSystemModel
2020-03-23 08:56:52,895 [Mule.app.deployer.monitor.1.thread.1] INFO  org.mule.config.spring.MuleArtifactContext - Closing org.mule.config.spring.MuleArtifactContext@464e36: startup date [Mon Mar 23 08:44:53 IST 2020]; root of context hierarchy
2020-03-23 08:56:52,899 [Mule.app.deployer.monitor.1.thread.1] INFO  org.mule.DefaultMuleContext - 
**********************************************************************
* Application "restapi" shut down normally on: 23/3/20 8:56 AM       *
* Up for: 0 days, 0 hours, 11 mins, 56.726 sec                       *
**********************************************************************
2020-03-23 08:56:53,158 [Mule.app.deployer.monitor.1.thread.1] INFO  org.mule.module.launcher.application.DefaultMuleApplication - 
++++++++++++++++++++++++++++++++++++++++++++++++++++++++++++
+ Initializing app 'restapi'                               +
++++++++++++++++++++++++++++++++++++++++++++++++++++++++++++
2020-03-23 08:56:53,183 [Mule.app.deployer.monitor.1.thread.1] INFO  org.mule.util.JdkVersionUtils - You're executing with a JDK made by a vendor that is not on the recommended list of vendors. Vendor: AdoptOpenJDK Please consider changing to a recommended JDK vendor.
2020-03-23 08:56:53,190 [Mule.app.deployer.monitor.1.thread.1] INFO  org.mule.lifecycle.AbstractLifecycleManager - Initialising RegistryBroker
2020-03-23 08:56:53,219 [Mule.app.deployer.monitor.1.thread.1] INFO  org.mule.module.extension.internal.manager.DefaultExtensionManager - Starting discovery of extensions
2020-03-23 08:56:53,276 [Mule.app.deployer.monitor.1.thread.1] INFO  org.mule.module.extension.internal.manager.DefaultExtensionManager - Discovered 1 extensions
2020-03-23 08:56:53,279 [Mule.app.deployer.monitor.1.thread.1] INFO  org.mule.module.extension.internal.manager.DefaultExtensionManager - Registering extension validation (version 3.9)
2020-03-23 08:56:53,282 [Mule.app.deployer.monitor.1.thread.1] INFO  org.mule.config.spring.MuleArtifactContext - Refreshing org.mule.config.spring.MuleArtifactContext@73a2d8e1: startup date [Mon Mar 23 08:56:53 IST 2020]; root of context hierarchy
2020-03-23 08:56:54,043 [Mule.app.deployer.monitor.1.thread.1] INFO  org.mule.config.spring.processors.NoDevkitInjectorProcessor - JSR-330 'javax.inject.Inject' annotation found and supported for autowiring
2020-03-23 08:56:56,110 [Mule.app.deployer.monitor.1.thread.1] INFO  org.mule.util.journal.TransactionJournal - Using files for tx logs F:\gitrepo\mule\.mule\.\.mule\restapi\queue-tx-log\tx1.log and F:\gitrepo\mule\.mule\.\.mule\restapi\queue-tx-log\tx2.log
2020-03-23 08:56:56,113 [Mule.app.deployer.monitor.1.thread.1] INFO  org.mule.util.journal.TransactionJournal - Using files for tx logs F:\gitrepo\mule\.mule\.\.mule\restapi\queue-xa-tx-log\tx1.log and F:\gitrepo\mule\.mule\.\.mule\restapi\queue-xa-tx-log\tx2.log
2020-03-23 08:56:56,151 [Mule.app.deployer.monitor.1.thread.1] INFO  org.mule.lifecycle.AbstractLifecycleManager - Initialising model: _muleSystemModel
2020-03-23 08:56:56,154 [Mule.app.deployer.monitor.1.thread.1] INFO  org.mule.construct.FlowConstructLifecycleManager - Initialising flow: restapiFlow
2020-03-23 08:56:56,156 [Mule.app.deployer.monitor.1.thread.1] INFO  org.mule.exception.DefaultMessagingExceptionStrategy - Initialising exception listener: org.mule.exception.DefaultMessagingExceptionStrategy@2593f8c6
2020-03-23 08:56:56,179 [Mule.app.deployer.monitor.1.thread.1] INFO  org.mule.processor.SedaStageLifecycleManager - Initialising service: restapiFlow.stage1
2020-03-23 08:56:56,227 [Mule.app.deployer.monitor.1.thread.1] INFO  org.mule.api.security.tls.TlsProperties - Loading configuration file: tls-default.conf
2020-03-23 08:56:56,239 [Mule.app.deployer.monitor.1.thread.1] INFO  org.mule.config.spring.SpringXmlConfigurationBuilder - Configured Mule using "org.mule.config.spring.SpringXmlConfigurationBuilder" with configuration resource(s): "[ConfigResource{resourceName='F:\gitrepo\mule\.mule\apps\restapi\restapi.xml'}]"
2020-03-23 08:56:56,241 [Mule.app.deployer.monitor.1.thread.1] INFO  org.mule.config.builders.AutoConfigurationBuilder - Configured Mule using "org.mule.config.builders.AutoConfigurationBuilder" with configuration resource(s): "[ConfigResource{resourceName='F:\gitrepo\mule\.mule\apps\restapi\restapi.xml'}]"
2020-03-23 08:56:56,246 [Mule.app.deployer.monitor.1.thread.1] INFO  org.mule.module.launcher.application.DefaultMuleApplication - 
++++++++++++++++++++++++++++++++++++++++++++++++++++++++++++
+ Starting app 'restapi'                                   +
++++++++++++++++++++++++++++++++++++++++++++++++++++++++++++
2020-03-23 08:56:56,256 [Mule.app.deployer.monitor.1.thread.1] INFO  org.mule.util.queue.QueueXaResourceManager - Starting ResourceManager
2020-03-23 08:56:56,256 [Mule.app.deployer.monitor.1.thread.1] INFO  org.mule.util.queue.QueueXaResourceManager - Started ResourceManager
2020-03-23 08:56:56,269 [Mule.app.deployer.monitor.1.thread.1] INFO  org.mule.module.http.internal.listener.DefaultHttpListenerConfig - Listening for requests on http://0.0.0.0:8081/mule/api
2020-03-23 08:56:56,287 [Mule.app.deployer.monitor.1.thread.1] INFO  org.mule.lifecycle.AbstractLifecycleManager - Starting model: _muleSystemModel
2020-03-23 08:56:56,294 [Mule.app.deployer.monitor.1.thread.1] INFO  org.mule.construct.FlowConstructLifecycleManager - Starting flow: restapiFlow
2020-03-23 08:56:56,296 [Mule.app.deployer.monitor.1.thread.1] INFO  org.mule.processor.SedaStageLifecycleManager - Starting service: restapiFlow.stage1
2020-03-23 08:56:56,336 [Mule.app.deployer.monitor.1.thread.1] INFO  org.mule.module.management.agent.WrapperManagerAgent - This JVM hasn't been launched by the wrapper, the agent will not run.
2020-03-23 08:56:56,347 [Mule.app.deployer.monitor.1.thread.1] INFO  org.mule.DefaultMuleContext - 
**********************************************************************
* Application: restapi                                               *
* OS encoding: \, Mule encoding: UTF-8                               *
*                                                                    *
* Agents Running:                                                    *
*   Batch module default engine                                      *
*   JMX Agent                                                        *
*   Wrapper Manager                                                  *
**********************************************************************
2020-03-23 09:00:51,450 [Mule.app.deployer.monitor.1.thread.1] INFO  org.mule.module.launcher.application.DefaultMuleApplication - 
++++++++++++++++++++++++++++++++++++++++++++++++++++++++++++
+ Stopping app 'restapi'                                   +
++++++++++++++++++++++++++++++++++++++++++++++++++++++++++++
2020-03-23 09:00:51,451 [Mule.app.deployer.monitor.1.thread.1] INFO  org.mule.construct.FlowConstructLifecycleManager - Stopping flow: restapiFlow
2020-03-23 09:00:51,451 [Mule.app.deployer.monitor.1.thread.1] INFO  org.mule.processor.SedaStageLifecycleManager - Stopping service: restapiFlow.stage1
2020-03-23 09:00:51,583 [Mule.app.deployer.monitor.1.thread.1] INFO  org.mule.lifecycle.AbstractLifecycleManager - Stopping model: _muleSystemModel
2020-03-23 09:00:51,586 [Mule.app.deployer.monitor.1.thread.1] INFO  org.mule.module.http.internal.listener.DefaultHttpListenerConfig - Stopped listener on http://0.0.0.0:8081/mule/api
2020-03-23 09:00:51,587 [Mule.app.deployer.monitor.1.thread.1] INFO  org.mule.util.queue.QueueXaResourceManager - Stopping ResourceManager
2020-03-23 09:00:51,587 [Mule.app.deployer.monitor.1.thread.1] INFO  org.mule.util.queue.QueueXaResourceManager - Stopped ResourceManager
2020-03-23 09:00:51,598 [Mule.app.deployer.monitor.1.thread.1] INFO  org.mule.module.launcher.application.DefaultMuleApplication - 
++++++++++++++++++++++++++++++++++++++++++++++++++++++++++++
+ Disposing app 'restapi'                                  +
++++++++++++++++++++++++++++++++++++++++++++++++++++++++++++
2020-03-23 09:00:51,598 [Mule.app.deployer.monitor.1.thread.1] INFO  org.mule.lifecycle.AbstractLifecycleManager - Disposing RegistryBroker
2020-03-23 09:00:51,601 [Mule.app.deployer.monitor.1.thread.1] INFO  org.mule.construct.FlowConstructLifecycleManager - Disposing flow: restapiFlow
2020-03-23 09:00:51,601 [Mule.app.deployer.monitor.1.thread.1] INFO  org.mule.processor.SedaStageLifecycleManager - Disposing service: restapiFlow.stage1
2020-03-23 09:00:51,603 [Mule.app.deployer.monitor.1.thread.1] INFO  org.mule.lifecycle.AbstractLifecycleManager - Disposing model: _muleSystemModel
2020-03-23 09:00:51,623 [Mule.app.deployer.monitor.1.thread.1] INFO  org.mule.config.spring.MuleArtifactContext - Closing org.mule.config.spring.MuleArtifactContext@73a2d8e1: startup date [Mon Mar 23 08:56:53 IST 2020]; root of context hierarchy
2020-03-23 09:00:51,628 [Mule.app.deployer.monitor.1.thread.1] INFO  org.mule.DefaultMuleContext - 
**********************************************************************
* Application "restapi" shut down normally on: 23/3/20 9:00 AM       *
* Up for: 0 days, 0 hours, 3 mins, 55.376 sec                        *
**********************************************************************
2020-03-23 09:00:51,741 [Mule.app.deployer.monitor.1.thread.1] INFO  org.mule.module.launcher.application.DefaultMuleApplication - 
++++++++++++++++++++++++++++++++++++++++++++++++++++++++++++
+ Initializing app 'restapi'                               +
++++++++++++++++++++++++++++++++++++++++++++++++++++++++++++
2020-03-23 09:00:51,749 [Mule.app.deployer.monitor.1.thread.1] INFO  org.mule.util.JdkVersionUtils - You're executing with a JDK made by a vendor that is not on the recommended list of vendors. Vendor: AdoptOpenJDK Please consider changing to a recommended JDK vendor.
2020-03-23 09:00:51,756 [Mule.app.deployer.monitor.1.thread.1] INFO  org.mule.lifecycle.AbstractLifecycleManager - Initialising RegistryBroker
2020-03-23 09:00:51,794 [Mule.app.deployer.monitor.1.thread.1] INFO  org.mule.module.extension.internal.manager.DefaultExtensionManager - Starting discovery of extensions
2020-03-23 09:00:51,815 [Mule.app.deployer.monitor.1.thread.1] INFO  org.mule.module.extension.internal.manager.DefaultExtensionManager - Discovered 1 extensions
2020-03-23 09:00:51,815 [Mule.app.deployer.monitor.1.thread.1] INFO  org.mule.module.extension.internal.manager.DefaultExtensionManager - Registering extension validation (version 3.9)
2020-03-23 09:00:51,820 [Mule.app.deployer.monitor.1.thread.1] INFO  org.mule.config.spring.MuleArtifactContext - Refreshing org.mule.config.spring.MuleArtifactContext@7315e270: startup date [Mon Mar 23 09:00:51 IST 2020]; root of context hierarchy
2020-03-23 09:00:52,236 [Mule.app.deployer.monitor.1.thread.1] INFO  org.mule.config.spring.processors.NoDevkitInjectorProcessor - JSR-330 'javax.inject.Inject' annotation found and supported for autowiring
2020-03-23 09:00:52,465 [Mule.app.deployer.monitor.1.thread.1] INFO  org.mule.util.journal.TransactionJournal - Using files for tx logs F:\gitrepo\mule\.mule\.\.mule\restapi\queue-tx-log\tx1.log and F:\gitrepo\mule\.mule\.\.mule\restapi\queue-tx-log\tx2.log
2020-03-23 09:00:52,471 [Mule.app.deployer.monitor.1.thread.1] INFO  org.mule.util.journal.TransactionJournal - Using files for tx logs F:\gitrepo\mule\.mule\.\.mule\restapi\queue-xa-tx-log\tx1.log and F:\gitrepo\mule\.mule\.\.mule\restapi\queue-xa-tx-log\tx2.log
2020-03-23 09:00:52,490 [Mule.app.deployer.monitor.1.thread.1] INFO  org.mule.lifecycle.AbstractLifecycleManager - Initialising model: _muleSystemModel
2020-03-23 09:00:52,491 [Mule.app.deployer.monitor.1.thread.1] INFO  org.mule.construct.FlowConstructLifecycleManager - Initialising flow: restapiFlow
2020-03-23 09:00:52,491 [Mule.app.deployer.monitor.1.thread.1] INFO  org.mule.exception.DefaultMessagingExceptionStrategy - Initialising exception listener: org.mule.exception.DefaultMessagingExceptionStrategy@4e23e57e
2020-03-23 09:00:52,498 [Mule.app.deployer.monitor.1.thread.1] INFO  org.mule.processor.SedaStageLifecycleManager - Initialising service: restapiFlow.stage1
2020-03-23 09:00:52,532 [Mule.app.deployer.monitor.1.thread.1] INFO  org.mule.api.security.tls.TlsProperties - Loading configuration file: tls-default.conf
2020-03-23 09:00:52,542 [Mule.app.deployer.monitor.1.thread.1] INFO  org.mule.config.spring.SpringXmlConfigurationBuilder - Configured Mule using "org.mule.config.spring.SpringXmlConfigurationBuilder" with configuration resource(s): "[ConfigResource{resourceName='F:\gitrepo\mule\.mule\apps\restapi\restapi.xml'}]"
2020-03-23 09:00:52,542 [Mule.app.deployer.monitor.1.thread.1] INFO  org.mule.config.builders.AutoConfigurationBuilder - Configured Mule using "org.mule.config.builders.AutoConfigurationBuilder" with configuration resource(s): "[ConfigResource{resourceName='F:\gitrepo\mule\.mule\apps\restapi\restapi.xml'}]"
2020-03-23 09:00:52,544 [Mule.app.deployer.monitor.1.thread.1] INFO  org.mule.module.launcher.application.DefaultMuleApplication - 
++++++++++++++++++++++++++++++++++++++++++++++++++++++++++++
+ Starting app 'restapi'                                   +
++++++++++++++++++++++++++++++++++++++++++++++++++++++++++++
2020-03-23 09:00:52,548 [Mule.app.deployer.monitor.1.thread.1] INFO  org.mule.util.queue.QueueXaResourceManager - Starting ResourceManager
2020-03-23 09:00:52,548 [Mule.app.deployer.monitor.1.thread.1] INFO  org.mule.util.queue.QueueXaResourceManager - Started ResourceManager
2020-03-23 09:00:52,566 [Mule.app.deployer.monitor.1.thread.1] INFO  org.mule.module.http.internal.listener.DefaultHttpListenerConfig - Listening for requests on http://0.0.0.0:8081/mule/api
2020-03-23 09:00:52,571 [Mule.app.deployer.monitor.1.thread.1] INFO  org.mule.lifecycle.AbstractLifecycleManager - Starting model: _muleSystemModel
2020-03-23 09:00:52,572 [Mule.app.deployer.monitor.1.thread.1] INFO  org.mule.construct.FlowConstructLifecycleManager - Starting flow: restapiFlow
2020-03-23 09:00:52,572 [Mule.app.deployer.monitor.1.thread.1] INFO  org.mule.processor.SedaStageLifecycleManager - Starting service: restapiFlow.stage1
2020-03-23 09:00:52,593 [Mule.app.deployer.monitor.1.thread.1] INFO  org.mule.module.management.agent.WrapperManagerAgent - This JVM hasn't been launched by the wrapper, the agent will not run.
2020-03-23 09:00:52,600 [Mule.app.deployer.monitor.1.thread.1] INFO  org.mule.DefaultMuleContext - 
**********************************************************************
* Application: restapi                                               *
* OS encoding: \, Mule encoding: UTF-8                               *
*                                                                    *
* Agents Running:                                                    *
*   Batch module default engine                                      *
*   JMX Agent                                                        *
*   Wrapper Manager                                                  *
**********************************************************************
2020-03-23 09:04:57,699 [Mule.app.deployer.monitor.1.thread.1] INFO  org.mule.module.launcher.application.DefaultMuleApplication - 
++++++++++++++++++++++++++++++++++++++++++++++++++++++++++++
+ Stopping app 'restapi'                                   +
++++++++++++++++++++++++++++++++++++++++++++++++++++++++++++
2020-03-23 09:04:57,700 [Mule.app.deployer.monitor.1.thread.1] INFO  org.mule.construct.FlowConstructLifecycleManager - Stopping flow: restapiFlow
2020-03-23 09:04:57,700 [Mule.app.deployer.monitor.1.thread.1] INFO  org.mule.processor.SedaStageLifecycleManager - Stopping service: restapiFlow.stage1
2020-03-23 09:04:57,753 [Mule.app.deployer.monitor.1.thread.1] INFO  org.mule.lifecycle.AbstractLifecycleManager - Stopping model: _muleSystemModel
2020-03-23 09:04:57,760 [Mule.app.deployer.monitor.1.thread.1] INFO  org.mule.module.http.internal.listener.DefaultHttpListenerConfig - Stopped listener on http://0.0.0.0:8081/mule/api
2020-03-23 09:04:57,762 [Mule.app.deployer.monitor.1.thread.1] INFO  org.mule.util.queue.QueueXaResourceManager - Stopping ResourceManager
2020-03-23 09:04:57,762 [Mule.app.deployer.monitor.1.thread.1] INFO  org.mule.util.queue.QueueXaResourceManager - Stopped ResourceManager
2020-03-23 09:04:57,769 [Mule.app.deployer.monitor.1.thread.1] INFO  org.mule.module.launcher.application.DefaultMuleApplication - 
++++++++++++++++++++++++++++++++++++++++++++++++++++++++++++
+ Disposing app 'restapi'                                  +
++++++++++++++++++++++++++++++++++++++++++++++++++++++++++++
2020-03-23 09:04:57,771 [Mule.app.deployer.monitor.1.thread.1] INFO  org.mule.lifecycle.AbstractLifecycleManager - Disposing RegistryBroker
2020-03-23 09:04:57,774 [Mule.app.deployer.monitor.1.thread.1] INFO  org.mule.construct.FlowConstructLifecycleManager - Disposing flow: restapiFlow
2020-03-23 09:04:57,776 [Mule.app.deployer.monitor.1.thread.1] INFO  org.mule.processor.SedaStageLifecycleManager - Disposing service: restapiFlow.stage1
2020-03-23 09:04:57,779 [Mule.app.deployer.monitor.1.thread.1] INFO  org.mule.lifecycle.AbstractLifecycleManager - Disposing model: _muleSystemModel
2020-03-23 09:04:57,789 [Mule.app.deployer.monitor.1.thread.1] INFO  org.mule.config.spring.MuleArtifactContext - Closing org.mule.config.spring.MuleArtifactContext@7315e270: startup date [Mon Mar 23 09:00:51 IST 2020]; root of context hierarchy
2020-03-23 09:04:57,792 [Mule.app.deployer.monitor.1.thread.1] INFO  org.mule.DefaultMuleContext - 
**********************************************************************
* Application "restapi" shut down normally on: 23/3/20 9:04 AM       *
* Up for: 0 days, 0 hours, 4 mins, 5.247 sec                         *
**********************************************************************
2020-03-23 09:04:57,889 [Mule.app.deployer.monitor.1.thread.1] INFO  org.mule.module.launcher.application.DefaultMuleApplication - 
++++++++++++++++++++++++++++++++++++++++++++++++++++++++++++
+ Initializing app 'restapi'                               +
++++++++++++++++++++++++++++++++++++++++++++++++++++++++++++
2020-03-23 09:04:57,895 [Mule.app.deployer.monitor.1.thread.1] INFO  org.mule.util.JdkVersionUtils - You're executing with a JDK made by a vendor that is not on the recommended list of vendors. Vendor: AdoptOpenJDK Please consider changing to a recommended JDK vendor.
2020-03-23 09:04:57,902 [Mule.app.deployer.monitor.1.thread.1] INFO  org.mule.lifecycle.AbstractLifecycleManager - Initialising RegistryBroker
2020-03-23 09:04:57,908 [Mule.app.deployer.monitor.1.thread.1] INFO  org.mule.module.extension.internal.manager.DefaultExtensionManager - Starting discovery of extensions
2020-03-23 09:04:57,926 [Mule.app.deployer.monitor.1.thread.1] INFO  org.mule.module.extension.internal.manager.DefaultExtensionManager - Discovered 1 extensions
2020-03-23 09:04:57,927 [Mule.app.deployer.monitor.1.thread.1] INFO  org.mule.module.extension.internal.manager.DefaultExtensionManager - Registering extension validation (version 3.9)
2020-03-23 09:04:57,933 [Mule.app.deployer.monitor.1.thread.1] INFO  org.mule.config.spring.MuleArtifactContext - Refreshing org.mule.config.spring.MuleArtifactContext@38b67df1: startup date [Mon Mar 23 09:04:57 IST 2020]; root of context hierarchy
2020-03-23 09:04:58,546 [Mule.app.deployer.monitor.1.thread.1] INFO  org.mule.config.spring.processors.NoDevkitInjectorProcessor - JSR-330 'javax.inject.Inject' annotation found and supported for autowiring
2020-03-23 09:04:58,887 [Mule.app.deployer.monitor.1.thread.1] INFO  org.mule.util.journal.TransactionJournal - Using files for tx logs F:\gitrepo\mule\.mule\.\.mule\restapi\queue-tx-log\tx1.log and F:\gitrepo\mule\.mule\.\.mule\restapi\queue-tx-log\tx2.log
2020-03-23 09:04:58,892 [Mule.app.deployer.monitor.1.thread.1] INFO  org.mule.util.journal.TransactionJournal - Using files for tx logs F:\gitrepo\mule\.mule\.\.mule\restapi\queue-xa-tx-log\tx1.log and F:\gitrepo\mule\.mule\.\.mule\restapi\queue-xa-tx-log\tx2.log
2020-03-23 09:04:58,904 [Mule.app.deployer.monitor.1.thread.1] INFO  org.mule.lifecycle.AbstractLifecycleManager - Initialising model: _muleSystemModel
2020-03-23 09:04:58,911 [Mule.app.deployer.monitor.1.thread.1] INFO  org.mule.construct.FlowConstructLifecycleManager - Initialising flow: restapiFlow
2020-03-23 09:04:58,912 [Mule.app.deployer.monitor.1.thread.1] INFO  org.mule.exception.DefaultMessagingExceptionStrategy - Initialising exception listener: org.mule.exception.DefaultMessagingExceptionStrategy@5df4dbe1
2020-03-23 09:04:58,920 [Mule.app.deployer.monitor.1.thread.1] INFO  org.mule.processor.SedaStageLifecycleManager - Initialising service: restapiFlow.stage1
2020-03-23 09:04:58,956 [Mule.app.deployer.monitor.1.thread.1] INFO  org.mule.api.security.tls.TlsProperties - Loading configuration file: tls-default.conf
2020-03-23 09:04:58,971 [Mule.app.deployer.monitor.1.thread.1] INFO  org.mule.config.spring.SpringXmlConfigurationBuilder - Configured Mule using "org.mule.config.spring.SpringXmlConfigurationBuilder" with configuration resource(s): "[ConfigResource{resourceName='F:\gitrepo\mule\.mule\apps\restapi\restapi.xml'}]"
2020-03-23 09:04:58,971 [Mule.app.deployer.monitor.1.thread.1] INFO  org.mule.config.builders.AutoConfigurationBuilder - Configured Mule using "org.mule.config.builders.AutoConfigurationBuilder" with configuration resource(s): "[ConfigResource{resourceName='F:\gitrepo\mule\.mule\apps\restapi\restapi.xml'}]"
2020-03-23 09:04:58,973 [Mule.app.deployer.monitor.1.thread.1] INFO  org.mule.module.launcher.application.DefaultMuleApplication - 
++++++++++++++++++++++++++++++++++++++++++++++++++++++++++++
+ Starting app 'restapi'                                   +
++++++++++++++++++++++++++++++++++++++++++++++++++++++++++++
2020-03-23 09:04:58,980 [Mule.app.deployer.monitor.1.thread.1] INFO  org.mule.util.queue.QueueXaResourceManager - Starting ResourceManager
2020-03-23 09:04:58,982 [Mule.app.deployer.monitor.1.thread.1] INFO  org.mule.util.queue.QueueXaResourceManager - Started ResourceManager
2020-03-23 09:04:59,019 [Mule.app.deployer.monitor.1.thread.1] INFO  org.mule.module.http.internal.listener.DefaultHttpListenerConfig - Listening for requests on http://0.0.0.0:8081/mule/api
2020-03-23 09:04:59,025 [Mule.app.deployer.monitor.1.thread.1] INFO  org.mule.lifecycle.AbstractLifecycleManager - Starting model: _muleSystemModel
2020-03-23 09:04:59,072 [Mule.app.deployer.monitor.1.thread.1] INFO  org.mule.construct.FlowConstructLifecycleManager - Starting flow: restapiFlow
2020-03-23 09:04:59,072 [Mule.app.deployer.monitor.1.thread.1] INFO  org.mule.processor.SedaStageLifecycleManager - Starting service: restapiFlow.stage1
2020-03-23 09:04:59,116 [Mule.app.deployer.monitor.1.thread.1] INFO  org.mule.module.management.agent.WrapperManagerAgent - This JVM hasn't been launched by the wrapper, the agent will not run.
2020-03-23 09:04:59,150 [Mule.app.deployer.monitor.1.thread.1] INFO  org.mule.DefaultMuleContext - 
**********************************************************************
* Application: restapi                                               *
* OS encoding: \, Mule encoding: UTF-8                               *
*                                                                    *
* Agents Running:                                                    *
*   Batch module default engine                                      *
*   JMX Agent                                                        *
*   Wrapper Manager                                                  *
**********************************************************************
2020-03-23 09:09:14,295 [Mule.app.deployer.monitor.1.thread.1] INFO  org.mule.module.launcher.application.DefaultMuleApplication - 
++++++++++++++++++++++++++++++++++++++++++++++++++++++++++++
+ Stopping app 'restapi'                                   +
++++++++++++++++++++++++++++++++++++++++++++++++++++++++++++
2020-03-23 09:09:14,297 [Mule.app.deployer.monitor.1.thread.1] INFO  org.mule.construct.FlowConstructLifecycleManager - Stopping flow: restapiFlow
2020-03-23 09:09:14,297 [Mule.app.deployer.monitor.1.thread.1] INFO  org.mule.processor.SedaStageLifecycleManager - Stopping service: restapiFlow.stage1
2020-03-23 09:09:14,423 [Mule.app.deployer.monitor.1.thread.1] INFO  org.mule.lifecycle.AbstractLifecycleManager - Stopping model: _muleSystemModel
2020-03-23 09:09:14,427 [Mule.app.deployer.monitor.1.thread.1] INFO  org.mule.module.http.internal.listener.DefaultHttpListenerConfig - Stopped listener on http://0.0.0.0:8081/mule/api
2020-03-23 09:09:14,430 [Mule.app.deployer.monitor.1.thread.1] INFO  org.mule.util.queue.QueueXaResourceManager - Stopping ResourceManager
2020-03-23 09:09:14,432 [Mule.app.deployer.monitor.1.thread.1] INFO  org.mule.util.queue.QueueXaResourceManager - Stopped ResourceManager
2020-03-23 09:09:14,447 [Mule.app.deployer.monitor.1.thread.1] INFO  org.mule.module.launcher.application.DefaultMuleApplication - 
++++++++++++++++++++++++++++++++++++++++++++++++++++++++++++
+ Disposing app 'restapi'                                  +
++++++++++++++++++++++++++++++++++++++++++++++++++++++++++++
2020-03-23 09:09:14,449 [Mule.app.deployer.monitor.1.thread.1] INFO  org.mule.lifecycle.AbstractLifecycleManager - Disposing RegistryBroker
2020-03-23 09:09:14,451 [Mule.app.deployer.monitor.1.thread.1] INFO  org.mule.construct.FlowConstructLifecycleManager - Disposing flow: restapiFlow
2020-03-23 09:09:14,451 [Mule.app.deployer.monitor.1.thread.1] INFO  org.mule.processor.SedaStageLifecycleManager - Disposing service: restapiFlow.stage1
2020-03-23 09:09:14,456 [Mule.app.deployer.monitor.1.thread.1] INFO  org.mule.lifecycle.AbstractLifecycleManager - Disposing model: _muleSystemModel
2020-03-23 09:09:14,479 [Mule.app.deployer.monitor.1.thread.1] INFO  org.mule.config.spring.MuleArtifactContext - Closing org.mule.config.spring.MuleArtifactContext@38b67df1: startup date [Mon Mar 23 09:04:57 IST 2020]; root of context hierarchy
2020-03-23 09:09:14,495 [Mule.app.deployer.monitor.1.thread.1] INFO  org.mule.DefaultMuleContext - 
**********************************************************************
* Application "restapi" shut down normally on: 23/3/20 9:09 AM       *
* Up for: 0 days, 0 hours, 4 mins, 15.521 sec                        *
**********************************************************************
2020-03-23 09:09:14,700 [Mule.app.deployer.monitor.1.thread.1] INFO  org.mule.module.launcher.application.DefaultMuleApplication - 
++++++++++++++++++++++++++++++++++++++++++++++++++++++++++++
+ Initializing app 'restapi'                               +
++++++++++++++++++++++++++++++++++++++++++++++++++++++++++++
2020-03-23 09:09:14,719 [Mule.app.deployer.monitor.1.thread.1] INFO  org.mule.util.JdkVersionUtils - You're executing with a JDK made by a vendor that is not on the recommended list of vendors. Vendor: AdoptOpenJDK Please consider changing to a recommended JDK vendor.
2020-03-23 09:09:14,737 [Mule.app.deployer.monitor.1.thread.1] INFO  org.mule.lifecycle.AbstractLifecycleManager - Initialising RegistryBroker
2020-03-23 09:09:14,745 [Mule.app.deployer.monitor.1.thread.1] INFO  org.mule.module.extension.internal.manager.DefaultExtensionManager - Starting discovery of extensions
2020-03-23 09:09:14,780 [Mule.app.deployer.monitor.1.thread.1] INFO  org.mule.module.extension.internal.manager.DefaultExtensionManager - Discovered 1 extensions
2020-03-23 09:09:14,780 [Mule.app.deployer.monitor.1.thread.1] INFO  org.mule.module.extension.internal.manager.DefaultExtensionManager - Registering extension validation (version 3.9)
2020-03-23 09:09:14,788 [Mule.app.deployer.monitor.1.thread.1] INFO  org.mule.config.spring.MuleArtifactContext - Refreshing org.mule.config.spring.MuleArtifactContext@18d793ae: startup date [Mon Mar 23 09:09:14 IST 2020]; root of context hierarchy
2020-03-23 09:09:15,315 [Mule.app.deployer.monitor.1.thread.1] INFO  org.mule.config.spring.processors.NoDevkitInjectorProcessor - JSR-330 'javax.inject.Inject' annotation found and supported for autowiring
2020-03-23 09:09:15,492 [Mule.app.deployer.monitor.1.thread.1] INFO  org.mule.util.journal.TransactionJournal - Using files for tx logs F:\gitrepo\mule\.mule\.\.mule\restapi\queue-tx-log\tx1.log and F:\gitrepo\mule\.mule\.\.mule\restapi\queue-tx-log\tx2.log
2020-03-23 09:09:15,493 [Mule.app.deployer.monitor.1.thread.1] INFO  org.mule.util.journal.TransactionJournal - Using files for tx logs F:\gitrepo\mule\.mule\.\.mule\restapi\queue-xa-tx-log\tx1.log and F:\gitrepo\mule\.mule\.\.mule\restapi\queue-xa-tx-log\tx2.log
2020-03-23 09:09:15,506 [Mule.app.deployer.monitor.1.thread.1] INFO  org.mule.lifecycle.AbstractLifecycleManager - Initialising model: _muleSystemModel
2020-03-23 09:09:15,507 [Mule.app.deployer.monitor.1.thread.1] INFO  org.mule.construct.FlowConstructLifecycleManager - Initialising flow: restapiFlow
2020-03-23 09:09:15,508 [Mule.app.deployer.monitor.1.thread.1] INFO  org.mule.exception.DefaultMessagingExceptionStrategy - Initialising exception listener: org.mule.exception.DefaultMessagingExceptionStrategy@3581d040
2020-03-23 09:09:15,515 [Mule.app.deployer.monitor.1.thread.1] INFO  org.mule.processor.SedaStageLifecycleManager - Initialising service: restapiFlow.stage1
2020-03-23 09:09:15,558 [Mule.app.deployer.monitor.1.thread.1] INFO  org.mule.api.security.tls.TlsProperties - Loading configuration file: tls-default.conf
2020-03-23 09:09:15,580 [Mule.app.deployer.monitor.1.thread.1] INFO  org.mule.config.spring.SpringXmlConfigurationBuilder - Configured Mule using "org.mule.config.spring.SpringXmlConfigurationBuilder" with configuration resource(s): "[ConfigResource{resourceName='F:\gitrepo\mule\.mule\apps\restapi\restapi.xml'}]"
2020-03-23 09:09:15,580 [Mule.app.deployer.monitor.1.thread.1] INFO  org.mule.config.builders.AutoConfigurationBuilder - Configured Mule using "org.mule.config.builders.AutoConfigurationBuilder" with configuration resource(s): "[ConfigResource{resourceName='F:\gitrepo\mule\.mule\apps\restapi\restapi.xml'}]"
2020-03-23 09:09:15,581 [Mule.app.deployer.monitor.1.thread.1] INFO  org.mule.module.launcher.application.DefaultMuleApplication - 
++++++++++++++++++++++++++++++++++++++++++++++++++++++++++++
+ Starting app 'restapi'                                   +
++++++++++++++++++++++++++++++++++++++++++++++++++++++++++++
2020-03-23 09:09:15,592 [Mule.app.deployer.monitor.1.thread.1] INFO  org.mule.util.queue.QueueXaResourceManager - Starting ResourceManager
2020-03-23 09:09:15,594 [Mule.app.deployer.monitor.1.thread.1] INFO  org.mule.util.queue.QueueXaResourceManager - Started ResourceManager
2020-03-23 09:09:15,631 [Mule.app.deployer.monitor.1.thread.1] INFO  org.mule.module.http.internal.listener.DefaultHttpListenerConfig - Listening for requests on http://0.0.0.0:8081/mule/api
2020-03-23 09:09:15,652 [Mule.app.deployer.monitor.1.thread.1] INFO  org.mule.lifecycle.AbstractLifecycleManager - Starting model: _muleSystemModel
2020-03-23 09:09:15,658 [Mule.app.deployer.monitor.1.thread.1] INFO  org.mule.construct.FlowConstructLifecycleManager - Starting flow: restapiFlow
2020-03-23 09:09:15,658 [Mule.app.deployer.monitor.1.thread.1] INFO  org.mule.processor.SedaStageLifecycleManager - Starting service: restapiFlow.stage1
2020-03-23 09:09:15,689 [Mule.app.deployer.monitor.1.thread.1] INFO  org.mule.module.management.agent.WrapperManagerAgent - This JVM hasn't been launched by the wrapper, the agent will not run.
2020-03-23 09:09:15,694 [Mule.app.deployer.monitor.1.thread.1] INFO  org.mule.DefaultMuleContext - 
**********************************************************************
* Application: restapi                                               *
* OS encoding: \, Mule encoding: UTF-8                               *
*                                                                    *
* Agents Running:                                                    *
*   Batch module default engine                                      *
*   JMX Agent                                                        *
*   Wrapper Manager                                                  *
**********************************************************************
2020-03-23 09:16:15,852 [Mule.app.deployer.monitor.1.thread.1] INFO  org.mule.module.launcher.application.DefaultMuleApplication - 
++++++++++++++++++++++++++++++++++++++++++++++++++++++++++++
+ Stopping app 'restapi'                                   +
++++++++++++++++++++++++++++++++++++++++++++++++++++++++++++
2020-03-23 09:16:15,853 [Mule.app.deployer.monitor.1.thread.1] INFO  org.mule.construct.FlowConstructLifecycleManager - Stopping flow: restapiFlow
2020-03-23 09:16:15,853 [Mule.app.deployer.monitor.1.thread.1] INFO  org.mule.processor.SedaStageLifecycleManager - Stopping service: restapiFlow.stage1
2020-03-23 09:16:15,937 [Mule.app.deployer.monitor.1.thread.1] INFO  org.mule.lifecycle.AbstractLifecycleManager - Stopping model: _muleSystemModel
2020-03-23 09:16:15,946 [Mule.app.deployer.monitor.1.thread.1] INFO  org.mule.module.http.internal.listener.DefaultHttpListenerConfig - Stopped listener on http://0.0.0.0:8081/mule/api
2020-03-23 09:16:15,948 [Mule.app.deployer.monitor.1.thread.1] INFO  org.mule.util.queue.QueueXaResourceManager - Stopping ResourceManager
2020-03-23 09:16:15,948 [Mule.app.deployer.monitor.1.thread.1] INFO  org.mule.util.queue.QueueXaResourceManager - Stopped ResourceManager
2020-03-23 09:16:15,958 [Mule.app.deployer.monitor.1.thread.1] INFO  org.mule.module.launcher.application.DefaultMuleApplication - 
++++++++++++++++++++++++++++++++++++++++++++++++++++++++++++
+ Disposing app 'restapi'                                  +
++++++++++++++++++++++++++++++++++++++++++++++++++++++++++++
2020-03-23 09:16:15,958 [Mule.app.deployer.monitor.1.thread.1] INFO  org.mule.lifecycle.AbstractLifecycleManager - Disposing RegistryBroker
2020-03-23 09:16:15,959 [Mule.app.deployer.monitor.1.thread.1] INFO  org.mule.construct.FlowConstructLifecycleManager - Disposing flow: restapiFlow
2020-03-23 09:16:15,959 [Mule.app.deployer.monitor.1.thread.1] INFO  org.mule.processor.SedaStageLifecycleManager - Disposing service: restapiFlow.stage1
2020-03-23 09:16:15,960 [Mule.app.deployer.monitor.1.thread.1] INFO  org.mule.lifecycle.AbstractLifecycleManager - Disposing model: _muleSystemModel
2020-03-23 09:16:15,976 [Mule.app.deployer.monitor.1.thread.1] INFO  org.mule.config.spring.MuleArtifactContext - Closing org.mule.config.spring.MuleArtifactContext@18d793ae: startup date [Mon Mar 23 09:09:14 IST 2020]; root of context hierarchy
2020-03-23 09:16:15,979 [Mule.app.deployer.monitor.1.thread.1] INFO  org.mule.DefaultMuleContext - 
**********************************************************************
* Application "restapi" shut down normally on: 23/3/20 9:16 AM       *
* Up for: 0 days, 0 hours, 7 mins, 0.398 sec                         *
**********************************************************************
2020-03-23 09:16:16,195 [Mule.app.deployer.monitor.1.thread.1] INFO  org.mule.module.launcher.application.DefaultMuleApplication - 
++++++++++++++++++++++++++++++++++++++++++++++++++++++++++++
+ Initializing app 'restapi'                               +
++++++++++++++++++++++++++++++++++++++++++++++++++++++++++++
2020-03-23 09:16:16,206 [Mule.app.deployer.monitor.1.thread.1] INFO  org.mule.util.JdkVersionUtils - You're executing with a JDK made by a vendor that is not on the recommended list of vendors. Vendor: AdoptOpenJDK Please consider changing to a recommended JDK vendor.
2020-03-23 09:16:16,209 [Mule.app.deployer.monitor.1.thread.1] INFO  org.mule.lifecycle.AbstractLifecycleManager - Initialising RegistryBroker
2020-03-23 09:16:16,214 [Mule.app.deployer.monitor.1.thread.1] INFO  org.mule.module.extension.internal.manager.DefaultExtensionManager - Starting discovery of extensions
2020-03-23 09:16:16,233 [Mule.app.deployer.monitor.1.thread.1] INFO  org.mule.module.extension.internal.manager.DefaultExtensionManager - Discovered 1 extensions
2020-03-23 09:16:16,238 [Mule.app.deployer.monitor.1.thread.1] INFO  org.mule.module.extension.internal.manager.DefaultExtensionManager - Registering extension validation (version 3.9)
2020-03-23 09:16:16,243 [Mule.app.deployer.monitor.1.thread.1] INFO  org.mule.config.spring.MuleArtifactContext - Refreshing org.mule.config.spring.MuleArtifactContext@28d274f5: startup date [Mon Mar 23 09:16:16 IST 2020]; root of context hierarchy
2020-03-23 09:16:16,598 [Mule.app.deployer.monitor.1.thread.1] INFO  org.mule.config.spring.processors.NoDevkitInjectorProcessor - JSR-330 'javax.inject.Inject' annotation found and supported for autowiring
2020-03-23 09:16:16,874 [Mule.app.deployer.monitor.1.thread.1] INFO  org.mule.util.journal.TransactionJournal - Using files for tx logs F:\gitrepo\mule\.mule\.\.mule\restapi\queue-tx-log\tx1.log and F:\gitrepo\mule\.mule\.\.mule\restapi\queue-tx-log\tx2.log
2020-03-23 09:16:16,878 [Mule.app.deployer.monitor.1.thread.1] INFO  org.mule.util.journal.TransactionJournal - Using files for tx logs F:\gitrepo\mule\.mule\.\.mule\restapi\queue-xa-tx-log\tx1.log and F:\gitrepo\mule\.mule\.\.mule\restapi\queue-xa-tx-log\tx2.log
2020-03-23 09:16:16,887 [Mule.app.deployer.monitor.1.thread.1] INFO  org.mule.lifecycle.AbstractLifecycleManager - Initialising model: _muleSystemModel
2020-03-23 09:16:16,895 [Mule.app.deployer.monitor.1.thread.1] INFO  org.mule.construct.FlowConstructLifecycleManager - Initialising flow: restapiFlow
2020-03-23 09:16:16,896 [Mule.app.deployer.monitor.1.thread.1] INFO  org.mule.exception.DefaultMessagingExceptionStrategy - Initialising exception listener: org.mule.exception.DefaultMessagingExceptionStrategy@8b9cd4b
2020-03-23 09:16:16,902 [Mule.app.deployer.monitor.1.thread.1] INFO  org.mule.processor.SedaStageLifecycleManager - Initialising service: restapiFlow.stage1
2020-03-23 09:16:16,939 [Mule.app.deployer.monitor.1.thread.1] INFO  org.mule.api.security.tls.TlsProperties - Loading configuration file: tls-default.conf
2020-03-23 09:16:16,950 [Mule.app.deployer.monitor.1.thread.1] INFO  org.mule.config.spring.SpringXmlConfigurationBuilder - Configured Mule using "org.mule.config.spring.SpringXmlConfigurationBuilder" with configuration resource(s): "[ConfigResource{resourceName='F:\gitrepo\mule\.mule\apps\restapi\restapi.xml'}]"
2020-03-23 09:16:16,950 [Mule.app.deployer.monitor.1.thread.1] INFO  org.mule.config.builders.AutoConfigurationBuilder - Configured Mule using "org.mule.config.builders.AutoConfigurationBuilder" with configuration resource(s): "[ConfigResource{resourceName='F:\gitrepo\mule\.mule\apps\restapi\restapi.xml'}]"
2020-03-23 09:16:16,954 [Mule.app.deployer.monitor.1.thread.1] INFO  org.mule.module.launcher.application.DefaultMuleApplication - 
++++++++++++++++++++++++++++++++++++++++++++++++++++++++++++
+ Starting app 'restapi'                                   +
++++++++++++++++++++++++++++++++++++++++++++++++++++++++++++
2020-03-23 09:16:16,958 [Mule.app.deployer.monitor.1.thread.1] INFO  org.mule.util.queue.QueueXaResourceManager - Starting ResourceManager
2020-03-23 09:16:16,958 [Mule.app.deployer.monitor.1.thread.1] INFO  org.mule.util.queue.QueueXaResourceManager - Started ResourceManager
2020-03-23 09:16:16,969 [Mule.app.deployer.monitor.1.thread.1] INFO  org.mule.module.http.internal.listener.DefaultHttpListenerConfig - Listening for requests on http://0.0.0.0:8081/mule/api
2020-03-23 09:16:16,978 [Mule.app.deployer.monitor.1.thread.1] INFO  org.mule.lifecycle.AbstractLifecycleManager - Starting model: _muleSystemModel
2020-03-23 09:16:16,984 [Mule.app.deployer.monitor.1.thread.1] INFO  org.mule.construct.FlowConstructLifecycleManager - Starting flow: restapiFlow
2020-03-23 09:16:16,984 [Mule.app.deployer.monitor.1.thread.1] INFO  org.mule.processor.SedaStageLifecycleManager - Starting service: restapiFlow.stage1
2020-03-23 09:16:17,016 [Mule.app.deployer.monitor.1.thread.1] INFO  org.mule.module.management.agent.WrapperManagerAgent - This JVM hasn't been launched by the wrapper, the agent will not run.
2020-03-23 09:16:17,034 [Mule.app.deployer.monitor.1.thread.1] INFO  org.mule.DefaultMuleContext - 
**********************************************************************
* Application: restapi                                               *
* OS encoding: \, Mule encoding: UTF-8                               *
*                                                                    *
* Agents Running:                                                    *
*   Batch module default engine                                      *
*   JMX Agent                                                        *
*   Wrapper Manager                                                  *
**********************************************************************
2020-03-23 09:16:57,058 [Mule.app.deployer.monitor.1.thread.1] INFO  org.mule.module.launcher.application.DefaultMuleApplication - 
++++++++++++++++++++++++++++++++++++++++++++++++++++++++++++
+ Stopping app 'restapi'                                   +
++++++++++++++++++++++++++++++++++++++++++++++++++++++++++++
2020-03-23 09:16:57,060 [Mule.app.deployer.monitor.1.thread.1] INFO  org.mule.construct.FlowConstructLifecycleManager - Stopping flow: restapiFlow
2020-03-23 09:16:57,060 [Mule.app.deployer.monitor.1.thread.1] INFO  org.mule.processor.SedaStageLifecycleManager - Stopping service: restapiFlow.stage1
2020-03-23 09:16:57,233 [Mule.app.deployer.monitor.1.thread.1] INFO  org.mule.lifecycle.AbstractLifecycleManager - Stopping model: _muleSystemModel
2020-03-23 09:16:57,238 [Mule.app.deployer.monitor.1.thread.1] INFO  org.mule.module.http.internal.listener.DefaultHttpListenerConfig - Stopped listener on http://0.0.0.0:8081/mule/api
2020-03-23 09:16:57,240 [Mule.app.deployer.monitor.1.thread.1] INFO  org.mule.util.queue.QueueXaResourceManager - Stopping ResourceManager
2020-03-23 09:16:57,240 [Mule.app.deployer.monitor.1.thread.1] INFO  org.mule.util.queue.QueueXaResourceManager - Stopped ResourceManager
2020-03-23 09:16:57,245 [Mule.app.deployer.monitor.1.thread.1] INFO  org.mule.module.launcher.application.DefaultMuleApplication - 
++++++++++++++++++++++++++++++++++++++++++++++++++++++++++++
+ Disposing app 'restapi'                                  +
++++++++++++++++++++++++++++++++++++++++++++++++++++++++++++
2020-03-23 09:16:57,245 [Mule.app.deployer.monitor.1.thread.1] INFO  org.mule.lifecycle.AbstractLifecycleManager - Disposing RegistryBroker
2020-03-23 09:16:57,247 [Mule.app.deployer.monitor.1.thread.1] INFO  org.mule.construct.FlowConstructLifecycleManager - Disposing flow: restapiFlow
2020-03-23 09:16:57,247 [Mule.app.deployer.monitor.1.thread.1] INFO  org.mule.processor.SedaStageLifecycleManager - Disposing service: restapiFlow.stage1
2020-03-23 09:16:57,251 [Mule.app.deployer.monitor.1.thread.1] INFO  org.mule.lifecycle.AbstractLifecycleManager - Disposing model: _muleSystemModel
2020-03-23 09:16:57,267 [Mule.app.deployer.monitor.1.thread.1] INFO  org.mule.config.spring.MuleArtifactContext - Closing org.mule.config.spring.MuleArtifactContext@28d274f5: startup date [Mon Mar 23 09:16:16 IST 2020]; root of context hierarchy
2020-03-23 09:16:57,282 [Mule.app.deployer.monitor.1.thread.1] INFO  org.mule.DefaultMuleContext - 
**********************************************************************
* Application "restapi" shut down normally on: 23/3/20 9:16 AM       *
* Up for: 0 days, 0 hours, 0 mins, 40.324 sec                        *
**********************************************************************
2020-03-23 09:16:57,413 [Mule.app.deployer.monitor.1.thread.1] INFO  org.mule.module.launcher.application.DefaultMuleApplication - 
++++++++++++++++++++++++++++++++++++++++++++++++++++++++++++
+ Initializing app 'restapi'                               +
++++++++++++++++++++++++++++++++++++++++++++++++++++++++++++
2020-03-23 09:16:57,438 [Mule.app.deployer.monitor.1.thread.1] INFO  org.mule.util.JdkVersionUtils - You're executing with a JDK made by a vendor that is not on the recommended list of vendors. Vendor: AdoptOpenJDK Please consider changing to a recommended JDK vendor.
2020-03-23 09:16:57,446 [Mule.app.deployer.monitor.1.thread.1] INFO  org.mule.lifecycle.AbstractLifecycleManager - Initialising RegistryBroker
2020-03-23 09:16:57,459 [Mule.app.deployer.monitor.1.thread.1] INFO  org.mule.module.extension.internal.manager.DefaultExtensionManager - Starting discovery of extensions
2020-03-23 09:16:57,490 [Mule.app.deployer.monitor.1.thread.1] INFO  org.mule.module.extension.internal.manager.DefaultExtensionManager - Discovered 1 extensions
2020-03-23 09:16:57,542 [Mule.app.deployer.monitor.1.thread.1] INFO  org.mule.module.extension.internal.manager.DefaultExtensionManager - Registering extension validation (version 3.9)
2020-03-23 09:16:57,590 [Mule.app.deployer.monitor.1.thread.1] INFO  org.mule.config.spring.MuleArtifactContext - Refreshing org.mule.config.spring.MuleArtifactContext@4f1e6a06: startup date [Mon Mar 23 09:16:57 IST 2020]; root of context hierarchy
2020-03-23 09:16:58,199 [Mule.app.deployer.monitor.1.thread.1] INFO  org.mule.config.spring.processors.NoDevkitInjectorProcessor - JSR-330 'javax.inject.Inject' annotation found and supported for autowiring
2020-03-23 09:16:58,370 [Mule.app.deployer.monitor.1.thread.1] INFO  org.mule.util.journal.TransactionJournal - Using files for tx logs F:\gitrepo\mule\.mule\.\.mule\restapi\queue-tx-log\tx1.log and F:\gitrepo\mule\.mule\.\.mule\restapi\queue-tx-log\tx2.log
2020-03-23 09:16:58,371 [Mule.app.deployer.monitor.1.thread.1] INFO  org.mule.util.journal.TransactionJournal - Using files for tx logs F:\gitrepo\mule\.mule\.\.mule\restapi\queue-xa-tx-log\tx1.log and F:\gitrepo\mule\.mule\.\.mule\restapi\queue-xa-tx-log\tx2.log
2020-03-23 09:16:58,382 [Mule.app.deployer.monitor.1.thread.1] INFO  org.mule.lifecycle.AbstractLifecycleManager - Initialising model: _muleSystemModel
2020-03-23 09:16:58,385 [Mule.app.deployer.monitor.1.thread.1] INFO  org.mule.construct.FlowConstructLifecycleManager - Initialising flow: restapiFlow
2020-03-23 09:16:58,386 [Mule.app.deployer.monitor.1.thread.1] INFO  org.mule.exception.DefaultMessagingExceptionStrategy - Initialising exception listener: org.mule.exception.DefaultMessagingExceptionStrategy@7f5771e0
2020-03-23 09:16:58,393 [Mule.app.deployer.monitor.1.thread.1] INFO  org.mule.processor.SedaStageLifecycleManager - Initialising service: restapiFlow.stage1
2020-03-23 09:16:58,415 [Mule.app.deployer.monitor.1.thread.1] INFO  org.mule.api.security.tls.TlsProperties - Loading configuration file: tls-default.conf
2020-03-23 09:16:58,424 [Mule.app.deployer.monitor.1.thread.1] INFO  org.mule.config.spring.SpringXmlConfigurationBuilder - Configured Mule using "org.mule.config.spring.SpringXmlConfigurationBuilder" with configuration resource(s): "[ConfigResource{resourceName='F:\gitrepo\mule\.mule\apps\restapi\restapi.xml'}]"
2020-03-23 09:16:58,424 [Mule.app.deployer.monitor.1.thread.1] INFO  org.mule.config.builders.AutoConfigurationBuilder - Configured Mule using "org.mule.config.builders.AutoConfigurationBuilder" with configuration resource(s): "[ConfigResource{resourceName='F:\gitrepo\mule\.mule\apps\restapi\restapi.xml'}]"
2020-03-23 09:16:58,432 [Mule.app.deployer.monitor.1.thread.1] INFO  org.mule.module.launcher.application.DefaultMuleApplication - 
++++++++++++++++++++++++++++++++++++++++++++++++++++++++++++
+ Starting app 'restapi'                                   +
++++++++++++++++++++++++++++++++++++++++++++++++++++++++++++
2020-03-23 09:16:58,436 [Mule.app.deployer.monitor.1.thread.1] INFO  org.mule.util.queue.QueueXaResourceManager - Starting ResourceManager
2020-03-23 09:16:58,436 [Mule.app.deployer.monitor.1.thread.1] INFO  org.mule.util.queue.QueueXaResourceManager - Started ResourceManager
2020-03-23 09:16:58,449 [Mule.app.deployer.monitor.1.thread.1] INFO  org.mule.module.http.internal.listener.DefaultHttpListenerConfig - Listening for requests on http://0.0.0.0:8081/mule/api
2020-03-23 09:16:58,454 [Mule.app.deployer.monitor.1.thread.1] INFO  org.mule.lifecycle.AbstractLifecycleManager - Starting model: _muleSystemModel
2020-03-23 09:16:58,456 [Mule.app.deployer.monitor.1.thread.1] INFO  org.mule.construct.FlowConstructLifecycleManager - Starting flow: restapiFlow
2020-03-23 09:16:58,456 [Mule.app.deployer.monitor.1.thread.1] INFO  org.mule.processor.SedaStageLifecycleManager - Starting service: restapiFlow.stage1
2020-03-23 09:16:58,478 [Mule.app.deployer.monitor.1.thread.1] INFO  org.mule.module.management.agent.WrapperManagerAgent - This JVM hasn't been launched by the wrapper, the agent will not run.
2020-03-23 09:16:58,482 [Mule.app.deployer.monitor.1.thread.1] INFO  org.mule.DefaultMuleContext - 
**********************************************************************
* Application: restapi                                               *
* OS encoding: \, Mule encoding: UTF-8                               *
*                                                                    *
* Agents Running:                                                    *
*   Batch module default engine                                      *
*   JMX Agent                                                        *
*   Wrapper Manager                                                  *
**********************************************************************
2020-03-23 09:17:43,509 [Mule.app.deployer.monitor.1.thread.1] INFO  org.mule.module.launcher.application.DefaultMuleApplication - 
++++++++++++++++++++++++++++++++++++++++++++++++++++++++++++
+ Stopping app 'restapi'                                   +
++++++++++++++++++++++++++++++++++++++++++++++++++++++++++++
2020-03-23 09:17:43,510 [Mule.app.deployer.monitor.1.thread.1] INFO  org.mule.construct.FlowConstructLifecycleManager - Stopping flow: restapiFlow
2020-03-23 09:17:43,510 [Mule.app.deployer.monitor.1.thread.1] INFO  org.mule.processor.SedaStageLifecycleManager - Stopping service: restapiFlow.stage1
2020-03-23 09:17:43,577 [Mule.app.deployer.monitor.1.thread.1] INFO  org.mule.lifecycle.AbstractLifecycleManager - Stopping model: _muleSystemModel
2020-03-23 09:17:43,580 [Mule.app.deployer.monitor.1.thread.1] INFO  org.mule.module.http.internal.listener.DefaultHttpListenerConfig - Stopped listener on http://0.0.0.0:8081/mule/api
2020-03-23 09:17:43,582 [Mule.app.deployer.monitor.1.thread.1] INFO  org.mule.util.queue.QueueXaResourceManager - Stopping ResourceManager
2020-03-23 09:17:43,582 [Mule.app.deployer.monitor.1.thread.1] INFO  org.mule.util.queue.QueueXaResourceManager - Stopped ResourceManager
2020-03-23 09:17:43,590 [Mule.app.deployer.monitor.1.thread.1] INFO  org.mule.module.launcher.application.DefaultMuleApplication - 
++++++++++++++++++++++++++++++++++++++++++++++++++++++++++++
+ Disposing app 'restapi'                                  +
++++++++++++++++++++++++++++++++++++++++++++++++++++++++++++
2020-03-23 09:17:43,590 [Mule.app.deployer.monitor.1.thread.1] INFO  org.mule.lifecycle.AbstractLifecycleManager - Disposing RegistryBroker
2020-03-23 09:17:43,591 [Mule.app.deployer.monitor.1.thread.1] INFO  org.mule.construct.FlowConstructLifecycleManager - Disposing flow: restapiFlow
2020-03-23 09:17:43,591 [Mule.app.deployer.monitor.1.thread.1] INFO  org.mule.processor.SedaStageLifecycleManager - Disposing service: restapiFlow.stage1
2020-03-23 09:17:43,592 [Mule.app.deployer.monitor.1.thread.1] INFO  org.mule.lifecycle.AbstractLifecycleManager - Disposing model: _muleSystemModel
2020-03-23 09:17:43,606 [Mule.app.deployer.monitor.1.thread.1] INFO  org.mule.config.spring.MuleArtifactContext - Closing org.mule.config.spring.MuleArtifactContext@4f1e6a06: startup date [Mon Mar 23 09:16:57 IST 2020]; root of context hierarchy
2020-03-23 09:17:43,608 [Mule.app.deployer.monitor.1.thread.1] INFO  org.mule.DefaultMuleContext - 
**********************************************************************
* Application "restapi" shut down normally on: 23/3/20 9:17 AM       *
* Up for: 0 days, 0 hours, 0 mins, 45.176 sec                        *
**********************************************************************
2020-03-23 09:17:43,715 [Mule.app.deployer.monitor.1.thread.1] INFO  org.mule.module.launcher.application.DefaultMuleApplication - 
++++++++++++++++++++++++++++++++++++++++++++++++++++++++++++
+ Initializing app 'restapi'                               +
++++++++++++++++++++++++++++++++++++++++++++++++++++++++++++
2020-03-23 09:17:43,723 [Mule.app.deployer.monitor.1.thread.1] INFO  org.mule.util.JdkVersionUtils - You're executing with a JDK made by a vendor that is not on the recommended list of vendors. Vendor: AdoptOpenJDK Please consider changing to a recommended JDK vendor.
2020-03-23 09:17:43,729 [Mule.app.deployer.monitor.1.thread.1] INFO  org.mule.lifecycle.AbstractLifecycleManager - Initialising RegistryBroker
2020-03-23 09:17:43,734 [Mule.app.deployer.monitor.1.thread.1] INFO  org.mule.module.extension.internal.manager.DefaultExtensionManager - Starting discovery of extensions
2020-03-23 09:17:43,744 [Mule.app.deployer.monitor.1.thread.1] INFO  org.mule.module.extension.internal.manager.DefaultExtensionManager - Discovered 1 extensions
2020-03-23 09:17:43,746 [Mule.app.deployer.monitor.1.thread.1] INFO  org.mule.module.extension.internal.manager.DefaultExtensionManager - Registering extension validation (version 3.9)
2020-03-23 09:17:43,756 [Mule.app.deployer.monitor.1.thread.1] INFO  org.mule.config.spring.MuleArtifactContext - Refreshing org.mule.config.spring.MuleArtifactContext@1dcbd5f1: startup date [Mon Mar 23 09:17:43 IST 2020]; root of context hierarchy
2020-03-23 09:17:44,206 [Mule.app.deployer.monitor.1.thread.1] INFO  org.mule.config.spring.processors.NoDevkitInjectorProcessor - JSR-330 'javax.inject.Inject' annotation found and supported for autowiring
2020-03-23 09:17:44,437 [Mule.app.deployer.monitor.1.thread.1] INFO  org.mule.util.journal.TransactionJournal - Using files for tx logs F:\gitrepo\mule\.mule\.\.mule\restapi\queue-tx-log\tx1.log and F:\gitrepo\mule\.mule\.\.mule\restapi\queue-tx-log\tx2.log
2020-03-23 09:17:44,439 [Mule.app.deployer.monitor.1.thread.1] INFO  org.mule.util.journal.TransactionJournal - Using files for tx logs F:\gitrepo\mule\.mule\.\.mule\restapi\queue-xa-tx-log\tx1.log and F:\gitrepo\mule\.mule\.\.mule\restapi\queue-xa-tx-log\tx2.log
2020-03-23 09:17:44,454 [Mule.app.deployer.monitor.1.thread.1] INFO  org.mule.lifecycle.AbstractLifecycleManager - Initialising model: _muleSystemModel
2020-03-23 09:17:44,460 [Mule.app.deployer.monitor.1.thread.1] INFO  org.mule.construct.FlowConstructLifecycleManager - Initialising flow: restapiFlow
2020-03-23 09:17:44,462 [Mule.app.deployer.monitor.1.thread.1] INFO  org.mule.exception.DefaultMessagingExceptionStrategy - Initialising exception listener: org.mule.exception.DefaultMessagingExceptionStrategy@24925fe1
2020-03-23 09:17:44,475 [Mule.app.deployer.monitor.1.thread.1] INFO  org.mule.processor.SedaStageLifecycleManager - Initialising service: restapiFlow.stage1
2020-03-23 09:17:44,531 [Mule.app.deployer.monitor.1.thread.1] INFO  org.mule.api.security.tls.TlsProperties - Loading configuration file: tls-default.conf
2020-03-23 09:17:44,538 [Mule.app.deployer.monitor.1.thread.1] INFO  org.mule.config.spring.SpringXmlConfigurationBuilder - Configured Mule using "org.mule.config.spring.SpringXmlConfigurationBuilder" with configuration resource(s): "[ConfigResource{resourceName='F:\gitrepo\mule\.mule\apps\restapi\restapi.xml'}]"
2020-03-23 09:17:44,538 [Mule.app.deployer.monitor.1.thread.1] INFO  org.mule.config.builders.AutoConfigurationBuilder - Configured Mule using "org.mule.config.builders.AutoConfigurationBuilder" with configuration resource(s): "[ConfigResource{resourceName='F:\gitrepo\mule\.mule\apps\restapi\restapi.xml'}]"
2020-03-23 09:17:44,539 [Mule.app.deployer.monitor.1.thread.1] INFO  org.mule.module.launcher.application.DefaultMuleApplication - 
++++++++++++++++++++++++++++++++++++++++++++++++++++++++++++
+ Starting app 'restapi'                                   +
++++++++++++++++++++++++++++++++++++++++++++++++++++++++++++
2020-03-23 09:17:44,542 [Mule.app.deployer.monitor.1.thread.1] INFO  org.mule.util.queue.QueueXaResourceManager - Starting ResourceManager
2020-03-23 09:17:44,542 [Mule.app.deployer.monitor.1.thread.1] INFO  org.mule.util.queue.QueueXaResourceManager - Started ResourceManager
2020-03-23 09:17:44,553 [Mule.app.deployer.monitor.1.thread.1] INFO  org.mule.module.http.internal.listener.DefaultHttpListenerConfig - Listening for requests on http://0.0.0.0:8081/mule/api
2020-03-23 09:17:44,560 [Mule.app.deployer.monitor.1.thread.1] INFO  org.mule.lifecycle.AbstractLifecycleManager - Starting model: _muleSystemModel
2020-03-23 09:17:44,562 [Mule.app.deployer.monitor.1.thread.1] INFO  org.mule.construct.FlowConstructLifecycleManager - Starting flow: restapiFlow
2020-03-23 09:17:44,562 [Mule.app.deployer.monitor.1.thread.1] INFO  org.mule.processor.SedaStageLifecycleManager - Starting service: restapiFlow.stage1
2020-03-23 09:17:44,609 [Mule.app.deployer.monitor.1.thread.1] INFO  org.mule.module.management.agent.WrapperManagerAgent - This JVM hasn't been launched by the wrapper, the agent will not run.
2020-03-23 09:17:44,624 [Mule.app.deployer.monitor.1.thread.1] INFO  org.mule.DefaultMuleContext - 
**********************************************************************
* Application: restapi                                               *
* OS encoding: \, Mule encoding: UTF-8                               *
*                                                                    *
* Agents Running:                                                    *
*   Batch module default engine                                      *
*   JMX Agent                                                        *
*   Wrapper Manager                                                  *
**********************************************************************
2020-03-23 09:18:19,645 [Mule.app.deployer.monitor.1.thread.1] INFO  org.mule.module.launcher.application.DefaultMuleApplication - 
++++++++++++++++++++++++++++++++++++++++++++++++++++++++++++
+ Stopping app 'restapi'                                   +
++++++++++++++++++++++++++++++++++++++++++++++++++++++++++++
2020-03-23 09:18:19,650 [Mule.app.deployer.monitor.1.thread.1] INFO  org.mule.construct.FlowConstructLifecycleManager - Stopping flow: restapiFlow
2020-03-23 09:18:19,651 [Mule.app.deployer.monitor.1.thread.1] INFO  org.mule.processor.SedaStageLifecycleManager - Stopping service: restapiFlow.stage1
2020-03-23 09:18:19,675 [Mule.app.deployer.monitor.1.thread.1] INFO  org.mule.lifecycle.AbstractLifecycleManager - Stopping model: _muleSystemModel
2020-03-23 09:18:19,698 [Mule.app.deployer.monitor.1.thread.1] INFO  org.mule.module.http.internal.listener.DefaultHttpListenerConfig - Stopped listener on http://0.0.0.0:8081/mule/api
2020-03-23 09:18:19,701 [Mule.app.deployer.monitor.1.thread.1] INFO  org.mule.util.queue.QueueXaResourceManager - Stopping ResourceManager
2020-03-23 09:18:19,701 [Mule.app.deployer.monitor.1.thread.1] INFO  org.mule.util.queue.QueueXaResourceManager - Stopped ResourceManager
2020-03-23 09:18:19,710 [Mule.app.deployer.monitor.1.thread.1] INFO  org.mule.module.launcher.application.DefaultMuleApplication - 
++++++++++++++++++++++++++++++++++++++++++++++++++++++++++++
+ Disposing app 'restapi'                                  +
++++++++++++++++++++++++++++++++++++++++++++++++++++++++++++
2020-03-23 09:18:19,712 [Mule.app.deployer.monitor.1.thread.1] INFO  org.mule.lifecycle.AbstractLifecycleManager - Disposing RegistryBroker
2020-03-23 09:18:19,715 [Mule.app.deployer.monitor.1.thread.1] INFO  org.mule.construct.FlowConstructLifecycleManager - Disposing flow: restapiFlow
2020-03-23 09:18:19,716 [Mule.app.deployer.monitor.1.thread.1] INFO  org.mule.processor.SedaStageLifecycleManager - Disposing service: restapiFlow.stage1
2020-03-23 09:18:19,718 [Mule.app.deployer.monitor.1.thread.1] INFO  org.mule.lifecycle.AbstractLifecycleManager - Disposing model: _muleSystemModel
2020-03-23 09:18:19,748 [Mule.app.deployer.monitor.1.thread.1] INFO  org.mule.config.spring.MuleArtifactContext - Closing org.mule.config.spring.MuleArtifactContext@1dcbd5f1: startup date [Mon Mar 23 09:17:43 IST 2020]; root of context hierarchy
2020-03-23 09:18:19,754 [Mule.app.deployer.monitor.1.thread.1] INFO  org.mule.DefaultMuleContext - 
**********************************************************************
* Application "restapi" shut down normally on: 23/3/20 9:18 AM       *
* Up for: 0 days, 0 hours, 0 mins, 35.214 sec                        *
**********************************************************************
2020-03-23 09:18:20,086 [Mule.app.deployer.monitor.1.thread.1] INFO  org.mule.module.launcher.application.DefaultMuleApplication - 
++++++++++++++++++++++++++++++++++++++++++++++++++++++++++++
+ Initializing app 'restapi'                               +
++++++++++++++++++++++++++++++++++++++++++++++++++++++++++++
2020-03-23 09:18:20,095 [Mule.app.deployer.monitor.1.thread.1] INFO  org.mule.util.JdkVersionUtils - You're executing with a JDK made by a vendor that is not on the recommended list of vendors. Vendor: AdoptOpenJDK Please consider changing to a recommended JDK vendor.
2020-03-23 09:18:20,104 [Mule.app.deployer.monitor.1.thread.1] INFO  org.mule.lifecycle.AbstractLifecycleManager - Initialising RegistryBroker
2020-03-23 09:18:20,112 [Mule.app.deployer.monitor.1.thread.1] INFO  org.mule.module.extension.internal.manager.DefaultExtensionManager - Starting discovery of extensions
2020-03-23 09:18:20,151 [Mule.app.deployer.monitor.1.thread.1] INFO  org.mule.module.extension.internal.manager.DefaultExtensionManager - Discovered 1 extensions
2020-03-23 09:18:20,151 [Mule.app.deployer.monitor.1.thread.1] INFO  org.mule.module.extension.internal.manager.DefaultExtensionManager - Registering extension validation (version 3.9)
2020-03-23 09:18:20,154 [Mule.app.deployer.monitor.1.thread.1] INFO  org.mule.config.spring.MuleArtifactContext - Refreshing org.mule.config.spring.MuleArtifactContext@69f7e2df: startup date [Mon Mar 23 09:18:20 IST 2020]; root of context hierarchy
2020-03-23 09:18:20,870 [Mule.app.deployer.monitor.1.thread.1] INFO  org.mule.config.spring.processors.NoDevkitInjectorProcessor - JSR-330 'javax.inject.Inject' annotation found and supported for autowiring
2020-03-23 09:18:21,019 [Mule.app.deployer.monitor.1.thread.1] INFO  org.mule.util.journal.TransactionJournal - Using files for tx logs F:\gitrepo\mule\.mule\.\.mule\restapi\queue-tx-log\tx1.log and F:\gitrepo\mule\.mule\.\.mule\restapi\queue-tx-log\tx2.log
2020-03-23 09:18:21,020 [Mule.app.deployer.monitor.1.thread.1] INFO  org.mule.util.journal.TransactionJournal - Using files for tx logs F:\gitrepo\mule\.mule\.\.mule\restapi\queue-xa-tx-log\tx1.log and F:\gitrepo\mule\.mule\.\.mule\restapi\queue-xa-tx-log\tx2.log
2020-03-23 09:18:21,031 [Mule.app.deployer.monitor.1.thread.1] INFO  org.mule.lifecycle.AbstractLifecycleManager - Initialising model: _muleSystemModel
2020-03-23 09:18:21,032 [Mule.app.deployer.monitor.1.thread.1] INFO  org.mule.construct.FlowConstructLifecycleManager - Initialising flow: restapiFlow
2020-03-23 09:18:21,032 [Mule.app.deployer.monitor.1.thread.1] INFO  org.mule.exception.DefaultMessagingExceptionStrategy - Initialising exception listener: org.mule.exception.DefaultMessagingExceptionStrategy@38d3be8a
2020-03-23 09:18:21,043 [Mule.app.deployer.monitor.1.thread.1] INFO  org.mule.processor.SedaStageLifecycleManager - Initialising service: restapiFlow.stage1
2020-03-23 09:18:21,064 [Mule.app.deployer.monitor.1.thread.1] INFO  org.mule.api.security.tls.TlsProperties - Loading configuration file: tls-default.conf
2020-03-23 09:18:21,069 [Mule.app.deployer.monitor.1.thread.1] INFO  org.mule.config.spring.SpringXmlConfigurationBuilder - Configured Mule using "org.mule.config.spring.SpringXmlConfigurationBuilder" with configuration resource(s): "[ConfigResource{resourceName='F:\gitrepo\mule\.mule\apps\restapi\restapi.xml'}]"
2020-03-23 09:18:21,069 [Mule.app.deployer.monitor.1.thread.1] INFO  org.mule.config.builders.AutoConfigurationBuilder - Configured Mule using "org.mule.config.builders.AutoConfigurationBuilder" with configuration resource(s): "[ConfigResource{resourceName='F:\gitrepo\mule\.mule\apps\restapi\restapi.xml'}]"
2020-03-23 09:18:21,071 [Mule.app.deployer.monitor.1.thread.1] INFO  org.mule.module.launcher.application.DefaultMuleApplication - 
++++++++++++++++++++++++++++++++++++++++++++++++++++++++++++
+ Starting app 'restapi'                                   +
++++++++++++++++++++++++++++++++++++++++++++++++++++++++++++
2020-03-23 09:18:21,076 [Mule.app.deployer.monitor.1.thread.1] INFO  org.mule.util.queue.QueueXaResourceManager - Starting ResourceManager
2020-03-23 09:18:21,076 [Mule.app.deployer.monitor.1.thread.1] INFO  org.mule.util.queue.QueueXaResourceManager - Started ResourceManager
2020-03-23 09:18:21,094 [Mule.app.deployer.monitor.1.thread.1] INFO  org.mule.module.http.internal.listener.DefaultHttpListenerConfig - Listening for requests on http://0.0.0.0:8081/mule/api
2020-03-23 09:18:21,099 [Mule.app.deployer.monitor.1.thread.1] INFO  org.mule.lifecycle.AbstractLifecycleManager - Starting model: _muleSystemModel
2020-03-23 09:18:21,100 [Mule.app.deployer.monitor.1.thread.1] INFO  org.mule.construct.FlowConstructLifecycleManager - Starting flow: restapiFlow
2020-03-23 09:18:21,100 [Mule.app.deployer.monitor.1.thread.1] INFO  org.mule.processor.SedaStageLifecycleManager - Starting service: restapiFlow.stage1
2020-03-23 09:18:21,122 [Mule.app.deployer.monitor.1.thread.1] INFO  org.mule.module.management.agent.WrapperManagerAgent - This JVM hasn't been launched by the wrapper, the agent will not run.
2020-03-23 09:18:21,129 [Mule.app.deployer.monitor.1.thread.1] INFO  org.mule.DefaultMuleContext - 
**********************************************************************
* Application: restapi                                               *
* OS encoding: \, Mule encoding: UTF-8                               *
*                                                                    *
* Agents Running:                                                    *
*   Batch module default engine                                      *
*   JMX Agent                                                        *
*   Wrapper Manager                                                  *
**********************************************************************
2020-03-23 09:25:51,333 [Mule.app.deployer.monitor.1.thread.1] INFO  org.mule.module.launcher.application.DefaultMuleApplication - 
++++++++++++++++++++++++++++++++++++++++++++++++++++++++++++
+ Stopping app 'restapi'                                   +
++++++++++++++++++++++++++++++++++++++++++++++++++++++++++++
2020-03-23 09:25:51,337 [Mule.app.deployer.monitor.1.thread.1] INFO  org.mule.construct.FlowConstructLifecycleManager - Stopping flow: restapiFlow
2020-03-23 09:25:51,337 [Mule.app.deployer.monitor.1.thread.1] INFO  org.mule.processor.SedaStageLifecycleManager - Stopping service: restapiFlow.stage1
2020-03-23 09:25:51,454 [Mule.app.deployer.monitor.1.thread.1] INFO  org.mule.lifecycle.AbstractLifecycleManager - Stopping model: _muleSystemModel
2020-03-23 09:25:51,462 [Mule.app.deployer.monitor.1.thread.1] INFO  org.mule.module.http.internal.listener.DefaultHttpListenerConfig - Stopped listener on http://0.0.0.0:8081/mule/api
2020-03-23 09:25:51,466 [Mule.app.deployer.monitor.1.thread.1] INFO  org.mule.util.queue.QueueXaResourceManager - Stopping ResourceManager
2020-03-23 09:25:51,466 [Mule.app.deployer.monitor.1.thread.1] INFO  org.mule.util.queue.QueueXaResourceManager - Stopped ResourceManager
2020-03-23 09:25:51,478 [Mule.app.deployer.monitor.1.thread.1] INFO  org.mule.module.launcher.application.DefaultMuleApplication - 
++++++++++++++++++++++++++++++++++++++++++++++++++++++++++++
+ Disposing app 'restapi'                                  +
++++++++++++++++++++++++++++++++++++++++++++++++++++++++++++
2020-03-23 09:25:51,479 [Mule.app.deployer.monitor.1.thread.1] INFO  org.mule.lifecycle.AbstractLifecycleManager - Disposing RegistryBroker
2020-03-23 09:25:51,481 [Mule.app.deployer.monitor.1.thread.1] INFO  org.mule.construct.FlowConstructLifecycleManager - Disposing flow: restapiFlow
2020-03-23 09:25:51,481 [Mule.app.deployer.monitor.1.thread.1] INFO  org.mule.processor.SedaStageLifecycleManager - Disposing service: restapiFlow.stage1
2020-03-23 09:25:51,483 [Mule.app.deployer.monitor.1.thread.1] INFO  org.mule.lifecycle.AbstractLifecycleManager - Disposing model: _muleSystemModel
2020-03-23 09:25:51,504 [Mule.app.deployer.monitor.1.thread.1] INFO  org.mule.config.spring.MuleArtifactContext - Closing org.mule.config.spring.MuleArtifactContext@69f7e2df: startup date [Mon Mar 23 09:18:20 IST 2020]; root of context hierarchy
2020-03-23 09:25:51,506 [Mule.app.deployer.monitor.1.thread.1] INFO  org.mule.DefaultMuleContext - 
**********************************************************************
* Application "restapi" shut down normally on: 23/3/20 9:25 AM       *
* Up for: 0 days, 0 hours, 7 mins, 30.435 sec                        *
**********************************************************************
2020-03-23 09:25:51,563 [Mule.app.deployer.monitor.1.thread.1] INFO  org.mule.module.launcher.application.DefaultMuleApplication - 
++++++++++++++++++++++++++++++++++++++++++++++++++++++++++++
+ Initializing app 'restapi'                               +
++++++++++++++++++++++++++++++++++++++++++++++++++++++++++++
2020-03-23 09:25:51,569 [Mule.app.deployer.monitor.1.thread.1] INFO  org.mule.util.JdkVersionUtils - You're executing with a JDK made by a vendor that is not on the recommended list of vendors. Vendor: AdoptOpenJDK Please consider changing to a recommended JDK vendor.
2020-03-23 09:25:51,571 [Mule.app.deployer.monitor.1.thread.1] INFO  org.mule.lifecycle.AbstractLifecycleManager - Initialising RegistryBroker
2020-03-23 09:25:51,575 [Mule.app.deployer.monitor.1.thread.1] INFO  org.mule.module.extension.internal.manager.DefaultExtensionManager - Starting discovery of extensions
2020-03-23 09:25:51,584 [Mule.app.deployer.monitor.1.thread.1] INFO  org.mule.module.extension.internal.manager.DefaultExtensionManager - Discovered 1 extensions
2020-03-23 09:25:51,584 [Mule.app.deployer.monitor.1.thread.1] INFO  org.mule.module.extension.internal.manager.DefaultExtensionManager - Registering extension validation (version 3.9)
2020-03-23 09:25:51,586 [Mule.app.deployer.monitor.1.thread.1] INFO  org.mule.config.spring.MuleArtifactContext - Refreshing org.mule.config.spring.MuleArtifactContext@759e7862: startup date [Mon Mar 23 09:25:51 IST 2020]; root of context hierarchy
2020-03-23 09:25:51,758 [Mule.app.deployer.monitor.1.thread.1] INFO  org.mule.config.spring.processors.NoDevkitInjectorProcessor - JSR-330 'javax.inject.Inject' annotation found and supported for autowiring
2020-03-23 09:25:51,846 [Mule.app.deployer.monitor.1.thread.1] INFO  org.mule.util.journal.TransactionJournal - Using files for tx logs F:\gitrepo\mule\.mule\.\.mule\restapi\queue-tx-log\tx1.log and F:\gitrepo\mule\.mule\.\.mule\restapi\queue-tx-log\tx2.log
2020-03-23 09:25:51,847 [Mule.app.deployer.monitor.1.thread.1] INFO  org.mule.util.journal.TransactionJournal - Using files for tx logs F:\gitrepo\mule\.mule\.\.mule\restapi\queue-xa-tx-log\tx1.log and F:\gitrepo\mule\.mule\.\.mule\restapi\queue-xa-tx-log\tx2.log
2020-03-23 09:25:51,855 [Mule.app.deployer.monitor.1.thread.1] INFO  org.mule.lifecycle.AbstractLifecycleManager - Initialising model: _muleSystemModel
2020-03-23 09:25:51,856 [Mule.app.deployer.monitor.1.thread.1] INFO  org.mule.construct.FlowConstructLifecycleManager - Initialising flow: restapiFlow
2020-03-23 09:25:51,856 [Mule.app.deployer.monitor.1.thread.1] INFO  org.mule.exception.DefaultMessagingExceptionStrategy - Initialising exception listener: org.mule.exception.DefaultMessagingExceptionStrategy@7faa5c46
2020-03-23 09:25:51,861 [Mule.app.deployer.monitor.1.thread.1] INFO  org.mule.processor.SedaStageLifecycleManager - Initialising service: restapiFlow.stage1
2020-03-23 09:25:51,876 [Mule.app.deployer.monitor.1.thread.1] INFO  org.mule.api.security.tls.TlsProperties - Loading configuration file: tls-default.conf
2020-03-23 09:25:51,883 [Mule.app.deployer.monitor.1.thread.1] INFO  org.mule.config.spring.SpringXmlConfigurationBuilder - Configured Mule using "org.mule.config.spring.SpringXmlConfigurationBuilder" with configuration resource(s): "[ConfigResource{resourceName='F:\gitrepo\mule\.mule\apps\restapi\restapi.xml'}]"
2020-03-23 09:25:51,883 [Mule.app.deployer.monitor.1.thread.1] INFO  org.mule.config.builders.AutoConfigurationBuilder - Configured Mule using "org.mule.config.builders.AutoConfigurationBuilder" with configuration resource(s): "[ConfigResource{resourceName='F:\gitrepo\mule\.mule\apps\restapi\restapi.xml'}]"
2020-03-23 09:25:51,885 [Mule.app.deployer.monitor.1.thread.1] INFO  org.mule.module.launcher.application.DefaultMuleApplication - 
++++++++++++++++++++++++++++++++++++++++++++++++++++++++++++
+ Starting app 'restapi'                                   +
++++++++++++++++++++++++++++++++++++++++++++++++++++++++++++
2020-03-23 09:25:51,888 [Mule.app.deployer.monitor.1.thread.1] INFO  org.mule.util.queue.QueueXaResourceManager - Starting ResourceManager
2020-03-23 09:25:51,889 [Mule.app.deployer.monitor.1.thread.1] INFO  org.mule.util.queue.QueueXaResourceManager - Started ResourceManager
2020-03-23 09:25:51,906 [Mule.app.deployer.monitor.1.thread.1] INFO  org.mule.module.http.internal.listener.DefaultHttpListenerConfig - Listening for requests on http://0.0.0.0:8081/mule/api
2020-03-23 09:25:51,910 [Mule.app.deployer.monitor.1.thread.1] INFO  org.mule.lifecycle.AbstractLifecycleManager - Starting model: _muleSystemModel
2020-03-23 09:25:51,911 [Mule.app.deployer.monitor.1.thread.1] INFO  org.mule.construct.FlowConstructLifecycleManager - Starting flow: restapiFlow
2020-03-23 09:25:51,911 [Mule.app.deployer.monitor.1.thread.1] INFO  org.mule.processor.SedaStageLifecycleManager - Starting service: restapiFlow.stage1
2020-03-23 09:25:51,934 [Mule.app.deployer.monitor.1.thread.1] INFO  org.mule.module.management.agent.WrapperManagerAgent - This JVM hasn't been launched by the wrapper, the agent will not run.
2020-03-23 09:25:51,938 [Mule.app.deployer.monitor.1.thread.1] INFO  org.mule.DefaultMuleContext - 
**********************************************************************
* Application: restapi                                               *
* OS encoding: \, Mule encoding: UTF-8                               *
*                                                                    *
* Agents Running:                                                    *
*   Batch module default engine                                      *
*   JMX Agent                                                        *
*   Wrapper Manager                                                  *
**********************************************************************
